<?xml version="1.0" encoding="UTF-8"?>
<testsuite xmlns:xsi="http://www.w3.org/2001/XMLSchema-instance" xsi:noNamespaceSchemaLocation="https://maven.apache.org/surefire/maven-surefire-plugin/xsd/surefire-test-report-3.0.xsd" version="3.0" name="TestSuite" time="14.854" tests="18" errors="0" skipped="0" failures="18">
  <properties>
    <property name="sun.desktop" value="windows"/>
    <property name="awt.toolkit" value="sun.awt.windows.WToolkit"/>
    <property name="java.specification.version" value="11"/>
    <property name="sun.cpu.isalist" value="amd64"/>
    <property name="sun.jnu.encoding" value="Cp1252"/>
    <property name="java.class.path" value="D:\Ahmed Nagiub\AutomationPractice\target\test-classes;D:\Ahmed Nagiub\AutomationPractice\target\classes;C:\Users\V19ANaguib1\.m2\repository\org\seleniumhq\selenium\selenium-java\3.141.59\selenium-java-3.141.59.jar;C:\Users\V19ANaguib1\.m2\repository\org\seleniumhq\selenium\selenium-api\3.141.59\selenium-api-3.141.59.jar;C:\Users\V19ANaguib1\.m2\repository\org\seleniumhq\selenium\selenium-chrome-driver\3.141.59\selenium-chrome-driver-3.141.59.jar;C:\Users\V19ANaguib1\.m2\repository\org\seleniumhq\selenium\selenium-edge-driver\3.141.59\selenium-edge-driver-3.141.59.jar;C:\Users\V19ANaguib1\.m2\repository\org\seleniumhq\selenium\selenium-firefox-driver\3.141.59\selenium-firefox-driver-3.141.59.jar;C:\Users\V19ANaguib1\.m2\repository\org\seleniumhq\selenium\selenium-ie-driver\3.141.59\selenium-ie-driver-3.141.59.jar;C:\Users\V19ANaguib1\.m2\repository\org\seleniumhq\selenium\selenium-opera-driver\3.141.59\selenium-opera-driver-3.141.59.jar;C:\Users\V19ANaguib1\.m2\repository\org\seleniumhq\selenium\selenium-remote-driver\3.141.59\selenium-remote-driver-3.141.59.jar;C:\Users\V19ANaguib1\.m2\repository\org\seleniumhq\selenium\selenium-safari-driver\3.141.59\selenium-safari-driver-3.141.59.jar;C:\Users\V19ANaguib1\.m2\repository\org\seleniumhq\selenium\selenium-support\3.141.59\selenium-support-3.141.59.jar;C:\Users\V19ANaguib1\.m2\repository\net\bytebuddy\byte-buddy\1.8.15\byte-buddy-1.8.15.jar;C:\Users\V19ANaguib1\.m2\repository\org\apache\commons\commons-exec\1.3\commons-exec-1.3.jar;C:\Users\V19ANaguib1\.m2\repository\com\google\guava\guava\25.0-jre\guava-25.0-jre.jar;C:\Users\V19ANaguib1\.m2\repository\com\google\code\findbugs\jsr305\1.3.9\jsr305-1.3.9.jar;C:\Users\V19ANaguib1\.m2\repository\org\checkerframework\checker-compat-qual\2.0.0\checker-compat-qual-2.0.0.jar;C:\Users\V19ANaguib1\.m2\repository\com\google\errorprone\error_prone_annotations\2.1.3\error_prone_annotations-2.1.3.jar;C:\Users\V19ANaguib1\.m2\repository\com\google\j2objc\j2objc-annotations\1.1\j2objc-annotations-1.1.jar;C:\Users\V19ANaguib1\.m2\repository\org\codehaus\mojo\animal-sniffer-annotations\1.14\animal-sniffer-annotations-1.14.jar;C:\Users\V19ANaguib1\.m2\repository\com\squareup\okhttp3\okhttp\3.11.0\okhttp-3.11.0.jar;C:\Users\V19ANaguib1\.m2\repository\com\squareup\okio\okio\1.14.0\okio-1.14.0.jar;C:\Users\V19ANaguib1\.m2\repository\org\picocontainer\picocontainer\2.14.3\picocontainer-2.14.3.jar;C:\Users\V19ANaguib1\.m2\repository\io\github\bonigarcia\webdrivermanager\4.3.1\webdrivermanager-4.3.1.jar;C:\Users\V19ANaguib1\.m2\repository\org\slf4j\slf4j-api\1.7.30\slf4j-api-1.7.30.jar;C:\Users\V19ANaguib1\.m2\repository\commons-io\commons-io\2.8.0\commons-io-2.8.0.jar;C:\Users\V19ANaguib1\.m2\repository\com\google\code\gson\gson\2.8.6\gson-2.8.6.jar;C:\Users\V19ANaguib1\.m2\repository\org\apache\commons\commons-lang3\3.11\commons-lang3-3.11.jar;C:\Users\V19ANaguib1\.m2\repository\org\apache\httpcomponents\client5\httpclient5\5.0.3\httpclient5-5.0.3.jar;C:\Users\V19ANaguib1\.m2\repository\org\apache\httpcomponents\core5\httpcore5\5.0.2\httpcore5-5.0.2.jar;C:\Users\V19ANaguib1\.m2\repository\org\apache\httpcomponents\core5\httpcore5-h2\5.0.2\httpcore5-h2-5.0.2.jar;C:\Users\V19ANaguib1\.m2\repository\org\rauschig\jarchivelib\1.1.0\jarchivelib-1.1.0.jar;C:\Users\V19ANaguib1\.m2\repository\org\jsoup\jsoup\1.13.1\jsoup-1.13.1.jar;C:\Users\V19ANaguib1\.m2\repository\org\testng\testng\6.8\testng-6.8.jar;C:\Users\V19ANaguib1\.m2\repository\junit\junit\4.10\junit-4.10.jar;C:\Users\V19ANaguib1\.m2\repository\org\hamcrest\hamcrest-core\1.1\hamcrest-core-1.1.jar;C:\Users\V19ANaguib1\.m2\repository\org\beanshell\bsh\2.0b4\bsh-2.0b4.jar;C:\Users\V19ANaguib1\.m2\repository\com\beust\jcommander\1.27\jcommander-1.27.jar;C:\Users\V19ANaguib1\.m2\repository\org\yaml\snakeyaml\1.6\snakeyaml-1.6.jar;C:\Users\V19ANaguib1\.m2\repository\io\appium\java-client\7.0.0\java-client-7.0.0.jar;C:\Users\V19ANaguib1\.m2\repository\org\apache\httpcomponents\httpclient\4.5.6\httpclient-4.5.6.jar;C:\Users\V19ANaguib1\.m2\repository\org\apache\httpcomponents\httpcore\4.4.10\httpcore-4.4.10.jar;C:\Users\V19ANaguib1\.m2\repository\commons-logging\commons-logging\1.2\commons-logging-1.2.jar;C:\Users\V19ANaguib1\.m2\repository\cglib\cglib\3.2.8\cglib-3.2.8.jar;C:\Users\V19ANaguib1\.m2\repository\org\ow2\asm\asm\6.2.1\asm-6.2.1.jar;C:\Users\V19ANaguib1\.m2\repository\org\apache\ant\ant\1.10.3\ant-1.10.3.jar;C:\Users\V19ANaguib1\.m2\repository\org\apache\ant\ant-launcher\1.10.3\ant-launcher-1.10.3.jar;C:\Users\V19ANaguib1\.m2\repository\commons-validator\commons-validator\1.6\commons-validator-1.6.jar;C:\Users\V19ANaguib1\.m2\repository\commons-beanutils\commons-beanutils\1.9.2\commons-beanutils-1.9.2.jar;C:\Users\V19ANaguib1\.m2\repository\commons-digester\commons-digester\1.8.1\commons-digester-1.8.1.jar;C:\Users\V19ANaguib1\.m2\repository\commons-collections\commons-collections\3.2.2\commons-collections-3.2.2.jar;C:\Users\V19ANaguib1\.m2\repository\org\springframework\spring-context\5.1.0.RELEASE\spring-context-5.1.0.RELEASE.jar;C:\Users\V19ANaguib1\.m2\repository\org\springframework\spring-aop\5.1.0.RELEASE\spring-aop-5.1.0.RELEASE.jar;C:\Users\V19ANaguib1\.m2\repository\org\springframework\spring-beans\5.1.0.RELEASE\spring-beans-5.1.0.RELEASE.jar;C:\Users\V19ANaguib1\.m2\repository\org\springframework\spring-core\5.1.0.RELEASE\spring-core-5.1.0.RELEASE.jar;C:\Users\V19ANaguib1\.m2\repository\org\springframework\spring-jcl\5.1.0.RELEASE\spring-jcl-5.1.0.RELEASE.jar;C:\Users\V19ANaguib1\.m2\repository\org\springframework\spring-expression\5.1.0.RELEASE\spring-expression-5.1.0.RELEASE.jar;C:\Users\V19ANaguib1\.m2\repository\org\aspectj\aspectjweaver\1.9.1\aspectjweaver-1.9.1.jar;C:\Users\V19ANaguib1\.m2\repository\org\apache\poi\poi\4.1.0\poi-4.1.0.jar;C:\Users\V19ANaguib1\.m2\repository\commons-codec\commons-codec\1.12\commons-codec-1.12.jar;C:\Users\V19ANaguib1\.m2\repository\org\apache\commons\commons-collections4\4.3\commons-collections4-4.3.jar;C:\Users\V19ANaguib1\.m2\repository\org\apache\commons\commons-math3\3.6.1\commons-math3-3.6.1.jar;C:\Users\V19ANaguib1\.m2\repository\org\apache\poi\poi-ooxml\4.1.0\poi-ooxml-4.1.0.jar;C:\Users\V19ANaguib1\.m2\repository\org\apache\poi\poi-ooxml-schemas\4.1.0\poi-ooxml-schemas-4.1.0.jar;C:\Users\V19ANaguib1\.m2\repository\org\apache\xmlbeans\xmlbeans\3.1.0\xmlbeans-3.1.0.jar;C:\Users\V19ANaguib1\.m2\repository\org\apache\commons\commons-compress\1.18\commons-compress-1.18.jar;C:\Users\V19ANaguib1\.m2\repository\com\github\virtuald\curvesapi\1.06\curvesapi-1.06.jar;C:\Users\V19ANaguib1\.m2\repository\com\relevantcodes\extentreports\2.41.2\extentreports-2.41.2.jar;C:\Users\V19ANaguib1\.m2\repository\org\xerial\sqlite-jdbc\3.8.11.1\sqlite-jdbc-3.8.11.1.jar;C:\Users\V19ANaguib1\.m2\repository\org\freemarker\freemarker\2.3.23\freemarker-2.3.23.jar;C:\Users\V19ANaguib1\.m2\repository\org\mongodb\mongodb-driver\3.0.4\mongodb-driver-3.0.4.jar;C:\Users\V19ANaguib1\.m2\repository\org\mongodb\bson\3.0.4\bson-3.0.4.jar;C:\Users\V19ANaguib1\.m2\repository\org\mongodb\mongodb-driver-core\3.0.4\mongodb-driver-core-3.0.4.jar;C:\Users\V19ANaguib1\.m2\repository\io\cucumber\cucumber-core\6.3.0\cucumber-core-6.3.0.jar;C:\Users\V19ANaguib1\.m2\repository\io\cucumber\cucumber-gherkin\6.3.0\cucumber-gherkin-6.3.0.jar;C:\Users\V19ANaguib1\.m2\repository\io\cucumber\cucumber-gherkin-messages\6.3.0\cucumber-gherkin-messages-6.3.0.jar;C:\Users\V19ANaguib1\.m2\repository\io\cucumber\tag-expressions\3.0.0\tag-expressions-3.0.0.jar;C:\Users\V19ANaguib1\.m2\repository\io\cucumber\cucumber-expressions\10.2.1\cucumber-expressions-10.2.1.jar;C:\Users\V19ANaguib1\.m2\repository\io\cucumber\datatable\3.3.1\datatable-3.3.1.jar;C:\Users\V19ANaguib1\.m2\repository\io\cucumber\cucumber-plugin\6.3.0\cucumber-plugin-6.3.0.jar;C:\Users\V19ANaguib1\.m2\repository\io\cucumber\docstring\6.3.0\docstring-6.3.0.jar;C:\Users\V19ANaguib1\.m2\repository\io\cucumber\html-formatter\7.0.0\html-formatter-7.0.0.jar;C:\Users\V19ANaguib1\.m2\repository\org\apiguardian\apiguardian-api\1.1.0\apiguardian-api-1.1.0.jar;C:\Users\V19ANaguib1\.m2\repository\io\cucumber\cucumber-java\6.3.0\cucumber-java-6.3.0.jar;C:\Users\V19ANaguib1\.m2\repository\io\cucumber\cucumber-testng\6.3.0\cucumber-testng-6.3.0.jar;C:\Users\V19ANaguib1\.m2\repository\io\cucumber\gherkin\15.0.0\gherkin-15.0.0.jar;C:\Users\V19ANaguib1\.m2\repository\io\cucumber\messages\13.2.1\messages-13.2.1.jar;"/>
    <property name="java.vm.vendor" value="JetBrains s.r.o."/>
    <property name="sun.arch.data.model" value="64"/>
    <property name="user.variant" value=""/>
    <property name="java.vendor.url" value="https://openjdk.java.net/"/>
    <property name="user.timezone" value="Africa/Cairo"/>
    <property name="java.vm.specification.version" value="11"/>
    <property name="os.name" value="Windows 10"/>
    <property name="sun.java.launcher" value="SUN_STANDARD"/>
    <property name="user.country" value="US"/>
    <property name="sun.boot.library.path" value="C:\Users\V19ANaguib1\AppData\Local\JetBrains\IntelliJ IDEA Community Edition 2019.2.4\jbr\bin"/>
    <property name="sun.java.command" value="C:\Users\V19ANaguib1\AppData\Local\Temp\surefire2132893817520235242\surefirebooter2326795759948053780.jar C:\Users\V19ANaguib1\AppData\Local\Temp\surefire2132893817520235242 2021-08-18T15-03-05_837-jvmRun1 surefire13264209393202639238tmp surefire_011314824977554906359tmp"/>
    <property name="jdk.debug" value="release"/>
    <property name="surefire.test.class.path" value="D:\Ahmed Nagiub\AutomationPractice\target\test-classes;D:\Ahmed Nagiub\AutomationPractice\target\classes;C:\Users\V19ANaguib1\.m2\repository\org\seleniumhq\selenium\selenium-java\3.141.59\selenium-java-3.141.59.jar;C:\Users\V19ANaguib1\.m2\repository\org\seleniumhq\selenium\selenium-api\3.141.59\selenium-api-3.141.59.jar;C:\Users\V19ANaguib1\.m2\repository\org\seleniumhq\selenium\selenium-chrome-driver\3.141.59\selenium-chrome-driver-3.141.59.jar;C:\Users\V19ANaguib1\.m2\repository\org\seleniumhq\selenium\selenium-edge-driver\3.141.59\selenium-edge-driver-3.141.59.jar;C:\Users\V19ANaguib1\.m2\repository\org\seleniumhq\selenium\selenium-firefox-driver\3.141.59\selenium-firefox-driver-3.141.59.jar;C:\Users\V19ANaguib1\.m2\repository\org\seleniumhq\selenium\selenium-ie-driver\3.141.59\selenium-ie-driver-3.141.59.jar;C:\Users\V19ANaguib1\.m2\repository\org\seleniumhq\selenium\selenium-opera-driver\3.141.59\selenium-opera-driver-3.141.59.jar;C:\Users\V19ANaguib1\.m2\repository\org\seleniumhq\selenium\selenium-remote-driver\3.141.59\selenium-remote-driver-3.141.59.jar;C:\Users\V19ANaguib1\.m2\repository\org\seleniumhq\selenium\selenium-safari-driver\3.141.59\selenium-safari-driver-3.141.59.jar;C:\Users\V19ANaguib1\.m2\repository\org\seleniumhq\selenium\selenium-support\3.141.59\selenium-support-3.141.59.jar;C:\Users\V19ANaguib1\.m2\repository\net\bytebuddy\byte-buddy\1.8.15\byte-buddy-1.8.15.jar;C:\Users\V19ANaguib1\.m2\repository\org\apache\commons\commons-exec\1.3\commons-exec-1.3.jar;C:\Users\V19ANaguib1\.m2\repository\com\google\guava\guava\25.0-jre\guava-25.0-jre.jar;C:\Users\V19ANaguib1\.m2\repository\com\google\code\findbugs\jsr305\1.3.9\jsr305-1.3.9.jar;C:\Users\V19ANaguib1\.m2\repository\org\checkerframework\checker-compat-qual\2.0.0\checker-compat-qual-2.0.0.jar;C:\Users\V19ANaguib1\.m2\repository\com\google\errorprone\error_prone_annotations\2.1.3\error_prone_annotations-2.1.3.jar;C:\Users\V19ANaguib1\.m2\repository\com\google\j2objc\j2objc-annotations\1.1\j2objc-annotations-1.1.jar;C:\Users\V19ANaguib1\.m2\repository\org\codehaus\mojo\animal-sniffer-annotations\1.14\animal-sniffer-annotations-1.14.jar;C:\Users\V19ANaguib1\.m2\repository\com\squareup\okhttp3\okhttp\3.11.0\okhttp-3.11.0.jar;C:\Users\V19ANaguib1\.m2\repository\com\squareup\okio\okio\1.14.0\okio-1.14.0.jar;C:\Users\V19ANaguib1\.m2\repository\org\picocontainer\picocontainer\2.14.3\picocontainer-2.14.3.jar;C:\Users\V19ANaguib1\.m2\repository\io\github\bonigarcia\webdrivermanager\4.3.1\webdrivermanager-4.3.1.jar;C:\Users\V19ANaguib1\.m2\repository\org\slf4j\slf4j-api\1.7.30\slf4j-api-1.7.30.jar;C:\Users\V19ANaguib1\.m2\repository\commons-io\commons-io\2.8.0\commons-io-2.8.0.jar;C:\Users\V19ANaguib1\.m2\repository\com\google\code\gson\gson\2.8.6\gson-2.8.6.jar;C:\Users\V19ANaguib1\.m2\repository\org\apache\commons\commons-lang3\3.11\commons-lang3-3.11.jar;C:\Users\V19ANaguib1\.m2\repository\org\apache\httpcomponents\client5\httpclient5\5.0.3\httpclient5-5.0.3.jar;C:\Users\V19ANaguib1\.m2\repository\org\apache\httpcomponents\core5\httpcore5\5.0.2\httpcore5-5.0.2.jar;C:\Users\V19ANaguib1\.m2\repository\org\apache\httpcomponents\core5\httpcore5-h2\5.0.2\httpcore5-h2-5.0.2.jar;C:\Users\V19ANaguib1\.m2\repository\org\rauschig\jarchivelib\1.1.0\jarchivelib-1.1.0.jar;C:\Users\V19ANaguib1\.m2\repository\org\jsoup\jsoup\1.13.1\jsoup-1.13.1.jar;C:\Users\V19ANaguib1\.m2\repository\org\testng\testng\6.8\testng-6.8.jar;C:\Users\V19ANaguib1\.m2\repository\junit\junit\4.10\junit-4.10.jar;C:\Users\V19ANaguib1\.m2\repository\org\hamcrest\hamcrest-core\1.1\hamcrest-core-1.1.jar;C:\Users\V19ANaguib1\.m2\repository\org\beanshell\bsh\2.0b4\bsh-2.0b4.jar;C:\Users\V19ANaguib1\.m2\repository\com\beust\jcommander\1.27\jcommander-1.27.jar;C:\Users\V19ANaguib1\.m2\repository\org\yaml\snakeyaml\1.6\snakeyaml-1.6.jar;C:\Users\V19ANaguib1\.m2\repository\io\appium\java-client\7.0.0\java-client-7.0.0.jar;C:\Users\V19ANaguib1\.m2\repository\org\apache\httpcomponents\httpclient\4.5.6\httpclient-4.5.6.jar;C:\Users\V19ANaguib1\.m2\repository\org\apache\httpcomponents\httpcore\4.4.10\httpcore-4.4.10.jar;C:\Users\V19ANaguib1\.m2\repository\commons-logging\commons-logging\1.2\commons-logging-1.2.jar;C:\Users\V19ANaguib1\.m2\repository\cglib\cglib\3.2.8\cglib-3.2.8.jar;C:\Users\V19ANaguib1\.m2\repository\org\ow2\asm\asm\6.2.1\asm-6.2.1.jar;C:\Users\V19ANaguib1\.m2\repository\org\apache\ant\ant\1.10.3\ant-1.10.3.jar;C:\Users\V19ANaguib1\.m2\repository\org\apache\ant\ant-launcher\1.10.3\ant-launcher-1.10.3.jar;C:\Users\V19ANaguib1\.m2\repository\commons-validator\commons-validator\1.6\commons-validator-1.6.jar;C:\Users\V19ANaguib1\.m2\repository\commons-beanutils\commons-beanutils\1.9.2\commons-beanutils-1.9.2.jar;C:\Users\V19ANaguib1\.m2\repository\commons-digester\commons-digester\1.8.1\commons-digester-1.8.1.jar;C:\Users\V19ANaguib1\.m2\repository\commons-collections\commons-collections\3.2.2\commons-collections-3.2.2.jar;C:\Users\V19ANaguib1\.m2\repository\org\springframework\spring-context\5.1.0.RELEASE\spring-context-5.1.0.RELEASE.jar;C:\Users\V19ANaguib1\.m2\repository\org\springframework\spring-aop\5.1.0.RELEASE\spring-aop-5.1.0.RELEASE.jar;C:\Users\V19ANaguib1\.m2\repository\org\springframework\spring-beans\5.1.0.RELEASE\spring-beans-5.1.0.RELEASE.jar;C:\Users\V19ANaguib1\.m2\repository\org\springframework\spring-core\5.1.0.RELEASE\spring-core-5.1.0.RELEASE.jar;C:\Users\V19ANaguib1\.m2\repository\org\springframework\spring-jcl\5.1.0.RELEASE\spring-jcl-5.1.0.RELEASE.jar;C:\Users\V19ANaguib1\.m2\repository\org\springframework\spring-expression\5.1.0.RELEASE\spring-expression-5.1.0.RELEASE.jar;C:\Users\V19ANaguib1\.m2\repository\org\aspectj\aspectjweaver\1.9.1\aspectjweaver-1.9.1.jar;C:\Users\V19ANaguib1\.m2\repository\org\apache\poi\poi\4.1.0\poi-4.1.0.jar;C:\Users\V19ANaguib1\.m2\repository\commons-codec\commons-codec\1.12\commons-codec-1.12.jar;C:\Users\V19ANaguib1\.m2\repository\org\apache\commons\commons-collections4\4.3\commons-collections4-4.3.jar;C:\Users\V19ANaguib1\.m2\repository\org\apache\commons\commons-math3\3.6.1\commons-math3-3.6.1.jar;C:\Users\V19ANaguib1\.m2\repository\org\apache\poi\poi-ooxml\4.1.0\poi-ooxml-4.1.0.jar;C:\Users\V19ANaguib1\.m2\repository\org\apache\poi\poi-ooxml-schemas\4.1.0\poi-ooxml-schemas-4.1.0.jar;C:\Users\V19ANaguib1\.m2\repository\org\apache\xmlbeans\xmlbeans\3.1.0\xmlbeans-3.1.0.jar;C:\Users\V19ANaguib1\.m2\repository\org\apache\commons\commons-compress\1.18\commons-compress-1.18.jar;C:\Users\V19ANaguib1\.m2\repository\com\github\virtuald\curvesapi\1.06\curvesapi-1.06.jar;C:\Users\V19ANaguib1\.m2\repository\com\relevantcodes\extentreports\2.41.2\extentreports-2.41.2.jar;C:\Users\V19ANaguib1\.m2\repository\org\xerial\sqlite-jdbc\3.8.11.1\sqlite-jdbc-3.8.11.1.jar;C:\Users\V19ANaguib1\.m2\repository\org\freemarker\freemarker\2.3.23\freemarker-2.3.23.jar;C:\Users\V19ANaguib1\.m2\repository\org\mongodb\mongodb-driver\3.0.4\mongodb-driver-3.0.4.jar;C:\Users\V19ANaguib1\.m2\repository\org\mongodb\bson\3.0.4\bson-3.0.4.jar;C:\Users\V19ANaguib1\.m2\repository\org\mongodb\mongodb-driver-core\3.0.4\mongodb-driver-core-3.0.4.jar;C:\Users\V19ANaguib1\.m2\repository\io\cucumber\cucumber-core\6.3.0\cucumber-core-6.3.0.jar;C:\Users\V19ANaguib1\.m2\repository\io\cucumber\cucumber-gherkin\6.3.0\cucumber-gherkin-6.3.0.jar;C:\Users\V19ANaguib1\.m2\repository\io\cucumber\cucumber-gherkin-messages\6.3.0\cucumber-gherkin-messages-6.3.0.jar;C:\Users\V19ANaguib1\.m2\repository\io\cucumber\tag-expressions\3.0.0\tag-expressions-3.0.0.jar;C:\Users\V19ANaguib1\.m2\repository\io\cucumber\cucumber-expressions\10.2.1\cucumber-expressions-10.2.1.jar;C:\Users\V19ANaguib1\.m2\repository\io\cucumber\datatable\3.3.1\datatable-3.3.1.jar;C:\Users\V19ANaguib1\.m2\repository\io\cucumber\cucumber-plugin\6.3.0\cucumber-plugin-6.3.0.jar;C:\Users\V19ANaguib1\.m2\repository\io\cucumber\docstring\6.3.0\docstring-6.3.0.jar;C:\Users\V19ANaguib1\.m2\repository\io\cucumber\html-formatter\7.0.0\html-formatter-7.0.0.jar;C:\Users\V19ANaguib1\.m2\repository\org\apiguardian\apiguardian-api\1.1.0\apiguardian-api-1.1.0.jar;C:\Users\V19ANaguib1\.m2\repository\io\cucumber\cucumber-java\6.3.0\cucumber-java-6.3.0.jar;C:\Users\V19ANaguib1\.m2\repository\io\cucumber\cucumber-testng\6.3.0\cucumber-testng-6.3.0.jar;C:\Users\V19ANaguib1\.m2\repository\io\cucumber\gherkin\15.0.0\gherkin-15.0.0.jar;C:\Users\V19ANaguib1\.m2\repository\io\cucumber\messages\13.2.1\messages-13.2.1.jar;"/>
    <property name="sun.cpu.endian" value="little"/>
    <property name="user.home" value="C:\Users\V19ANaguib1"/>
    <property name="user.language" value="en"/>
    <property name="java.specification.vendor" value="Oracle Corporation"/>
    <property name="java.version.date" value="2021-04-20"/>
    <property name="java.home" value="C:\Users\V19ANaguib1\AppData\Local\JetBrains\IntelliJ IDEA Community Edition 2019.2.4\jbr"/>
    <property name="file.separator" value="\"/>
    <property name="basedir" value="D:\Ahmed Nagiub\AutomationPractice"/>
    <property name="java.vm.compressedOopsMode" value="32-bit"/>
    <property name="line.separator" value="&#10;"/>
    <property name="java.specification.name" value="Java Platform API Specification"/>
    <property name="java.vm.specification.vendor" value="Oracle Corporation"/>
    <property name="java.awt.graphicsenv" value="sun.awt.Win32GraphicsEnvironment"/>
    <property name="surefire.real.class.path" value="C:\Users\V19ANaguib1\AppData\Local\Temp\surefire2132893817520235242\surefirebooter2326795759948053780.jar"/>
    <property name="user.script" value=""/>
    <property name="sun.management.compiler" value="HotSpot 64-Bit Tiered Compilers"/>
    <property name="java.runtime.version" value="11.0.11+9-b1341.60"/>
    <property name="user.name" value="V19ANaguib1"/>
    <property name="path.separator" value=";"/>
    <property name="os.version" value="10.0"/>
    <property name="java.runtime.name" value="OpenJDK Runtime Environment"/>
    <property name="file.encoding" value="Cp1252"/>
    <property name="java.vm.name" value="OpenJDK 64-Bit Server VM"/>
    <property name="java.vendor.version" value="JBR-11.0.11.9-1341.60-jcef"/>
    <property name="localRepository" value="C:\Users\V19ANaguib1\.m2\repository"/>
    <property name="java.vendor.url.bug" value="https://bugreport.java.com/bugreport/"/>
    <property name="java.io.tmpdir" value="C:\Users\V19ANA~1\AppData\Local\Temp\"/>
    <property name="idea.version" value="2021.1.3"/>
    <property name="java.version" value="11.0.11"/>
    <property name="user.dir" value="D:\Ahmed Nagiub\AutomationPractice"/>
    <property name="os.arch" value="amd64"/>
    <property name="java.vm.specification.name" value="Java Virtual Machine Specification"/>
    <property name="java.awt.printerjob" value="sun.awt.windows.WPrinterJob"/>
    <property name="sun.os.patch.level" value=""/>
    <property name="java.library.path" value="C:\Users\V19ANaguib1\AppData\Local\JetBrains\IntelliJ IDEA Community Edition 2019.2.4\jbr\bin;C:\WINDOWS\Sun\Java\bin;C:\WINDOWS\system32;C:\WINDOWS;C:\Program Files (x86)\RSA SecurID Token Common;C:\Program Files\RSA SecurID Token Common;C:\ProgramData\Oracle\Java\javapath;C:\WINDOWS\system32;C:\WINDOWS;C:\WINDOWS\System32\Wbem;C:\WINDOWS\System32\WindowsPowerShell\v1.0\;C:\WINDOWS\System32\OpenSSH\;C:\Program Files (x86)\Symantec\VIP Access Client\;C:\Users\V19ANaguib1\AppData\Local\Android\android-sdk\platform-tools;C:\Users\V19ANaguib1\AppData\Local\Android\android-sdk\tools\bin;C:\Program Files\TortoiseGit\bin;C:\Users\V19ANaguib1\AppData\Local\Android\Sdk\platform-tools;%JAVA_HOME%;C:\Users\V19ANaguib1\AppData\Local\Android\Sdk\tools;D:\maven\bin;C:\Program Files (x86)\Enterprise Vault\EVClient\x64\;C:\Program Files (x86)\nodejs\;C:\Ruby26-x64\bin;C:\Users\V19ANaguib1\AppData\Local\Microsoft\WindowsApps;D:\Vodafone Work\apache-maven-3.6.0-bin\apache-maven-3.6.0\bin;C:\Users\V19ANaguib1\AppData\Roaming\npm;C:\Users\V19ANaguib1\AppData\Local\Programs\Git\cmd;C:\Program Files\Java\jdk1.8.0_161;;."/>
    <property name="java.vm.info" value="mixed mode"/>
    <property name="java.vendor" value="JetBrains s.r.o."/>
    <property name="java.vm.version" value="11.0.11+9-b1341.60"/>
    <property name="sun.io.unicode.encoding" value="UnicodeLittle"/>
    <property name="java.class.version" value="55.0"/>
  </properties>
  <testcase name="runScenario" classname="testRunner.ProductOrderRunner" time="4.065">
    <failure message="Cannot locate an element using xpath=//a[@class=&apos;login&apos;]&#10;For documentation on this error, please visit: https://www.seleniumhq.org/exceptions/no_such_element.html&#10;Build info: version: &apos;3.141.59&apos;, revision: &apos;e82be7d358&apos;, time: &apos;2018-11-14T08:17:03&apos;&#10;System info: host: &apos;ITTIQ13R&apos;, ip: &apos;192.168.137.1&apos;, os.name: &apos;Windows 10&apos;, os.arch: &apos;amd64&apos;, os.version: &apos;10.0&apos;, java.version: &apos;11.0.11&apos;&#10;Driver info: driver.version: RemoteWebDriver" type="org.openqa.selenium.NoSuchElementException">org.openqa.selenium.NoSuchElementException: 
Cannot locate an element using xpath=//a[@class='login']
For documentation on this error, please visit: https://www.seleniumhq.org/exceptions/no_such_element.html
Build info: version: '3.141.59', revision: 'e82be7d358', time: '2018-11-14T08:17:03'
System info: host: 'ITTIQ13R', ip: '192.168.137.1', os.name: 'Windows 10', os.arch: 'amd64', os.version: '10.0', java.version: '11.0.11'
Driver info: driver.version: RemoteWebDriver
</failure>
    <system-out><![CDATA[
@SigndIn
Scenario Outline: Validate that the order is placed in order history page after authenticating as new user &amp#27;[90m# src/test/java/features/productOrder.feature:36&amp#27;[0m
  &amp#27;[32mGiven &amp#27;[0m&amp#27;[32mautomationpractice website is opened&amp#27;[0m                                                               &amp#27;[90m# stepDef.ProductOrderSteps.automationpractice_website_is_opened()&amp#27;[0m
  &amp#27;[31mWhen &amp#27;[0m&amp#27;[31mpress Sign in&amp#27;[0m                                                                                       &amp#27;[90m# stepDef.ProductOrderSteps.press_sign_in()&amp#27;[0m
      &amp#27;[31morg.openqa.selenium.NoSuchElementException: Cannot locate an element using xpath=//a[@class='login']
For documentation on this error, please visit: https://www.seleniumhq.org/exceptions/no_such_element.html
Build info: version: '3.141.59', revision: 'e82be7d358', time: '2018-11-14T08:17:03'
System info: host: 'ITTIQ13R', ip: '192.168.137.1', os.name: 'Windows 10', os.arch: 'amd64', os.version: '10.0', java.version: '11.0.11'
Driver info: driver.version: RemoteWebDriver
	at org.openqa.selenium.remote.RemoteWebDriver.findElement(RemoteWebDriver.java:327)
	at org.openqa.selenium.remote.RemoteWebDriver.findElementByXPath(RemoteWebDriver.java:428)
	at org.openqa.selenium.By$ByXPath.findElement(By.java:353)
	at org.openqa.selenium.remote.RemoteWebDriver.findElement(RemoteWebDriver.java:315)
	at org.openqa.selenium.support.pagefactory.DefaultElementLocator.findElement(DefaultElementLocator.java:69)
	at org.openqa.selenium.support.pagefactory.internal.LocatingElementHandler.invoke(LocatingElementHandler.java:38)
	at com.sun.proxy.$Proxy18.click(Unknown Source)
	at pages.Home.signIn(Home.java:35)
	at stepDef.ProductOrderSteps.press_sign_in(ProductOrderSteps.java:31)
	at âœ½.press Sign in(file:///D:/Ahmed%20Nagiub/AutomationPractice/src/test/java/features/productOrder.feature:7)
&amp#27;[0m
  &amp#27;[36mAnd &amp#27;[0m&amp#27;[36mwrite new "&amp#27;[0m&amp#27;[36m&amp#27;[1mtest1@moakt.cc&amp#27;[0m&amp#27;[36m"&amp#27;[0m                                                                           &amp#27;[90m# stepDef.ProductOrderSteps.write_new(java.lang.String)&amp#27;[0m
  &amp#27;[36mAnd &amp#27;[0m&amp#27;[36mpress create an account&amp#27;[0m                                                                              &amp#27;[90m# stepDef.ProductOrderSteps.press_create_an_account()&amp#27;[0m
  &amp#27;[36mAnd &amp#27;[0m&amp#27;[36mselect "&amp#27;[0m&amp#27;[36m&amp#27;[1mMr&amp#27;[0m&amp#27;[36m"&amp#27;[0m                                                                                          &amp#27;[90m# stepDef.ProductOrderSteps.select(java.lang.String)&amp#27;[0m
  &amp#27;[36mAnd &amp#27;[0m&amp#27;[36mwrite first name with value "&amp#27;[0m&amp#27;[36m&amp#27;[1mAutomation&amp#27;[0m&amp#27;[36m"&amp#27;[0m                                                             &amp#27;[90m# stepDef.ProductOrderSteps.write_first_name_with_vlue(java.lang.String)&amp#27;[0m
  &amp#27;[36mAnd &amp#27;[0m&amp#27;[36mwrite last name with value "&amp#27;[0m&amp#27;[36m&amp#27;[1mTest&amp#27;[0m&amp#27;[36m"&amp#27;[0m                                                                    &amp#27;[90m# stepDef.ProductOrderSteps.write_last_name_with_value(java.lang.String)&amp#27;[0m
  &amp#27;[36mAnd &amp#27;[0m&amp#27;[36mwrite password with value "&amp#27;[0m&amp#27;[36m&amp#27;[1mTest@123&amp#27;[0m&amp#27;[36m"&amp#27;[0m                                                                 &amp#27;[90m# stepDef.ProductOrderSteps.write_password_with_value_test(java.lang.String)&amp#27;[0m
  &amp#27;[36mAnd &amp#27;[0m&amp#27;[36mwrite address with value "&amp#27;[0m&amp#27;[36m&amp#27;[1mTestingAddress&amp#27;[0m&amp#27;[36m"&amp#27;[0m                                                            &amp#27;[90m# stepDef.ProductOrderSteps.write_address_with_value(java.lang.String)&amp#27;[0m
  &amp#27;[36mAnd &amp#27;[0m&amp#27;[36mwrite city "&amp#27;[0m&amp#27;[36m&amp#27;[1mSan Diago&amp#27;[0m&amp#27;[36m"&amp#27;[0m                                                                               &amp#27;[90m# stepDef.ProductOrderSteps.choose_city(java.lang.String)&amp#27;[0m
  &amp#27;[36mAnd &amp#27;[0m&amp#27;[36mchoose state "&amp#27;[0m&amp#27;[36m&amp#27;[1mCalifornia&amp#27;[0m&amp#27;[36m"&amp#27;[0m                                                                            &amp#27;[90m# stepDef.ProductOrderSteps.choose_state(java.lang.String)&amp#27;[0m
  &amp#27;[36mAnd &amp#27;[0m&amp#27;[36mwrite postal code with value "&amp#27;[0m&amp#27;[36m&amp#27;[1m91911&amp#27;[0m&amp#27;[36m"&amp#27;[0m                                                                 &amp#27;[90m# stepDef.ProductOrderSteps.write_postal_code_with_value(java.lang.String)&amp#27;[0m
  &amp#27;[36mAnd &amp#27;[0m&amp#27;[36mwrite mobile number with value "&amp#27;[0m&amp#27;[36m&amp#27;[1m01011111111&amp#27;[0m&amp#27;[36m"&amp#27;[0m                                                         &amp#27;[90m# stepDef.ProductOrderSteps.write_mobile_number_with_value(java.lang.String)&amp#27;[0m
  &amp#27;[36mAnd &amp#27;[0m&amp#27;[36mclick Register&amp#27;[0m                                                                                       &amp#27;[90m# stepDef.ProductOrderSteps.click_register()&amp#27;[0m
  &amp#27;[36mAnd &amp#27;[0m&amp#27;[36mselect the "&amp#27;[0m&amp#27;[36m&amp#27;[1mWOMEN&amp#27;[0m&amp#27;[36m"&amp#27;[0m                                                                                   &amp#27;[90m# stepDef.ProductOrderSteps.select_the(java.lang.String)&amp#27;[0m
  &amp#27;[36mAnd &amp#27;[0m&amp#27;[36mclick on "&amp#27;[0m&amp#27;[36m&amp#27;[1mBlouses&amp#27;[0m&amp#27;[36m"&amp#27;[0m                                                                                   &amp#27;[90m# stepDef.ProductOrderSteps.click_on(java.lang.String)&amp#27;[0m
  &amp#27;[36mAnd &amp#27;[0m&amp#27;[36mclick on "&amp#27;[0m&amp#27;[36m&amp#27;[1m<resultItem>&amp#27;[0m&amp#27;[36m" to buy&amp#27;[0m                                                                       &amp#27;[90m# stepDef.ProductOrderSteps.click_on_to_buy(java.lang.String)&amp#27;[0m
  &amp#27;[36mAnd &amp#27;[0m&amp#27;[36mclick on Add to Cart to enter the process&amp#27;[0m                                                            &amp#27;[90m# stepDef.ProductOrderSteps.click_on_add_to_cart_to_enter_the_process()&amp#27;[0m
  &amp#27;[36mAnd &amp#27;[0m&amp#27;[36mclick on Proceed to checkout to check product summary&amp#27;[0m                                                &amp#27;[90m# stepDef.ProductOrderSteps.click_on_proceed_to_checkout_to_check_product_summary()&amp#27;[0m
  &amp#27;[36mAnd &amp#27;[0m&amp#27;[36mclick on Proceed to checkout for product summary&amp#27;[0m                                                     &amp#27;[90m# stepDef.ProductOrderSteps.click_on_proceed_to_checkout_for_product_summary()&amp#27;[0m
  &amp#27;[36mAnd &amp#27;[0m&amp#27;[36mclick on Proceed to checkout for address&amp#27;[0m                                                             &amp#27;[90m# stepDef.ProductOrderSteps.click_on_proceed_to_checkout_for_address()&amp#27;[0m
  &amp#27;[36mAnd &amp#27;[0m&amp#27;[36mclick on Terms of service checkbox&amp#27;[0m                                                                   &amp#27;[90m# stepDef.ProductOrderSteps.click_on_terms_of_servic_checkbox()&amp#27;[0m
  &amp#27;[36mAnd &amp#27;[0m&amp#27;[36mclick on Proceed to checkout for shipping&amp#27;[0m                                                            &amp#27;[90m# stepDef.ProductOrderSteps.click_on_proceed_to_checkout_for_shipping()&amp#27;[0m
  &amp#27;[36mAnd &amp#27;[0m&amp#27;[36mclick on pay by bank wire to choose the payment method&amp#27;[0m                                               &amp#27;[90m# stepDef.ProductOrderSteps.click_on_pay_by_bank_wire_to_choose_the_payment_method()&amp#27;[0m
  &amp#27;[36mAnd &amp#27;[0m&amp#27;[36mclick on I confirm my order to finish process&amp#27;[0m                                                        &amp#27;[90m# stepDef.ProductOrderSteps.click_on_i_confirm_my_order_to_finish_process()&amp#27;[0m
  &amp#27;[36mAnd &amp#27;[0m&amp#27;[36mclick on Back to orders to check order history&amp#27;[0m                                                       &amp#27;[90m# stepDef.ProductOrderSteps.click_on_back_to_orders_to_check_order_history()&amp#27;[0m
  &amp#27;[36mThen &amp#27;[0m&amp#27;[36mvalidate that the order is placed in order history page with the correct date and "&amp#27;[0m&amp#27;[36m&amp#27;[1m$29.00&amp#27;[0m&amp#27;[36m"&amp#27;[0m          &amp#27;[90m# stepDef.ProductOrderSteps.validate_that_the_order_is_placed_in_order_history_page_with_the_correct_date_and(java.lang.String)&amp#27;[0m
      &amp#27;[31morg.openqa.selenium.NoSuchWindowException: no such window: target window already closed
from unknown error: web view not found
  (Session info: chrome=92.0.4515.131)
Build info: version: '3.141.59', revision: 'e82be7d358', time: '2018-11-14T08:17:03'
System info: host: 'ITTIQ13R', ip: '192.168.137.1', os.name: 'Windows 10', os.arch: 'amd64', os.version: '10.0', java.version: '11.0.11'
Driver info: org.openqa.selenium.chrome.ChromeDriver
Capabilities {acceptInsecureCerts: false, browserName: chrome, browserVersion: 92.0.4515.131, chrome: {chromedriverVersion: 92.0.4515.107 (87a818b10553..., userDataDir: C:\Users\V19ANA~1\AppData\L...}, goog:chromeOptions: {debuggerAddress: localhost:57167}, javascriptEnabled: true, networkConnectionEnabled: false, pageLoadStrategy: normal, platform: WINDOWS, platformName: WINDOWS, proxy: Proxy(), setWindowRect: true, strictFileInteractability: false, timeouts: {implicit: 0, pageLoad: 300000, script: 30000}, unhandledPromptBehavior: dismiss and notify, webauthn:extension:credBlob: true, webauthn:extension:largeBlob: true, webauthn:virtualAuthenticators: true}
Session ID: cf13b4aeb06e70748595de8fe43867ae
*** Element info: {Using=link text, value=Sign out}
	at java.base/jdk.internal.reflect.NativeConstructorAccessorImpl.newInstance0(Native Method)
	at java.base/jdk.internal.reflect.NativeConstructorAccessorImpl.newInstance(NativeConstructorAccessorImpl.java:62)
	at java.base/jdk.internal.reflect.DelegatingConstructorAccessorImpl.newInstance(DelegatingConstructorAccessorImpl.java:45)
	at java.base/java.lang.reflect.Constructor.newInstance(Constructor.java:490)
	at org.openqa.selenium.remote.http.W3CHttpResponseCodec.createException(W3CHttpResponseCodec.java:187)
	at org.openqa.selenium.remote.http.W3CHttpResponseCodec.decode(W3CHttpResponseCodec.java:122)
	at org.openqa.selenium.remote.http.W3CHttpResponseCodec.decode(W3CHttpResponseCodec.java:49)
	at org.openqa.selenium.remote.HttpCommandExecutor.execute(HttpCommandExecutor.java:158)
	at org.openqa.selenium.remote.service.DriverCommandExecutor.execute(DriverCommandExecutor.java:83)
	at org.openqa.selenium.remote.RemoteWebDriver.execute(RemoteWebDriver.java:552)
	at org.openqa.selenium.remote.RemoteWebDriver.findElement(RemoteWebDriver.java:323)
	at org.openqa.selenium.remote.RemoteWebDriver.findElementByLinkText(RemoteWebDriver.java:380)
	at org.openqa.selenium.By$ByLinkText.findElement(By.java:220)
	at org.openqa.selenium.remote.RemoteWebDriver.findElement(RemoteWebDriver.java:315)
	at org.openqa.selenium.support.pagefactory.DefaultElementLocator.findElement(DefaultElementLocator.java:69)
	at org.openqa.selenium.support.pagefactory.internal.LocatingElementHandler.invoke(LocatingElementHandler.java:38)
	at com.sun.proxy.$Proxy18.click(Unknown Source)
	at pages.Home.signOut(Home.java:40)
&amp#27;[0m
]]></system-out>
    <system-err><![CDATA[SLF4J: Failed to load class "org.slf4j.impl.StaticLoggerBinder".
SLF4J: Defaulting to no-operation (NOP) logger implementation
SLF4J: See http://www.slf4j.org/codes.html#StaticLoggerBinder for further details.
Starting ChromeDriver 92.0.4515.107 (87a818b10553a07434ea9e2b6dccf3cbe7895134-refs/branch-heads/4515@{#1634}) on port 4057
Only local connections are allowed.
Please see https://chromedriver.chromium.org/security-considerations for suggestions on keeping ChromeDriver safe.
ChromeDriver was started successfully.
Aug 18, 2021 3:03:11 PM org.openqa.selenium.remote.ProtocolHandshake createSession
INFO: Detected dialect: W3C
Aug 18, 2021 3:03:12 PM io.cucumber.core.runtime.FeaturePathFeatureSupplier get
WARNING: No features found at classpath:/utilities
Aug 18, 2021 3:03:12 PM io.cucumber.core.runtime.FeaturePathFeatureSupplier get
WARNING: No features found at classpath:/pages
[1629291797.158][SEVERE]: Unable to receive message from renderer
]]></system-err>
  </testcase>
  <testcase name="runScenario" classname="testRunner.AccountCreationRunner" time="0.279">
    <failure message="no such window: target window already closed&#10;from unknown error: web view not found&#10;  (Session info: chrome=92.0.4515.131)&#10;Build info: version: &apos;3.141.59&apos;, revision: &apos;e82be7d358&apos;, time: &apos;2018-11-14T08:17:03&apos;&#10;System info: host: &apos;ITTIQ13R&apos;, ip: &apos;192.168.137.1&apos;, os.name: &apos;Windows 10&apos;, os.arch: &apos;amd64&apos;, os.version: &apos;10.0&apos;, java.version: &apos;11.0.11&apos;&#10;Driver info: org.openqa.selenium.chrome.ChromeDriver&#10;Capabilities {acceptInsecureCerts: false, browserName: chrome, browserVersion: 92.0.4515.131, chrome: {chromedriverVersion: 92.0.4515.107 (87a818b10553..., userDataDir: C:\Users\V19ANA~1\AppData\L...}, goog:chromeOptions: {debuggerAddress: localhost:57167}, javascriptEnabled: true, networkConnectionEnabled: false, pageLoadStrategy: normal, platform: WINDOWS, platformName: WINDOWS, proxy: Proxy(), setWindowRect: true, strictFileInteractability: false, timeouts: {implicit: 0, pageLoad: 300000, script: 30000}, unhandledPromptBehavior: dismiss and notify, webauthn:extension:credBlob: true, webauthn:extension:largeBlob: true, webauthn:virtualAuthenticators: true}&#10;Session ID: cf13b4aeb06e70748595de8fe43867ae" type="org.openqa.selenium.NoSuchWindowException">org.openqa.selenium.NoSuchWindowException: 
no such window: target window already closed
from unknown error: web view not found
  (Session info: chrome=92.0.4515.131)
Build info: version: '3.141.59', revision: 'e82be7d358', time: '2018-11-14T08:17:03'
System info: host: 'ITTIQ13R', ip: '192.168.137.1', os.name: 'Windows 10', os.arch: 'amd64', os.version: '10.0', java.version: '11.0.11'
Driver info: org.openqa.selenium.chrome.ChromeDriver
Capabilities {acceptInsecureCerts: false, browserName: chrome, browserVersion: 92.0.4515.131, chrome: {chromedriverVersion: 92.0.4515.107 (87a818b10553..., userDataDir: C:\Users\V19ANA~1\AppData\L...}, goog:chromeOptions: {debuggerAddress: localhost:57167}, javascriptEnabled: true, networkConnectionEnabled: false, pageLoadStrategy: normal, platform: WINDOWS, platformName: WINDOWS, proxy: Proxy(), setWindowRect: true, strictFileInteractability: false, timeouts: {implicit: 0, pageLoad: 300000, script: 30000}, unhandledPromptBehavior: dismiss and notify, webauthn:extension:credBlob: true, webauthn:extension:largeBlob: true, webauthn:virtualAuthenticators: true}
Session ID: cf13b4aeb06e70748595de8fe43867ae
</failure>
    <system-out><![CDATA[
Scenario Outline: Validate the correct response according to different cases for email address &amp#27;[90m# src/test/java/features/accountCreation.feature:13&amp#27;[0m
  &amp#27;[31mGiven &amp#27;[0m&amp#27;[31mopen automation practic website and have email account with status "&amp#27;[0m&amp#27;[31m&amp#27;[1mempty&amp#27;[0m&amp#27;[31m"&amp#27;[0m             &amp#27;[90m# stepDef.AccountCreationSteps.open_automation_practic_website_and_have_email_account_with_status(java.lang.String)&amp#27;[0m
      &amp#27;[31morg.openqa.selenium.NoSuchWindowException: no such window: target window already closed
from unknown error: web view not found
  (Session info: chrome=92.0.4515.131)
Build info: version: '3.141.59', revision: 'e82be7d358', time: '2018-11-14T08:17:03'
System info: host: 'ITTIQ13R', ip: '192.168.137.1', os.name: 'Windows 10', os.arch: 'amd64', os.version: '10.0', java.version: '11.0.11'
Driver info: org.openqa.selenium.chrome.ChromeDriver
Capabilities {acceptInsecureCerts: false, browserName: chrome, browserVersion: 92.0.4515.131, chrome: {chromedriverVersion: 92.0.4515.107 (87a818b10553..., userDataDir: C:\Users\V19ANA~1\AppData\L...}, goog:chromeOptions: {debuggerAddress: localhost:57167}, javascriptEnabled: true, networkConnectionEnabled: false, pageLoadStrategy: normal, platform: WINDOWS, platformName: WINDOWS, proxy: Proxy(), setWindowRect: true, strictFileInteractability: false, timeouts: {implicit: 0, pageLoad: 300000, script: 30000}, unhandledPromptBehavior: dismiss and notify, webauthn:extension:credBlob: true, webauthn:extension:largeBlob: true, webauthn:virtualAuthenticators: true}
Session ID: cf13b4aeb06e70748595de8fe43867ae
	at java.base/jdk.internal.reflect.NativeConstructorAccessorImpl.newInstance0(Native Method)
	at java.base/jdk.internal.reflect.NativeConstructorAccessorImpl.newInstance(NativeConstructorAccessorImpl.java:62)
	at java.base/jdk.internal.reflect.DelegatingConstructorAccessorImpl.newInstance(DelegatingConstructorAccessorImpl.java:45)
	at java.base/java.lang.reflect.Constructor.newInstance(Constructor.java:490)
	at org.openqa.selenium.remote.http.W3CHttpResponseCodec.createException(W3CHttpResponseCodec.java:187)
	at org.openqa.selenium.remote.http.W3CHttpResponseCodec.decode(W3CHttpResponseCodec.java:122)
	at org.openqa.selenium.remote.http.W3CHttpResponseCodec.decode(W3CHttpResponseCodec.java:49)
	at org.openqa.selenium.remote.HttpCommandExecutor.execute(HttpCommandExecutor.java:158)
	at org.openqa.selenium.remote.service.DriverCommandExecutor.execute(DriverCommandExecutor.java:83)
	at org.openqa.selenium.remote.RemoteWebDriver.execute(RemoteWebDriver.java:552)
	at org.openqa.selenium.remote.RemoteWebDriver.get(RemoteWebDriver.java:277)
	at utilities.TestBase.openWebsite(TestBase.java:65)
	at stepDef.AccountCreationSteps.open_automation_practic_website_and_have_email_account_with_status(AccountCreationSteps.java:21)
	at âœ½.open automation practic website and have email account with status "empty"(file:///D:/Ahmed%20Nagiub/AutomationPractice/src/test/java/features/accountCreation.feature:5)
&amp#27;[0m
  &amp#27;[36mWhen &amp#27;[0m&amp#27;[36mclick sign in&amp#27;[0m                                                                           &amp#27;[90m# stepDef.AccountCreationSteps.click_sign_in()&amp#27;[0m
  &amp#27;[36mAnd &amp#27;[0m&amp#27;[36mwrite email address with value "&amp#27;[0m&amp#27;[36m&amp#27;[1m&amp#27;[0m&amp#27;[36m"&amp#27;[0m                                                        &amp#27;[90m# stepDef.AccountCreationSteps.write_email_address_with_value(java.lang.String)&amp#27;[0m
  &amp#27;[36mAnd &amp#27;[0m&amp#27;[36mpress create an account&amp#27;[0m                                                                  &amp#27;[90m# stepDef.ProductOrderSteps.press_create_an_account()&amp#27;[0m
  &amp#27;[36mThen &amp#27;[0m&amp#27;[36mvalidate on page "&amp#27;[0m&amp#27;[36m&amp#27;[1mInvalid email address.&amp#27;[0m&amp#27;[36m" according to "&amp#27;[0m&amp#27;[36m&amp#27;[1mempty&amp#27;[0m&amp#27;[36m"&amp#27;[0m                          &amp#27;[90m# stepDef.AccountCreationSteps.validate_on_page(java.lang.String,java.lang.String)&amp#27;[0m
]]></system-out>
  </testcase>
  <testcase name="runScenario" classname="testRunner.AccountCreationRunner" time="0.017">
    <failure message="no such window: target window already closed&#10;from unknown error: web view not found&#10;  (Session info: chrome=92.0.4515.131)&#10;Build info: version: &apos;3.141.59&apos;, revision: &apos;e82be7d358&apos;, time: &apos;2018-11-14T08:17:03&apos;&#10;System info: host: &apos;ITTIQ13R&apos;, ip: &apos;192.168.137.1&apos;, os.name: &apos;Windows 10&apos;, os.arch: &apos;amd64&apos;, os.version: &apos;10.0&apos;, java.version: &apos;11.0.11&apos;&#10;Driver info: org.openqa.selenium.chrome.ChromeDriver&#10;Capabilities {acceptInsecureCerts: false, browserName: chrome, browserVersion: 92.0.4515.131, chrome: {chromedriverVersion: 92.0.4515.107 (87a818b10553..., userDataDir: C:\Users\V19ANA~1\AppData\L...}, goog:chromeOptions: {debuggerAddress: localhost:57167}, javascriptEnabled: true, networkConnectionEnabled: false, pageLoadStrategy: normal, platform: WINDOWS, platformName: WINDOWS, proxy: Proxy(), setWindowRect: true, strictFileInteractability: false, timeouts: {implicit: 0, pageLoad: 300000, script: 30000}, unhandledPromptBehavior: dismiss and notify, webauthn:extension:credBlob: true, webauthn:extension:largeBlob: true, webauthn:virtualAuthenticators: true}&#10;Session ID: cf13b4aeb06e70748595de8fe43867ae" type="org.openqa.selenium.NoSuchWindowException">org.openqa.selenium.NoSuchWindowException: 
no such window: target window already closed
from unknown error: web view not found
  (Session info: chrome=92.0.4515.131)
Build info: version: '3.141.59', revision: 'e82be7d358', time: '2018-11-14T08:17:03'
System info: host: 'ITTIQ13R', ip: '192.168.137.1', os.name: 'Windows 10', os.arch: 'amd64', os.version: '10.0', java.version: '11.0.11'
Driver info: org.openqa.selenium.chrome.ChromeDriver
Capabilities {acceptInsecureCerts: false, browserName: chrome, browserVersion: 92.0.4515.131, chrome: {chromedriverVersion: 92.0.4515.107 (87a818b10553..., userDataDir: C:\Users\V19ANA~1\AppData\L...}, goog:chromeOptions: {debuggerAddress: localhost:57167}, javascriptEnabled: true, networkConnectionEnabled: false, pageLoadStrategy: normal, platform: WINDOWS, platformName: WINDOWS, proxy: Proxy(), setWindowRect: true, strictFileInteractability: false, timeouts: {implicit: 0, pageLoad: 300000, script: 30000}, unhandledPromptBehavior: dismiss and notify, webauthn:extension:credBlob: true, webauthn:extension:largeBlob: true, webauthn:virtualAuthenticators: true}
Session ID: cf13b4aeb06e70748595de8fe43867ae
</failure>
    <system-out><![CDATA[
Scenario Outline: Validate the correct response according to different cases for email address &amp#27;[90m# src/test/java/features/accountCreation.feature:14&amp#27;[0m
  &amp#27;[31mGiven &amp#27;[0m&amp#27;[31mopen automation practic website and have email account with status "&amp#27;[0m&amp#27;[31m&amp#27;[1minvalid&amp#27;[0m&amp#27;[31m"&amp#27;[0m           &amp#27;[90m# stepDef.AccountCreationSteps.open_automation_practic_website_and_have_email_account_with_status(java.lang.String)&amp#27;[0m
      &amp#27;[31morg.openqa.selenium.NoSuchWindowException: no such window: target window already closed
from unknown error: web view not found
  (Session info: chrome=92.0.4515.131)
Build info: version: '3.141.59', revision: 'e82be7d358', time: '2018-11-14T08:17:03'
System info: host: 'ITTIQ13R', ip: '192.168.137.1', os.name: 'Windows 10', os.arch: 'amd64', os.version: '10.0', java.version: '11.0.11'
Driver info: org.openqa.selenium.chrome.ChromeDriver
Capabilities {acceptInsecureCerts: false, browserName: chrome, browserVersion: 92.0.4515.131, chrome: {chromedriverVersion: 92.0.4515.107 (87a818b10553..., userDataDir: C:\Users\V19ANA~1\AppData\L...}, goog:chromeOptions: {debuggerAddress: localhost:57167}, javascriptEnabled: true, networkConnectionEnabled: false, pageLoadStrategy: normal, platform: WINDOWS, platformName: WINDOWS, proxy: Proxy(), setWindowRect: true, strictFileInteractability: false, timeouts: {implicit: 0, pageLoad: 300000, script: 30000}, unhandledPromptBehavior: dismiss and notify, webauthn:extension:credBlob: true, webauthn:extension:largeBlob: true, webauthn:virtualAuthenticators: true}
Session ID: cf13b4aeb06e70748595de8fe43867ae
	at java.base/jdk.internal.reflect.NativeConstructorAccessorImpl.newInstance0(Native Method)
	at java.base/jdk.internal.reflect.NativeConstructorAccessorImpl.newInstance(NativeConstructorAccessorImpl.java:62)
	at java.base/jdk.internal.reflect.DelegatingConstructorAccessorImpl.newInstance(DelegatingConstructorAccessorImpl.java:45)
	at java.base/java.lang.reflect.Constructor.newInstance(Constructor.java:490)
	at org.openqa.selenium.remote.http.W3CHttpResponseCodec.createException(W3CHttpResponseCodec.java:187)
	at org.openqa.selenium.remote.http.W3CHttpResponseCodec.decode(W3CHttpResponseCodec.java:122)
	at org.openqa.selenium.remote.http.W3CHttpResponseCodec.decode(W3CHttpResponseCodec.java:49)
	at org.openqa.selenium.remote.HttpCommandExecutor.execute(HttpCommandExecutor.java:158)
	at org.openqa.selenium.remote.service.DriverCommandExecutor.execute(DriverCommandExecutor.java:83)
	at org.openqa.selenium.remote.RemoteWebDriver.execute(RemoteWebDriver.java:552)
	at org.openqa.selenium.remote.RemoteWebDriver.get(RemoteWebDriver.java:277)
	at utilities.TestBase.openWebsite(TestBase.java:65)
	at stepDef.AccountCreationSteps.open_automation_practic_website_and_have_email_account_with_status(AccountCreationSteps.java:21)
	at âœ½.open automation practic website and have email account with status "invalid"(file:///D:/Ahmed%20Nagiub/AutomationPractice/src/test/java/features/accountCreation.feature:5)
&amp#27;[0m
  &amp#27;[36mWhen &amp#27;[0m&amp#27;[36mclick sign in&amp#27;[0m                                                                           &amp#27;[90m# stepDef.AccountCreationSteps.click_sign_in()&amp#27;[0m
  &amp#27;[36mAnd &amp#27;[0m&amp#27;[36mwrite email address with value "&amp#27;[0m&amp#27;[36m&amp#27;[1mtest&amp#27;[0m&amp#27;[36m"&amp#27;[0m                                                    &amp#27;[90m# stepDef.AccountCreationSteps.write_email_address_with_value(java.lang.String)&amp#27;[0m
  &amp#27;[36mAnd &amp#27;[0m&amp#27;[36mpress create an account&amp#27;[0m                                                                  &amp#27;[90m# stepDef.ProductOrderSteps.press_create_an_account()&amp#27;[0m
  &amp#27;[36mThen &amp#27;[0m&amp#27;[36mvalidate on page "&amp#27;[0m&amp#27;[36m&amp#27;[1mInvalid email address.&amp#27;[0m&amp#27;[36m" according to "&amp#27;[0m&amp#27;[36m&amp#27;[1minvalid&amp#27;[0m&amp#27;[36m"&amp#27;[0m                        &amp#27;[90m# stepDef.AccountCreationSteps.validate_on_page(java.lang.String,java.lang.String)&amp#27;[0m
]]></system-out>
  </testcase>
  <testcase name="runScenario" classname="testRunner.AccountCreationRunner" time="0.032">
    <failure message="no such window: target window already closed&#10;from unknown error: web view not found&#10;  (Session info: chrome=92.0.4515.131)&#10;Build info: version: &apos;3.141.59&apos;, revision: &apos;e82be7d358&apos;, time: &apos;2018-11-14T08:17:03&apos;&#10;System info: host: &apos;ITTIQ13R&apos;, ip: &apos;192.168.137.1&apos;, os.name: &apos;Windows 10&apos;, os.arch: &apos;amd64&apos;, os.version: &apos;10.0&apos;, java.version: &apos;11.0.11&apos;&#10;Driver info: org.openqa.selenium.chrome.ChromeDriver&#10;Capabilities {acceptInsecureCerts: false, browserName: chrome, browserVersion: 92.0.4515.131, chrome: {chromedriverVersion: 92.0.4515.107 (87a818b10553..., userDataDir: C:\Users\V19ANA~1\AppData\L...}, goog:chromeOptions: {debuggerAddress: localhost:57167}, javascriptEnabled: true, networkConnectionEnabled: false, pageLoadStrategy: normal, platform: WINDOWS, platformName: WINDOWS, proxy: Proxy(), setWindowRect: true, strictFileInteractability: false, timeouts: {implicit: 0, pageLoad: 300000, script: 30000}, unhandledPromptBehavior: dismiss and notify, webauthn:extension:credBlob: true, webauthn:extension:largeBlob: true, webauthn:virtualAuthenticators: true}&#10;Session ID: cf13b4aeb06e70748595de8fe43867ae" type="org.openqa.selenium.NoSuchWindowException">org.openqa.selenium.NoSuchWindowException: 
no such window: target window already closed
from unknown error: web view not found
  (Session info: chrome=92.0.4515.131)
Build info: version: '3.141.59', revision: 'e82be7d358', time: '2018-11-14T08:17:03'
System info: host: 'ITTIQ13R', ip: '192.168.137.1', os.name: 'Windows 10', os.arch: 'amd64', os.version: '10.0', java.version: '11.0.11'
Driver info: org.openqa.selenium.chrome.ChromeDriver
Capabilities {acceptInsecureCerts: false, browserName: chrome, browserVersion: 92.0.4515.131, chrome: {chromedriverVersion: 92.0.4515.107 (87a818b10553..., userDataDir: C:\Users\V19ANA~1\AppData\L...}, goog:chromeOptions: {debuggerAddress: localhost:57167}, javascriptEnabled: true, networkConnectionEnabled: false, pageLoadStrategy: normal, platform: WINDOWS, platformName: WINDOWS, proxy: Proxy(), setWindowRect: true, strictFileInteractability: false, timeouts: {implicit: 0, pageLoad: 300000, script: 30000}, unhandledPromptBehavior: dismiss and notify, webauthn:extension:credBlob: true, webauthn:extension:largeBlob: true, webauthn:virtualAuthenticators: true}
Session ID: cf13b4aeb06e70748595de8fe43867ae
</failure>
    <system-out><![CDATA[
Scenario Outline: Validate the correct response according to different cases for email address                                                                           &amp#27;[90m# src/test/java/features/accountCreation.feature:15&amp#27;[0m
  &amp#27;[31mGiven &amp#27;[0m&amp#27;[31mopen automation practic website and have email account with status "&amp#27;[0m&amp#27;[31m&amp#27;[1mregistered&amp#27;[0m&amp#27;[31m"&amp#27;[0m                                                                                  &amp#27;[90m# stepDef.AccountCreationSteps.open_automation_practic_website_and_have_email_account_with_status(java.lang.String)&amp#27;[0m
      &amp#27;[31morg.openqa.selenium.NoSuchWindowException: no such window: target window already closed
from unknown error: web view not found
  (Session info: chrome=92.0.4515.131)
Build info: version: '3.141.59', revision: 'e82be7d358', time: '2018-11-14T08:17:03'
System info: host: 'ITTIQ13R', ip: '192.168.137.1', os.name: 'Windows 10', os.arch: 'amd64', os.version: '10.0', java.version: '11.0.11'
Driver info: org.openqa.selenium.chrome.ChromeDriver
Capabilities {acceptInsecureCerts: false, browserName: chrome, browserVersion: 92.0.4515.131, chrome: {chromedriverVersion: 92.0.4515.107 (87a818b10553..., userDataDir: C:\Users\V19ANA~1\AppData\L...}, goog:chromeOptions: {debuggerAddress: localhost:57167}, javascriptEnabled: true, networkConnectionEnabled: false, pageLoadStrategy: normal, platform: WINDOWS, platformName: WINDOWS, proxy: Proxy(), setWindowRect: true, strictFileInteractability: false, timeouts: {implicit: 0, pageLoad: 300000, script: 30000}, unhandledPromptBehavior: dismiss and notify, webauthn:extension:credBlob: true, webauthn:extension:largeBlob: true, webauthn:virtualAuthenticators: true}
Session ID: cf13b4aeb06e70748595de8fe43867ae
	at java.base/jdk.internal.reflect.NativeConstructorAccessorImpl.newInstance0(Native Method)
	at java.base/jdk.internal.reflect.NativeConstructorAccessorImpl.newInstance(NativeConstructorAccessorImpl.java:62)
	at java.base/jdk.internal.reflect.DelegatingConstructorAccessorImpl.newInstance(DelegatingConstructorAccessorImpl.java:45)
	at java.base/java.lang.reflect.Constructor.newInstance(Constructor.java:490)
	at org.openqa.selenium.remote.http.W3CHttpResponseCodec.createException(W3CHttpResponseCodec.java:187)
	at org.openqa.selenium.remote.http.W3CHttpResponseCodec.decode(W3CHttpResponseCodec.java:122)
	at org.openqa.selenium.remote.http.W3CHttpResponseCodec.decode(W3CHttpResponseCodec.java:49)
	at org.openqa.selenium.remote.HttpCommandExecutor.execute(HttpCommandExecutor.java:158)
	at org.openqa.selenium.remote.service.DriverCommandExecutor.execute(DriverCommandExecutor.java:83)
	at org.openqa.selenium.remote.RemoteWebDriver.execute(RemoteWebDriver.java:552)
	at org.openqa.selenium.remote.RemoteWebDriver.get(RemoteWebDriver.java:277)
	at utilities.TestBase.openWebsite(TestBase.java:65)
	at stepDef.AccountCreationSteps.open_automation_practic_website_and_have_email_account_with_status(AccountCreationSteps.java:21)
	at âœ½.open automation practic website and have email account with status "registered"(file:///D:/Ahmed%20Nagiub/AutomationPractice/src/test/java/features/accountCreation.feature:5)
&amp#27;[0m
  &amp#27;[36mWhen &amp#27;[0m&amp#27;[36mclick sign in&amp#27;[0m                                                                                                                                                     &amp#27;[90m# stepDef.AccountCreationSteps.click_sign_in()&amp#27;[0m
  &amp#27;[36mAnd &amp#27;[0m&amp#27;[36mwrite email address with value "&amp#27;[0m&amp#27;[36m&amp#27;[1mtest@moakt.cc&amp#27;[0m&amp#27;[36m"&amp#27;[0m                                                                                                                     &amp#27;[90m# stepDef.AccountCreationSteps.write_email_address_with_value(java.lang.String)&amp#27;[0m
  &amp#27;[36mAnd &amp#27;[0m&amp#27;[36mpress create an account&amp#27;[0m                                                                                                                                            &amp#27;[90m# stepDef.ProductOrderSteps.press_create_an_account()&amp#27;[0m
  &amp#27;[36mThen &amp#27;[0m&amp#27;[36mvalidate on page "&amp#27;[0m&amp#27;[36m&amp#27;[1mAn account using this email address has already been registered. Please enter a valid password or request a new one.&amp#27;[0m&amp#27;[36m" according to "&amp#27;[0m&amp#27;[36m&amp#27;[1mregistered&amp#27;[0m&amp#27;[36m"&amp#27;[0m &amp#27;[90m# stepDef.AccountCreationSteps.validate_on_page(java.lang.String,java.lang.String)&amp#27;[0m
]]></system-out>
  </testcase>
  <testcase name="runScenario" classname="testRunner.AccountCreationRunner" time="0.13">
    <failure message="no such window: target window already closed&#10;from unknown error: web view not found&#10;  (Session info: chrome=92.0.4515.131)&#10;Build info: version: &apos;3.141.59&apos;, revision: &apos;e82be7d358&apos;, time: &apos;2018-11-14T08:17:03&apos;&#10;System info: host: &apos;ITTIQ13R&apos;, ip: &apos;192.168.137.1&apos;, os.name: &apos;Windows 10&apos;, os.arch: &apos;amd64&apos;, os.version: &apos;10.0&apos;, java.version: &apos;11.0.11&apos;&#10;Driver info: org.openqa.selenium.chrome.ChromeDriver&#10;Capabilities {acceptInsecureCerts: false, browserName: chrome, browserVersion: 92.0.4515.131, chrome: {chromedriverVersion: 92.0.4515.107 (87a818b10553..., userDataDir: C:\Users\V19ANA~1\AppData\L...}, goog:chromeOptions: {debuggerAddress: localhost:57167}, javascriptEnabled: true, networkConnectionEnabled: false, pageLoadStrategy: normal, platform: WINDOWS, platformName: WINDOWS, proxy: Proxy(), setWindowRect: true, strictFileInteractability: false, timeouts: {implicit: 0, pageLoad: 300000, script: 30000}, unhandledPromptBehavior: dismiss and notify, webauthn:extension:credBlob: true, webauthn:extension:largeBlob: true, webauthn:virtualAuthenticators: true}&#10;Session ID: cf13b4aeb06e70748595de8fe43867ae" type="org.openqa.selenium.NoSuchWindowException">org.openqa.selenium.NoSuchWindowException: 
no such window: target window already closed
from unknown error: web view not found
  (Session info: chrome=92.0.4515.131)
Build info: version: '3.141.59', revision: 'e82be7d358', time: '2018-11-14T08:17:03'
System info: host: 'ITTIQ13R', ip: '192.168.137.1', os.name: 'Windows 10', os.arch: 'amd64', os.version: '10.0', java.version: '11.0.11'
Driver info: org.openqa.selenium.chrome.ChromeDriver
Capabilities {acceptInsecureCerts: false, browserName: chrome, browserVersion: 92.0.4515.131, chrome: {chromedriverVersion: 92.0.4515.107 (87a818b10553..., userDataDir: C:\Users\V19ANA~1\AppData\L...}, goog:chromeOptions: {debuggerAddress: localhost:57167}, javascriptEnabled: true, networkConnectionEnabled: false, pageLoadStrategy: normal, platform: WINDOWS, platformName: WINDOWS, proxy: Proxy(), setWindowRect: true, strictFileInteractability: false, timeouts: {implicit: 0, pageLoad: 300000, script: 30000}, unhandledPromptBehavior: dismiss and notify, webauthn:extension:credBlob: true, webauthn:extension:largeBlob: true, webauthn:virtualAuthenticators: true}
Session ID: cf13b4aeb06e70748595de8fe43867ae
</failure>
    <system-out><![CDATA[
Scenario Outline: Validate the correct response according to different cases for email address &amp#27;[90m# src/test/java/features/accountCreation.feature:16&amp#27;[0m
  &amp#27;[31mGiven &amp#27;[0m&amp#27;[31mopen automation practic website and have email account with status "&amp#27;[0m&amp#27;[31m&amp#27;[1mnew&amp#27;[0m&amp#27;[31m"&amp#27;[0m               &amp#27;[90m# stepDef.AccountCreationSteps.open_automation_practic_website_and_have_email_account_with_status(java.lang.String)&amp#27;[0m
      &amp#27;[31morg.openqa.selenium.NoSuchWindowException: no such window: target window already closed
from unknown error: web view not found
  (Session info: chrome=92.0.4515.131)
Build info: version: '3.141.59', revision: 'e82be7d358', time: '2018-11-14T08:17:03'
System info: host: 'ITTIQ13R', ip: '192.168.137.1', os.name: 'Windows 10', os.arch: 'amd64', os.version: '10.0', java.version: '11.0.11'
Driver info: org.openqa.selenium.chrome.ChromeDriver
Capabilities {acceptInsecureCerts: false, browserName: chrome, browserVersion: 92.0.4515.131, chrome: {chromedriverVersion: 92.0.4515.107 (87a818b10553..., userDataDir: C:\Users\V19ANA~1\AppData\L...}, goog:chromeOptions: {debuggerAddress: localhost:57167}, javascriptEnabled: true, networkConnectionEnabled: false, pageLoadStrategy: normal, platform: WINDOWS, platformName: WINDOWS, proxy: Proxy(), setWindowRect: true, strictFileInteractability: false, timeouts: {implicit: 0, pageLoad: 300000, script: 30000}, unhandledPromptBehavior: dismiss and notify, webauthn:extension:credBlob: true, webauthn:extension:largeBlob: true, webauthn:virtualAuthenticators: true}
Session ID: cf13b4aeb06e70748595de8fe43867ae
	at java.base/jdk.internal.reflect.NativeConstructorAccessorImpl.newInstance0(Native Method)
	at java.base/jdk.internal.reflect.NativeConstructorAccessorImpl.newInstance(NativeConstructorAccessorImpl.java:62)
	at java.base/jdk.internal.reflect.DelegatingConstructorAccessorImpl.newInstance(DelegatingConstructorAccessorImpl.java:45)
	at java.base/java.lang.reflect.Constructor.newInstance(Constructor.java:490)
	at org.openqa.selenium.remote.http.W3CHttpResponseCodec.createException(W3CHttpResponseCodec.java:187)
	at org.openqa.selenium.remote.http.W3CHttpResponseCodec.decode(W3CHttpResponseCodec.java:122)
	at org.openqa.selenium.remote.http.W3CHttpResponseCodec.decode(W3CHttpResponseCodec.java:49)
	at org.openqa.selenium.remote.HttpCommandExecutor.execute(HttpCommandExecutor.java:158)
	at org.openqa.selenium.remote.service.DriverCommandExecutor.execute(DriverCommandExecutor.java:83)
	at org.openqa.selenium.remote.RemoteWebDriver.execute(RemoteWebDriver.java:552)
	at org.openqa.selenium.remote.RemoteWebDriver.get(RemoteWebDriver.java:277)
	at utilities.TestBase.openWebsite(TestBase.java:65)
	at stepDef.AccountCreationSteps.open_automation_practic_website_and_have_email_account_with_status(AccountCreationSteps.java:21)
	at âœ½.open automation practic website and have email account with status "new"(file:///D:/Ahmed%20Nagiub/AutomationPractice/src/test/java/features/accountCreation.feature:5)
&amp#27;[0m
  &amp#27;[36mWhen &amp#27;[0m&amp#27;[36mclick sign in&amp#27;[0m                                                                           &amp#27;[90m# stepDef.AccountCreationSteps.click_sign_in()&amp#27;[0m
  &amp#27;[36mAnd &amp#27;[0m&amp#27;[36mwrite email address with value "&amp#27;[0m&amp#27;[36m&amp#27;[1mtest2@moakt.cc&amp#27;[0m&amp#27;[36m"&amp#27;[0m                                          &amp#27;[90m# stepDef.AccountCreationSteps.write_email_address_with_value(java.lang.String)&amp#27;[0m
  &amp#27;[36mAnd &amp#27;[0m&amp#27;[36mpress create an account&amp#27;[0m                                                                  &amp#27;[90m# stepDef.ProductOrderSteps.press_create_an_account()&amp#27;[0m
  &amp#27;[36mThen &amp#27;[0m&amp#27;[36mvalidate on page "&amp#27;[0m&amp#27;[36m&amp#27;[1mYOUR PERSONAL INFORMATION&amp#27;[0m&amp#27;[36m" according to "&amp#27;[0m&amp#27;[36m&amp#27;[1mnew&amp#27;[0m&amp#27;[36m"&amp#27;[0m                         &amp#27;[90m# stepDef.AccountCreationSteps.validate_on_page(java.lang.String,java.lang.String)&amp#27;[0m
]]></system-out>
  </testcase>
  <testcase name="runScenario" classname="testRunner.AccountCreationRunner" time="0.022">
    <failure message="no such window: target window already closed&#10;from unknown error: web view not found&#10;  (Session info: chrome=92.0.4515.131)&#10;Build info: version: &apos;3.141.59&apos;, revision: &apos;e82be7d358&apos;, time: &apos;2018-11-14T08:17:03&apos;&#10;System info: host: &apos;ITTIQ13R&apos;, ip: &apos;192.168.137.1&apos;, os.name: &apos;Windows 10&apos;, os.arch: &apos;amd64&apos;, os.version: &apos;10.0&apos;, java.version: &apos;11.0.11&apos;&#10;Driver info: org.openqa.selenium.chrome.ChromeDriver&#10;Capabilities {acceptInsecureCerts: false, browserName: chrome, browserVersion: 92.0.4515.131, chrome: {chromedriverVersion: 92.0.4515.107 (87a818b10553..., userDataDir: C:\Users\V19ANA~1\AppData\L...}, goog:chromeOptions: {debuggerAddress: localhost:57167}, javascriptEnabled: true, networkConnectionEnabled: false, pageLoadStrategy: normal, platform: WINDOWS, platformName: WINDOWS, proxy: Proxy(), setWindowRect: true, strictFileInteractability: false, timeouts: {implicit: 0, pageLoad: 300000, script: 30000}, unhandledPromptBehavior: dismiss and notify, webauthn:extension:credBlob: true, webauthn:extension:largeBlob: true, webauthn:virtualAuthenticators: true}&#10;Session ID: cf13b4aeb06e70748595de8fe43867ae" type="org.openqa.selenium.NoSuchWindowException">org.openqa.selenium.NoSuchWindowException: 
no such window: target window already closed
from unknown error: web view not found
  (Session info: chrome=92.0.4515.131)
Build info: version: '3.141.59', revision: 'e82be7d358', time: '2018-11-14T08:17:03'
System info: host: 'ITTIQ13R', ip: '192.168.137.1', os.name: 'Windows 10', os.arch: 'amd64', os.version: '10.0', java.version: '11.0.11'
Driver info: org.openqa.selenium.chrome.ChromeDriver
Capabilities {acceptInsecureCerts: false, browserName: chrome, browserVersion: 92.0.4515.131, chrome: {chromedriverVersion: 92.0.4515.107 (87a818b10553..., userDataDir: C:\Users\V19ANA~1\AppData\L...}, goog:chromeOptions: {debuggerAddress: localhost:57167}, javascriptEnabled: true, networkConnectionEnabled: false, pageLoadStrategy: normal, platform: WINDOWS, platformName: WINDOWS, proxy: Proxy(), setWindowRect: true, strictFileInteractability: false, timeouts: {implicit: 0, pageLoad: 300000, script: 30000}, unhandledPromptBehavior: dismiss and notify, webauthn:extension:credBlob: true, webauthn:extension:largeBlob: true, webauthn:virtualAuthenticators: true}
Session ID: cf13b4aeb06e70748595de8fe43867ae
</failure>
    <system-out><![CDATA[
Scenario Outline: Validate that we should fill the mandatory field                                                                                     &amp#27;[90m# src/test/java/features/accountCreation.feature:29&amp#27;[0m
  &amp#27;[31mGiven &amp#27;[0m&amp#27;[31mopen automation practic website and have empty mandatory "&amp#27;[0m&amp#27;[31m&amp#27;[1memail&amp#27;[0m&amp#27;[31m"&amp#27;[0m                                                                               &amp#27;[90m# stepDef.AccountCreationSteps.open_automation_practic_website_and_have_empty_mandatory(java.lang.String)&amp#27;[0m
      &amp#27;[31morg.openqa.selenium.NoSuchWindowException: no such window: target window already closed
from unknown error: web view not found
  (Session info: chrome=92.0.4515.131)
Build info: version: '3.141.59', revision: 'e82be7d358', time: '2018-11-14T08:17:03'
System info: host: 'ITTIQ13R', ip: '192.168.137.1', os.name: 'Windows 10', os.arch: 'amd64', os.version: '10.0', java.version: '11.0.11'
Driver info: org.openqa.selenium.chrome.ChromeDriver
Capabilities {acceptInsecureCerts: false, browserName: chrome, browserVersion: 92.0.4515.131, chrome: {chromedriverVersion: 92.0.4515.107 (87a818b10553..., userDataDir: C:\Users\V19ANA~1\AppData\L...}, goog:chromeOptions: {debuggerAddress: localhost:57167}, javascriptEnabled: true, networkConnectionEnabled: false, pageLoadStrategy: normal, platform: WINDOWS, platformName: WINDOWS, proxy: Proxy(), setWindowRect: true, strictFileInteractability: false, timeouts: {implicit: 0, pageLoad: 300000, script: 30000}, unhandledPromptBehavior: dismiss and notify, webauthn:extension:credBlob: true, webauthn:extension:largeBlob: true, webauthn:virtualAuthenticators: true}
Session ID: cf13b4aeb06e70748595de8fe43867ae
	at java.base/jdk.internal.reflect.NativeConstructorAccessorImpl.newInstance0(Native Method)
	at java.base/jdk.internal.reflect.NativeConstructorAccessorImpl.newInstance(NativeConstructorAccessorImpl.java:62)
	at java.base/jdk.internal.reflect.DelegatingConstructorAccessorImpl.newInstance(DelegatingConstructorAccessorImpl.java:45)
	at java.base/java.lang.reflect.Constructor.newInstance(Constructor.java:490)
	at org.openqa.selenium.remote.http.W3CHttpResponseCodec.createException(W3CHttpResponseCodec.java:187)
	at org.openqa.selenium.remote.http.W3CHttpResponseCodec.decode(W3CHttpResponseCodec.java:122)
	at org.openqa.selenium.remote.http.W3CHttpResponseCodec.decode(W3CHttpResponseCodec.java:49)
	at org.openqa.selenium.remote.HttpCommandExecutor.execute(HttpCommandExecutor.java:158)
	at org.openqa.selenium.remote.service.DriverCommandExecutor.execute(DriverCommandExecutor.java:83)
	at org.openqa.selenium.remote.RemoteWebDriver.execute(RemoteWebDriver.java:552)
	at org.openqa.selenium.remote.RemoteWebDriver.get(RemoteWebDriver.java:277)
	at utilities.TestBase.openWebsite(TestBase.java:65)
	at stepDef.AccountCreationSteps.open_automation_practic_website_and_have_empty_mandatory(AccountCreationSteps.java:48)
	at âœ½.open automation practic website and have empty mandatory "email"(file:///D:/Ahmed%20Nagiub/AutomationPractice/src/test/java/features/accountCreation.feature:19)
&amp#27;[0m
  &amp#27;[36mWhen &amp#27;[0m&amp#27;[36mclick sign in&amp#27;[0m                                                                                                                                   &amp#27;[90m# stepDef.AccountCreationSteps.click_sign_in()&amp#27;[0m
  &amp#27;[36mAnd &amp#27;[0m&amp#27;[36mwrite email address with value "&amp#27;[0m&amp#27;[36m&amp#27;[1mtest2@moakt.cc&amp#27;[0m&amp#27;[36m"&amp#27;[0m                                                                                                  &amp#27;[90m# stepDef.AccountCreationSteps.write_email_address_with_value(java.lang.String)&amp#27;[0m
  &amp#27;[36mAnd &amp#27;[0m&amp#27;[36mpress create an account&amp#27;[0m                                                                                                                          &amp#27;[90m# stepDef.ProductOrderSteps.press_create_an_account()&amp#27;[0m
  &amp#27;[36mAnd &amp#27;[0m&amp#27;[36mwrite "&amp#27;[0m&amp#27;[36m&amp#27;[1mAutomation&amp#27;[0m&amp#27;[36m", "&amp#27;[0m&amp#27;[36m&amp#27;[1mTester&amp#27;[0m&amp#27;[36m", "&amp#27;[0m&amp#27;[36m&amp#27;[1mTest@123&amp#27;[0m&amp#27;[36m", "&amp#27;[0m&amp#27;[36m&amp#27;[1mTestingAddress&amp#27;[0m&amp#27;[36m", "&amp#27;[0m&amp#27;[36m&amp#27;[1mSan Diago&amp#27;[0m&amp#27;[36m", "&amp#27;[0m&amp#27;[36m&amp#27;[1mCalifornia&amp#27;[0m&amp#27;[36m", "&amp#27;[0m&amp#27;[36m&amp#27;[1m91911&amp#27;[0m&amp#27;[36m", "&amp#27;[0m&amp#27;[36m&amp#27;[1m01011111111&amp#27;[0m&amp#27;[36m" while one "&amp#27;[0m&amp#27;[36m&amp#27;[1memail&amp#27;[0m&amp#27;[36m" of them is empty&amp#27;[0m &amp#27;[90m# stepDef.AccountCreationSteps.write_while_one_of_them_is_empty(java.lang.String,java.lang.String,java.lang.String,java.lang.String,java.lang.String,java.lang.String,java.lang.String,java.lang.String,java.lang.String)&amp#27;[0m
  &amp#27;[36mAnd &amp#27;[0m&amp#27;[36mclick Register&amp#27;[0m                                                                                                                                   &amp#27;[90m# stepDef.ProductOrderSteps.click_register()&amp#27;[0m
  &amp#27;[36mThen &amp#27;[0m&amp#27;[36mvalidate on page "&amp#27;[0m&amp#27;[36m&amp#27;[1memail&amp#27;[0m&amp#27;[36m" according to the empty "&amp#27;[0m&amp#27;[36m&amp#27;[1memail&amp#27;[0m&amp#27;[36m"&amp#27;[0m                                                                                         &amp#27;[90m# stepDef.AccountCreationSteps.validate_on_page_according_to_the_empty(java.lang.String,java.lang.String)&amp#27;[0m
]]></system-out>
  </testcase>
  <testcase name="runScenario" classname="testRunner.AccountCreationRunner" time="0.026">
    <failure message="no such window: target window already closed&#10;from unknown error: web view not found&#10;  (Session info: chrome=92.0.4515.131)&#10;Build info: version: &apos;3.141.59&apos;, revision: &apos;e82be7d358&apos;, time: &apos;2018-11-14T08:17:03&apos;&#10;System info: host: &apos;ITTIQ13R&apos;, ip: &apos;192.168.137.1&apos;, os.name: &apos;Windows 10&apos;, os.arch: &apos;amd64&apos;, os.version: &apos;10.0&apos;, java.version: &apos;11.0.11&apos;&#10;Driver info: org.openqa.selenium.chrome.ChromeDriver&#10;Capabilities {acceptInsecureCerts: false, browserName: chrome, browserVersion: 92.0.4515.131, chrome: {chromedriverVersion: 92.0.4515.107 (87a818b10553..., userDataDir: C:\Users\V19ANA~1\AppData\L...}, goog:chromeOptions: {debuggerAddress: localhost:57167}, javascriptEnabled: true, networkConnectionEnabled: false, pageLoadStrategy: normal, platform: WINDOWS, platformName: WINDOWS, proxy: Proxy(), setWindowRect: true, strictFileInteractability: false, timeouts: {implicit: 0, pageLoad: 300000, script: 30000}, unhandledPromptBehavior: dismiss and notify, webauthn:extension:credBlob: true, webauthn:extension:largeBlob: true, webauthn:virtualAuthenticators: true}&#10;Session ID: cf13b4aeb06e70748595de8fe43867ae" type="org.openqa.selenium.NoSuchWindowException">org.openqa.selenium.NoSuchWindowException: 
no such window: target window already closed
from unknown error: web view not found
  (Session info: chrome=92.0.4515.131)
Build info: version: '3.141.59', revision: 'e82be7d358', time: '2018-11-14T08:17:03'
System info: host: 'ITTIQ13R', ip: '192.168.137.1', os.name: 'Windows 10', os.arch: 'amd64', os.version: '10.0', java.version: '11.0.11'
Driver info: org.openqa.selenium.chrome.ChromeDriver
Capabilities {acceptInsecureCerts: false, browserName: chrome, browserVersion: 92.0.4515.131, chrome: {chromedriverVersion: 92.0.4515.107 (87a818b10553..., userDataDir: C:\Users\V19ANA~1\AppData\L...}, goog:chromeOptions: {debuggerAddress: localhost:57167}, javascriptEnabled: true, networkConnectionEnabled: false, pageLoadStrategy: normal, platform: WINDOWS, platformName: WINDOWS, proxy: Proxy(), setWindowRect: true, strictFileInteractability: false, timeouts: {implicit: 0, pageLoad: 300000, script: 30000}, unhandledPromptBehavior: dismiss and notify, webauthn:extension:credBlob: true, webauthn:extension:largeBlob: true, webauthn:virtualAuthenticators: true}
Session ID: cf13b4aeb06e70748595de8fe43867ae
</failure>
    <system-out><![CDATA[
Scenario Outline: Validate that we should fill the mandatory field                                                                               &amp#27;[90m# src/test/java/features/accountCreation.feature:30&amp#27;[0m
  &amp#27;[31mGiven &amp#27;[0m&amp#27;[31mopen automation practic website and have empty mandatory "&amp#27;[0m&amp#27;[31m&amp#27;[1mfirstName&amp#27;[0m&amp#27;[31m"&amp#27;[0m                                                                     &amp#27;[90m# stepDef.AccountCreationSteps.open_automation_practic_website_and_have_empty_mandatory(java.lang.String)&amp#27;[0m
      &amp#27;[31morg.openqa.selenium.NoSuchWindowException: no such window: target window already closed
from unknown error: web view not found
  (Session info: chrome=92.0.4515.131)
Build info: version: '3.141.59', revision: 'e82be7d358', time: '2018-11-14T08:17:03'
System info: host: 'ITTIQ13R', ip: '192.168.137.1', os.name: 'Windows 10', os.arch: 'amd64', os.version: '10.0', java.version: '11.0.11'
Driver info: org.openqa.selenium.chrome.ChromeDriver
Capabilities {acceptInsecureCerts: false, browserName: chrome, browserVersion: 92.0.4515.131, chrome: {chromedriverVersion: 92.0.4515.107 (87a818b10553..., userDataDir: C:\Users\V19ANA~1\AppData\L...}, goog:chromeOptions: {debuggerAddress: localhost:57167}, javascriptEnabled: true, networkConnectionEnabled: false, pageLoadStrategy: normal, platform: WINDOWS, platformName: WINDOWS, proxy: Proxy(), setWindowRect: true, strictFileInteractability: false, timeouts: {implicit: 0, pageLoad: 300000, script: 30000}, unhandledPromptBehavior: dismiss and notify, webauthn:extension:credBlob: true, webauthn:extension:largeBlob: true, webauthn:virtualAuthenticators: true}
Session ID: cf13b4aeb06e70748595de8fe43867ae
	at java.base/jdk.internal.reflect.NativeConstructorAccessorImpl.newInstance0(Native Method)
	at java.base/jdk.internal.reflect.NativeConstructorAccessorImpl.newInstance(NativeConstructorAccessorImpl.java:62)
	at java.base/jdk.internal.reflect.DelegatingConstructorAccessorImpl.newInstance(DelegatingConstructorAccessorImpl.java:45)
	at java.base/java.lang.reflect.Constructor.newInstance(Constructor.java:490)
	at org.openqa.selenium.remote.http.W3CHttpResponseCodec.createException(W3CHttpResponseCodec.java:187)
	at org.openqa.selenium.remote.http.W3CHttpResponseCodec.decode(W3CHttpResponseCodec.java:122)
	at org.openqa.selenium.remote.http.W3CHttpResponseCodec.decode(W3CHttpResponseCodec.java:49)
	at org.openqa.selenium.remote.HttpCommandExecutor.execute(HttpCommandExecutor.java:158)
	at org.openqa.selenium.remote.service.DriverCommandExecutor.execute(DriverCommandExecutor.java:83)
	at org.openqa.selenium.remote.RemoteWebDriver.execute(RemoteWebDriver.java:552)
	at org.openqa.selenium.remote.RemoteWebDriver.get(RemoteWebDriver.java:277)
	at utilities.TestBase.openWebsite(TestBase.java:65)
	at stepDef.AccountCreationSteps.open_automation_practic_website_and_have_empty_mandatory(AccountCreationSteps.java:48)
	at âœ½.open automation practic website and have empty mandatory "firstName"(file:///D:/Ahmed%20Nagiub/AutomationPractice/src/test/java/features/accountCreation.feature:19)
&amp#27;[0m
  &amp#27;[36mWhen &amp#27;[0m&amp#27;[36mclick sign in&amp#27;[0m                                                                                                                             &amp#27;[90m# stepDef.AccountCreationSteps.click_sign_in()&amp#27;[0m
  &amp#27;[36mAnd &amp#27;[0m&amp#27;[36mwrite email address with value "&amp#27;[0m&amp#27;[36m&amp#27;[1mtest2@moakt.cc&amp#27;[0m&amp#27;[36m"&amp#27;[0m                                                                                            &amp#27;[90m# stepDef.AccountCreationSteps.write_email_address_with_value(java.lang.String)&amp#27;[0m
  &amp#27;[36mAnd &amp#27;[0m&amp#27;[36mpress create an account&amp#27;[0m                                                                                                                    &amp#27;[90m# stepDef.ProductOrderSteps.press_create_an_account()&amp#27;[0m
  &amp#27;[36mAnd &amp#27;[0m&amp#27;[36mwrite "&amp#27;[0m&amp#27;[36m&amp#27;[1m&amp#27;[0m&amp#27;[36m", "&amp#27;[0m&amp#27;[36m&amp#27;[1mTester&amp#27;[0m&amp#27;[36m", "&amp#27;[0m&amp#27;[36m&amp#27;[1mTest@123&amp#27;[0m&amp#27;[36m", "&amp#27;[0m&amp#27;[36m&amp#27;[1mTestingAddress&amp#27;[0m&amp#27;[36m", "&amp#27;[0m&amp#27;[36m&amp#27;[1mSan Diago&amp#27;[0m&amp#27;[36m", "&amp#27;[0m&amp#27;[36m&amp#27;[1mCalifornia&amp#27;[0m&amp#27;[36m", "&amp#27;[0m&amp#27;[36m&amp#27;[1m91911&amp#27;[0m&amp#27;[36m", "&amp#27;[0m&amp#27;[36m&amp#27;[1m01011111111&amp#27;[0m&amp#27;[36m" while one "&amp#27;[0m&amp#27;[36m&amp#27;[1mfirstName&amp#27;[0m&amp#27;[36m" of them is empty&amp#27;[0m &amp#27;[90m# stepDef.AccountCreationSteps.write_while_one_of_them_is_empty(java.lang.String,java.lang.String,java.lang.String,java.lang.String,java.lang.String,java.lang.String,java.lang.String,java.lang.String,java.lang.String)&amp#27;[0m
  &amp#27;[36mAnd &amp#27;[0m&amp#27;[36mclick Register&amp#27;[0m                                                                                                                             &amp#27;[90m# stepDef.ProductOrderSteps.click_register()&amp#27;[0m
  &amp#27;[36mThen &amp#27;[0m&amp#27;[36mvalidate on page "&amp#27;[0m&amp#27;[36m&amp#27;[1mfirstname&amp#27;[0m&amp#27;[36m" according to the empty "&amp#27;[0m&amp#27;[36m&amp#27;[1mfirstName&amp#27;[0m&amp#27;[36m"&amp#27;[0m                                                                           &amp#27;[90m# stepDef.AccountCreationSteps.validate_on_page_according_to_the_empty(java.lang.String,java.lang.String)&amp#27;[0m
]]></system-out>
  </testcase>
  <testcase name="runScenario" classname="testRunner.AccountCreationRunner" time="0.036">
    <failure message="no such window: target window already closed&#10;from unknown error: web view not found&#10;  (Session info: chrome=92.0.4515.131)&#10;Build info: version: &apos;3.141.59&apos;, revision: &apos;e82be7d358&apos;, time: &apos;2018-11-14T08:17:03&apos;&#10;System info: host: &apos;ITTIQ13R&apos;, ip: &apos;192.168.137.1&apos;, os.name: &apos;Windows 10&apos;, os.arch: &apos;amd64&apos;, os.version: &apos;10.0&apos;, java.version: &apos;11.0.11&apos;&#10;Driver info: org.openqa.selenium.chrome.ChromeDriver&#10;Capabilities {acceptInsecureCerts: false, browserName: chrome, browserVersion: 92.0.4515.131, chrome: {chromedriverVersion: 92.0.4515.107 (87a818b10553..., userDataDir: C:\Users\V19ANA~1\AppData\L...}, goog:chromeOptions: {debuggerAddress: localhost:57167}, javascriptEnabled: true, networkConnectionEnabled: false, pageLoadStrategy: normal, platform: WINDOWS, platformName: WINDOWS, proxy: Proxy(), setWindowRect: true, strictFileInteractability: false, timeouts: {implicit: 0, pageLoad: 300000, script: 30000}, unhandledPromptBehavior: dismiss and notify, webauthn:extension:credBlob: true, webauthn:extension:largeBlob: true, webauthn:virtualAuthenticators: true}&#10;Session ID: cf13b4aeb06e70748595de8fe43867ae" type="org.openqa.selenium.NoSuchWindowException">org.openqa.selenium.NoSuchWindowException: 
no such window: target window already closed
from unknown error: web view not found
  (Session info: chrome=92.0.4515.131)
Build info: version: '3.141.59', revision: 'e82be7d358', time: '2018-11-14T08:17:03'
System info: host: 'ITTIQ13R', ip: '192.168.137.1', os.name: 'Windows 10', os.arch: 'amd64', os.version: '10.0', java.version: '11.0.11'
Driver info: org.openqa.selenium.chrome.ChromeDriver
Capabilities {acceptInsecureCerts: false, browserName: chrome, browserVersion: 92.0.4515.131, chrome: {chromedriverVersion: 92.0.4515.107 (87a818b10553..., userDataDir: C:\Users\V19ANA~1\AppData\L...}, goog:chromeOptions: {debuggerAddress: localhost:57167}, javascriptEnabled: true, networkConnectionEnabled: false, pageLoadStrategy: normal, platform: WINDOWS, platformName: WINDOWS, proxy: Proxy(), setWindowRect: true, strictFileInteractability: false, timeouts: {implicit: 0, pageLoad: 300000, script: 30000}, unhandledPromptBehavior: dismiss and notify, webauthn:extension:credBlob: true, webauthn:extension:largeBlob: true, webauthn:virtualAuthenticators: true}
Session ID: cf13b4aeb06e70748595de8fe43867ae
</failure>
    <system-out><![CDATA[
Scenario Outline: Validate that we should fill the mandatory field                                                                                  &amp#27;[90m# src/test/java/features/accountCreation.feature:31&amp#27;[0m
  &amp#27;[31mGiven &amp#27;[0m&amp#27;[31mopen automation practic website and have empty mandatory "&amp#27;[0m&amp#27;[31m&amp#27;[1mlastName&amp#27;[0m&amp#27;[31m"&amp#27;[0m                                                                         &amp#27;[90m# stepDef.AccountCreationSteps.open_automation_practic_website_and_have_empty_mandatory(java.lang.String)&amp#27;[0m
      &amp#27;[31morg.openqa.selenium.NoSuchWindowException: no such window: target window already closed
from unknown error: web view not found
  (Session info: chrome=92.0.4515.131)
Build info: version: '3.141.59', revision: 'e82be7d358', time: '2018-11-14T08:17:03'
System info: host: 'ITTIQ13R', ip: '192.168.137.1', os.name: 'Windows 10', os.arch: 'amd64', os.version: '10.0', java.version: '11.0.11'
Driver info: org.openqa.selenium.chrome.ChromeDriver
Capabilities {acceptInsecureCerts: false, browserName: chrome, browserVersion: 92.0.4515.131, chrome: {chromedriverVersion: 92.0.4515.107 (87a818b10553..., userDataDir: C:\Users\V19ANA~1\AppData\L...}, goog:chromeOptions: {debuggerAddress: localhost:57167}, javascriptEnabled: true, networkConnectionEnabled: false, pageLoadStrategy: normal, platform: WINDOWS, platformName: WINDOWS, proxy: Proxy(), setWindowRect: true, strictFileInteractability: false, timeouts: {implicit: 0, pageLoad: 300000, script: 30000}, unhandledPromptBehavior: dismiss and notify, webauthn:extension:credBlob: true, webauthn:extension:largeBlob: true, webauthn:virtualAuthenticators: true}
Session ID: cf13b4aeb06e70748595de8fe43867ae
	at java.base/jdk.internal.reflect.NativeConstructorAccessorImpl.newInstance0(Native Method)
	at java.base/jdk.internal.reflect.NativeConstructorAccessorImpl.newInstance(NativeConstructorAccessorImpl.java:62)
	at java.base/jdk.internal.reflect.DelegatingConstructorAccessorImpl.newInstance(DelegatingConstructorAccessorImpl.java:45)
	at java.base/java.lang.reflect.Constructor.newInstance(Constructor.java:490)
	at org.openqa.selenium.remote.http.W3CHttpResponseCodec.createException(W3CHttpResponseCodec.java:187)
	at org.openqa.selenium.remote.http.W3CHttpResponseCodec.decode(W3CHttpResponseCodec.java:122)
	at org.openqa.selenium.remote.http.W3CHttpResponseCodec.decode(W3CHttpResponseCodec.java:49)
	at org.openqa.selenium.remote.HttpCommandExecutor.execute(HttpCommandExecutor.java:158)
	at org.openqa.selenium.remote.service.DriverCommandExecutor.execute(DriverCommandExecutor.java:83)
	at org.openqa.selenium.remote.RemoteWebDriver.execute(RemoteWebDriver.java:552)
	at org.openqa.selenium.remote.RemoteWebDriver.get(RemoteWebDriver.java:277)
	at utilities.TestBase.openWebsite(TestBase.java:65)
	at stepDef.AccountCreationSteps.open_automation_practic_website_and_have_empty_mandatory(AccountCreationSteps.java:48)
	at âœ½.open automation practic website and have empty mandatory "lastName"(file:///D:/Ahmed%20Nagiub/AutomationPractice/src/test/java/features/accountCreation.feature:19)
&amp#27;[0m
  &amp#27;[36mWhen &amp#27;[0m&amp#27;[36mclick sign in&amp#27;[0m                                                                                                                                &amp#27;[90m# stepDef.AccountCreationSteps.click_sign_in()&amp#27;[0m
  &amp#27;[36mAnd &amp#27;[0m&amp#27;[36mwrite email address with value "&amp#27;[0m&amp#27;[36m&amp#27;[1mtest2@moakt.cc&amp#27;[0m&amp#27;[36m"&amp#27;[0m                                                                                               &amp#27;[90m# stepDef.AccountCreationSteps.write_email_address_with_value(java.lang.String)&amp#27;[0m
  &amp#27;[36mAnd &amp#27;[0m&amp#27;[36mpress create an account&amp#27;[0m                                                                                                                       &amp#27;[90m# stepDef.ProductOrderSteps.press_create_an_account()&amp#27;[0m
  &amp#27;[36mAnd &amp#27;[0m&amp#27;[36mwrite "&amp#27;[0m&amp#27;[36m&amp#27;[1mAutomation&amp#27;[0m&amp#27;[36m", "&amp#27;[0m&amp#27;[36m&amp#27;[1m&amp#27;[0m&amp#27;[36m", "&amp#27;[0m&amp#27;[36m&amp#27;[1mTest@123&amp#27;[0m&amp#27;[36m", "&amp#27;[0m&amp#27;[36m&amp#27;[1mTestingAddress&amp#27;[0m&amp#27;[36m", "&amp#27;[0m&amp#27;[36m&amp#27;[1mSan Diago&amp#27;[0m&amp#27;[36m", "&amp#27;[0m&amp#27;[36m&amp#27;[1mCalifornia&amp#27;[0m&amp#27;[36m", "&amp#27;[0m&amp#27;[36m&amp#27;[1m91911&amp#27;[0m&amp#27;[36m", "&amp#27;[0m&amp#27;[36m&amp#27;[1m01011111111&amp#27;[0m&amp#27;[36m" while one "&amp#27;[0m&amp#27;[36m&amp#27;[1mlastName&amp#27;[0m&amp#27;[36m" of them is empty&amp#27;[0m &amp#27;[90m# stepDef.AccountCreationSteps.write_while_one_of_them_is_empty(java.lang.String,java.lang.String,java.lang.String,java.lang.String,java.lang.String,java.lang.String,java.lang.String,java.lang.String,java.lang.String)&amp#27;[0m
  &amp#27;[36mAnd &amp#27;[0m&amp#27;[36mclick Register&amp#27;[0m                                                                                                                                &amp#27;[90m# stepDef.ProductOrderSteps.click_register()&amp#27;[0m
  &amp#27;[36mThen &amp#27;[0m&amp#27;[36mvalidate on page "&amp#27;[0m&amp#27;[36m&amp#27;[1mlastname&amp#27;[0m&amp#27;[36m" according to the empty "&amp#27;[0m&amp#27;[36m&amp#27;[1mlastName&amp#27;[0m&amp#27;[36m"&amp#27;[0m                                                                                &amp#27;[90m# stepDef.AccountCreationSteps.validate_on_page_according_to_the_empty(java.lang.String,java.lang.String)&amp#27;[0m
]]></system-out>
  </testcase>
  <testcase name="runScenario" classname="testRunner.AccountCreationRunner" time="0.174">
    <failure message="no such window: target window already closed&#10;from unknown error: web view not found&#10;  (Session info: chrome=92.0.4515.131)&#10;Build info: version: &apos;3.141.59&apos;, revision: &apos;e82be7d358&apos;, time: &apos;2018-11-14T08:17:03&apos;&#10;System info: host: &apos;ITTIQ13R&apos;, ip: &apos;192.168.137.1&apos;, os.name: &apos;Windows 10&apos;, os.arch: &apos;amd64&apos;, os.version: &apos;10.0&apos;, java.version: &apos;11.0.11&apos;&#10;Driver info: org.openqa.selenium.chrome.ChromeDriver&#10;Capabilities {acceptInsecureCerts: false, browserName: chrome, browserVersion: 92.0.4515.131, chrome: {chromedriverVersion: 92.0.4515.107 (87a818b10553..., userDataDir: C:\Users\V19ANA~1\AppData\L...}, goog:chromeOptions: {debuggerAddress: localhost:57167}, javascriptEnabled: true, networkConnectionEnabled: false, pageLoadStrategy: normal, platform: WINDOWS, platformName: WINDOWS, proxy: Proxy(), setWindowRect: true, strictFileInteractability: false, timeouts: {implicit: 0, pageLoad: 300000, script: 30000}, unhandledPromptBehavior: dismiss and notify, webauthn:extension:credBlob: true, webauthn:extension:largeBlob: true, webauthn:virtualAuthenticators: true}&#10;Session ID: cf13b4aeb06e70748595de8fe43867ae" type="org.openqa.selenium.NoSuchWindowException">org.openqa.selenium.NoSuchWindowException: 
no such window: target window already closed
from unknown error: web view not found
  (Session info: chrome=92.0.4515.131)
Build info: version: '3.141.59', revision: 'e82be7d358', time: '2018-11-14T08:17:03'
System info: host: 'ITTIQ13R', ip: '192.168.137.1', os.name: 'Windows 10', os.arch: 'amd64', os.version: '10.0', java.version: '11.0.11'
Driver info: org.openqa.selenium.chrome.ChromeDriver
Capabilities {acceptInsecureCerts: false, browserName: chrome, browserVersion: 92.0.4515.131, chrome: {chromedriverVersion: 92.0.4515.107 (87a818b10553..., userDataDir: C:\Users\V19ANA~1\AppData\L...}, goog:chromeOptions: {debuggerAddress: localhost:57167}, javascriptEnabled: true, networkConnectionEnabled: false, pageLoadStrategy: normal, platform: WINDOWS, platformName: WINDOWS, proxy: Proxy(), setWindowRect: true, strictFileInteractability: false, timeouts: {implicit: 0, pageLoad: 300000, script: 30000}, unhandledPromptBehavior: dismiss and notify, webauthn:extension:credBlob: true, webauthn:extension:largeBlob: true, webauthn:virtualAuthenticators: true}
Session ID: cf13b4aeb06e70748595de8fe43867ae
</failure>
    <system-out><![CDATA[
Scenario Outline: Validate that we should fill the mandatory field                                                                                &amp#27;[90m# src/test/java/features/accountCreation.feature:32&amp#27;[0m
  &amp#27;[31mGiven &amp#27;[0m&amp#27;[31mopen automation practic website and have empty mandatory "&amp#27;[0m&amp#27;[31m&amp#27;[1mpassword&amp#27;[0m&amp#27;[31m"&amp#27;[0m                                                                       &amp#27;[90m# stepDef.AccountCreationSteps.open_automation_practic_website_and_have_empty_mandatory(java.lang.String)&amp#27;[0m
      &amp#27;[31morg.openqa.selenium.NoSuchWindowException: no such window: target window already closed
from unknown error: web view not found
  (Session info: chrome=92.0.4515.131)
Build info: version: '3.141.59', revision: 'e82be7d358', time: '2018-11-14T08:17:03'
System info: host: 'ITTIQ13R', ip: '192.168.137.1', os.name: 'Windows 10', os.arch: 'amd64', os.version: '10.0', java.version: '11.0.11'
Driver info: org.openqa.selenium.chrome.ChromeDriver
Capabilities {acceptInsecureCerts: false, browserName: chrome, browserVersion: 92.0.4515.131, chrome: {chromedriverVersion: 92.0.4515.107 (87a818b10553..., userDataDir: C:\Users\V19ANA~1\AppData\L...}, goog:chromeOptions: {debuggerAddress: localhost:57167}, javascriptEnabled: true, networkConnectionEnabled: false, pageLoadStrategy: normal, platform: WINDOWS, platformName: WINDOWS, proxy: Proxy(), setWindowRect: true, strictFileInteractability: false, timeouts: {implicit: 0, pageLoad: 300000, script: 30000}, unhandledPromptBehavior: dismiss and notify, webauthn:extension:credBlob: true, webauthn:extension:largeBlob: true, webauthn:virtualAuthenticators: true}
Session ID: cf13b4aeb06e70748595de8fe43867ae
	at java.base/jdk.internal.reflect.NativeConstructorAccessorImpl.newInstance0(Native Method)
	at java.base/jdk.internal.reflect.NativeConstructorAccessorImpl.newInstance(NativeConstructorAccessorImpl.java:62)
	at java.base/jdk.internal.reflect.DelegatingConstructorAccessorImpl.newInstance(DelegatingConstructorAccessorImpl.java:45)
	at java.base/java.lang.reflect.Constructor.newInstance(Constructor.java:490)
	at org.openqa.selenium.remote.http.W3CHttpResponseCodec.createException(W3CHttpResponseCodec.java:187)
	at org.openqa.selenium.remote.http.W3CHttpResponseCodec.decode(W3CHttpResponseCodec.java:122)
	at org.openqa.selenium.remote.http.W3CHttpResponseCodec.decode(W3CHttpResponseCodec.java:49)
	at org.openqa.selenium.remote.HttpCommandExecutor.execute(HttpCommandExecutor.java:158)
	at org.openqa.selenium.remote.service.DriverCommandExecutor.execute(DriverCommandExecutor.java:83)
	at org.openqa.selenium.remote.RemoteWebDriver.execute(RemoteWebDriver.java:552)
	at org.openqa.selenium.remote.RemoteWebDriver.get(RemoteWebDriver.java:277)
	at utilities.TestBase.openWebsite(TestBase.java:65)
	at stepDef.AccountCreationSteps.open_automation_practic_website_and_have_empty_mandatory(AccountCreationSteps.java:48)
	at âœ½.open automation practic website and have empty mandatory "password"(file:///D:/Ahmed%20Nagiub/AutomationPractice/src/test/java/features/accountCreation.feature:19)
&amp#27;[0m
  &amp#27;[36mWhen &amp#27;[0m&amp#27;[36mclick sign in&amp#27;[0m                                                                                                                              &amp#27;[90m# stepDef.AccountCreationSteps.click_sign_in()&amp#27;[0m
  &amp#27;[36mAnd &amp#27;[0m&amp#27;[36mwrite email address with value "&amp#27;[0m&amp#27;[36m&amp#27;[1mtest2@moakt.cc&amp#27;[0m&amp#27;[36m"&amp#27;[0m                                                                                             &amp#27;[90m# stepDef.AccountCreationSteps.write_email_address_with_value(java.lang.String)&amp#27;[0m
  &amp#27;[36mAnd &amp#27;[0m&amp#27;[36mpress create an account&amp#27;[0m                                                                                                                     &amp#27;[90m# stepDef.ProductOrderSteps.press_create_an_account()&amp#27;[0m
  &amp#27;[36mAnd &amp#27;[0m&amp#27;[36mwrite "&amp#27;[0m&amp#27;[36m&amp#27;[1mAutomation&amp#27;[0m&amp#27;[36m", "&amp#27;[0m&amp#27;[36m&amp#27;[1mTester&amp#27;[0m&amp#27;[36m", "&amp#27;[0m&amp#27;[36m&amp#27;[1m&amp#27;[0m&amp#27;[36m", "&amp#27;[0m&amp#27;[36m&amp#27;[1mTestingAddress&amp#27;[0m&amp#27;[36m", "&amp#27;[0m&amp#27;[36m&amp#27;[1mSan Diago&amp#27;[0m&amp#27;[36m", "&amp#27;[0m&amp#27;[36m&amp#27;[1mCalifornia&amp#27;[0m&amp#27;[36m", "&amp#27;[0m&amp#27;[36m&amp#27;[1m91911&amp#27;[0m&amp#27;[36m", "&amp#27;[0m&amp#27;[36m&amp#27;[1m01011111111&amp#27;[0m&amp#27;[36m" while one "&amp#27;[0m&amp#27;[36m&amp#27;[1mpassword&amp#27;[0m&amp#27;[36m" of them is empty&amp#27;[0m &amp#27;[90m# stepDef.AccountCreationSteps.write_while_one_of_them_is_empty(java.lang.String,java.lang.String,java.lang.String,java.lang.String,java.lang.String,java.lang.String,java.lang.String,java.lang.String,java.lang.String)&amp#27;[0m
  &amp#27;[36mAnd &amp#27;[0m&amp#27;[36mclick Register&amp#27;[0m                                                                                                                              &amp#27;[90m# stepDef.ProductOrderSteps.click_register()&amp#27;[0m
  &amp#27;[36mThen &amp#27;[0m&amp#27;[36mvalidate on page "&amp#27;[0m&amp#27;[36m&amp#27;[1mpasswd&amp#27;[0m&amp#27;[36m" according to the empty "&amp#27;[0m&amp#27;[36m&amp#27;[1mpassword&amp#27;[0m&amp#27;[36m"&amp#27;[0m                                                                                &amp#27;[90m# stepDef.AccountCreationSteps.validate_on_page_according_to_the_empty(java.lang.String,java.lang.String)&amp#27;[0m
]]></system-out>
  </testcase>
  <testcase name="runScenario" classname="testRunner.AccountCreationRunner" time="0.116">
    <failure message="no such window: target window already closed&#10;from unknown error: web view not found&#10;  (Session info: chrome=92.0.4515.131)&#10;Build info: version: &apos;3.141.59&apos;, revision: &apos;e82be7d358&apos;, time: &apos;2018-11-14T08:17:03&apos;&#10;System info: host: &apos;ITTIQ13R&apos;, ip: &apos;192.168.137.1&apos;, os.name: &apos;Windows 10&apos;, os.arch: &apos;amd64&apos;, os.version: &apos;10.0&apos;, java.version: &apos;11.0.11&apos;&#10;Driver info: org.openqa.selenium.chrome.ChromeDriver&#10;Capabilities {acceptInsecureCerts: false, browserName: chrome, browserVersion: 92.0.4515.131, chrome: {chromedriverVersion: 92.0.4515.107 (87a818b10553..., userDataDir: C:\Users\V19ANA~1\AppData\L...}, goog:chromeOptions: {debuggerAddress: localhost:57167}, javascriptEnabled: true, networkConnectionEnabled: false, pageLoadStrategy: normal, platform: WINDOWS, platformName: WINDOWS, proxy: Proxy(), setWindowRect: true, strictFileInteractability: false, timeouts: {implicit: 0, pageLoad: 300000, script: 30000}, unhandledPromptBehavior: dismiss and notify, webauthn:extension:credBlob: true, webauthn:extension:largeBlob: true, webauthn:virtualAuthenticators: true}&#10;Session ID: cf13b4aeb06e70748595de8fe43867ae" type="org.openqa.selenium.NoSuchWindowException">org.openqa.selenium.NoSuchWindowException: 
no such window: target window already closed
from unknown error: web view not found
  (Session info: chrome=92.0.4515.131)
Build info: version: '3.141.59', revision: 'e82be7d358', time: '2018-11-14T08:17:03'
System info: host: 'ITTIQ13R', ip: '192.168.137.1', os.name: 'Windows 10', os.arch: 'amd64', os.version: '10.0', java.version: '11.0.11'
Driver info: org.openqa.selenium.chrome.ChromeDriver
Capabilities {acceptInsecureCerts: false, browserName: chrome, browserVersion: 92.0.4515.131, chrome: {chromedriverVersion: 92.0.4515.107 (87a818b10553..., userDataDir: C:\Users\V19ANA~1\AppData\L...}, goog:chromeOptions: {debuggerAddress: localhost:57167}, javascriptEnabled: true, networkConnectionEnabled: false, pageLoadStrategy: normal, platform: WINDOWS, platformName: WINDOWS, proxy: Proxy(), setWindowRect: true, strictFileInteractability: false, timeouts: {implicit: 0, pageLoad: 300000, script: 30000}, unhandledPromptBehavior: dismiss and notify, webauthn:extension:credBlob: true, webauthn:extension:largeBlob: true, webauthn:virtualAuthenticators: true}
Session ID: cf13b4aeb06e70748595de8fe43867ae
</failure>
    <system-out><![CDATA[
Scenario Outline: Validate that we should fill the mandatory field                                                                         &amp#27;[90m# src/test/java/features/accountCreation.feature:33&amp#27;[0m
  &amp#27;[31mGiven &amp#27;[0m&amp#27;[31mopen automation practic website and have empty mandatory "&amp#27;[0m&amp#27;[31m&amp#27;[1maddress&amp#27;[0m&amp#27;[31m"&amp#27;[0m                                                                 &amp#27;[90m# stepDef.AccountCreationSteps.open_automation_practic_website_and_have_empty_mandatory(java.lang.String)&amp#27;[0m
      &amp#27;[31morg.openqa.selenium.NoSuchWindowException: no such window: target window already closed
from unknown error: web view not found
  (Session info: chrome=92.0.4515.131)
Build info: version: '3.141.59', revision: 'e82be7d358', time: '2018-11-14T08:17:03'
System info: host: 'ITTIQ13R', ip: '192.168.137.1', os.name: 'Windows 10', os.arch: 'amd64', os.version: '10.0', java.version: '11.0.11'
Driver info: org.openqa.selenium.chrome.ChromeDriver
Capabilities {acceptInsecureCerts: false, browserName: chrome, browserVersion: 92.0.4515.131, chrome: {chromedriverVersion: 92.0.4515.107 (87a818b10553..., userDataDir: C:\Users\V19ANA~1\AppData\L...}, goog:chromeOptions: {debuggerAddress: localhost:57167}, javascriptEnabled: true, networkConnectionEnabled: false, pageLoadStrategy: normal, platform: WINDOWS, platformName: WINDOWS, proxy: Proxy(), setWindowRect: true, strictFileInteractability: false, timeouts: {implicit: 0, pageLoad: 300000, script: 30000}, unhandledPromptBehavior: dismiss and notify, webauthn:extension:credBlob: true, webauthn:extension:largeBlob: true, webauthn:virtualAuthenticators: true}
Session ID: cf13b4aeb06e70748595de8fe43867ae
	at java.base/jdk.internal.reflect.NativeConstructorAccessorImpl.newInstance0(Native Method)
	at java.base/jdk.internal.reflect.NativeConstructorAccessorImpl.newInstance(NativeConstructorAccessorImpl.java:62)
	at java.base/jdk.internal.reflect.DelegatingConstructorAccessorImpl.newInstance(DelegatingConstructorAccessorImpl.java:45)
	at java.base/java.lang.reflect.Constructor.newInstance(Constructor.java:490)
	at org.openqa.selenium.remote.http.W3CHttpResponseCodec.createException(W3CHttpResponseCodec.java:187)
	at org.openqa.selenium.remote.http.W3CHttpResponseCodec.decode(W3CHttpResponseCodec.java:122)
	at org.openqa.selenium.remote.http.W3CHttpResponseCodec.decode(W3CHttpResponseCodec.java:49)
	at org.openqa.selenium.remote.HttpCommandExecutor.execute(HttpCommandExecutor.java:158)
	at org.openqa.selenium.remote.service.DriverCommandExecutor.execute(DriverCommandExecutor.java:83)
	at org.openqa.selenium.remote.RemoteWebDriver.execute(RemoteWebDriver.java:552)
	at org.openqa.selenium.remote.RemoteWebDriver.get(RemoteWebDriver.java:277)
	at utilities.TestBase.openWebsite(TestBase.java:65)
	at stepDef.AccountCreationSteps.open_automation_practic_website_and_have_empty_mandatory(AccountCreationSteps.java:48)
	at âœ½.open automation practic website and have empty mandatory "address"(file:///D:/Ahmed%20Nagiub/AutomationPractice/src/test/java/features/accountCreation.feature:19)
&amp#27;[0m
  &amp#27;[36mWhen &amp#27;[0m&amp#27;[36mclick sign in&amp#27;[0m                                                                                                                       &amp#27;[90m# stepDef.AccountCreationSteps.click_sign_in()&amp#27;[0m
  &amp#27;[36mAnd &amp#27;[0m&amp#27;[36mwrite email address with value "&amp#27;[0m&amp#27;[36m&amp#27;[1mtest2@moakt.cc&amp#27;[0m&amp#27;[36m"&amp#27;[0m                                                                                      &amp#27;[90m# stepDef.AccountCreationSteps.write_email_address_with_value(java.lang.String)&amp#27;[0m
  &amp#27;[36mAnd &amp#27;[0m&amp#27;[36mpress create an account&amp#27;[0m                                                                                                              &amp#27;[90m# stepDef.ProductOrderSteps.press_create_an_account()&amp#27;[0m
  &amp#27;[36mAnd &amp#27;[0m&amp#27;[36mwrite "&amp#27;[0m&amp#27;[36m&amp#27;[1mAutomation&amp#27;[0m&amp#27;[36m", "&amp#27;[0m&amp#27;[36m&amp#27;[1mTester&amp#27;[0m&amp#27;[36m", "&amp#27;[0m&amp#27;[36m&amp#27;[1mTest@123&amp#27;[0m&amp#27;[36m", "&amp#27;[0m&amp#27;[36m&amp#27;[1m&amp#27;[0m&amp#27;[36m", "&amp#27;[0m&amp#27;[36m&amp#27;[1mSan Diago&amp#27;[0m&amp#27;[36m", "&amp#27;[0m&amp#27;[36m&amp#27;[1mCalifornia&amp#27;[0m&amp#27;[36m", "&amp#27;[0m&amp#27;[36m&amp#27;[1m91911&amp#27;[0m&amp#27;[36m", "&amp#27;[0m&amp#27;[36m&amp#27;[1m01011111111&amp#27;[0m&amp#27;[36m" while one "&amp#27;[0m&amp#27;[36m&amp#27;[1maddress&amp#27;[0m&amp#27;[36m" of them is empty&amp#27;[0m &amp#27;[90m# stepDef.AccountCreationSteps.write_while_one_of_them_is_empty(java.lang.String,java.lang.String,java.lang.String,java.lang.String,java.lang.String,java.lang.String,java.lang.String,java.lang.String,java.lang.String)&amp#27;[0m
  &amp#27;[36mAnd &amp#27;[0m&amp#27;[36mclick Register&amp#27;[0m                                                                                                                       &amp#27;[90m# stepDef.ProductOrderSteps.click_register()&amp#27;[0m
  &amp#27;[36mThen &amp#27;[0m&amp#27;[36mvalidate on page "&amp#27;[0m&amp#27;[36m&amp#27;[1maddress1&amp#27;[0m&amp#27;[36m" according to the empty "&amp#27;[0m&amp#27;[36m&amp#27;[1maddress&amp#27;[0m&amp#27;[36m"&amp#27;[0m                                                                        &amp#27;[90m# stepDef.AccountCreationSteps.validate_on_page_according_to_the_empty(java.lang.String,java.lang.String)&amp#27;[0m
]]></system-out>
  </testcase>
  <testcase name="runScenario" classname="testRunner.AccountCreationRunner" time="0.039">
    <failure message="no such window: target window already closed&#10;from unknown error: web view not found&#10;  (Session info: chrome=92.0.4515.131)&#10;Build info: version: &apos;3.141.59&apos;, revision: &apos;e82be7d358&apos;, time: &apos;2018-11-14T08:17:03&apos;&#10;System info: host: &apos;ITTIQ13R&apos;, ip: &apos;192.168.137.1&apos;, os.name: &apos;Windows 10&apos;, os.arch: &apos;amd64&apos;, os.version: &apos;10.0&apos;, java.version: &apos;11.0.11&apos;&#10;Driver info: org.openqa.selenium.chrome.ChromeDriver&#10;Capabilities {acceptInsecureCerts: false, browserName: chrome, browserVersion: 92.0.4515.131, chrome: {chromedriverVersion: 92.0.4515.107 (87a818b10553..., userDataDir: C:\Users\V19ANA~1\AppData\L...}, goog:chromeOptions: {debuggerAddress: localhost:57167}, javascriptEnabled: true, networkConnectionEnabled: false, pageLoadStrategy: normal, platform: WINDOWS, platformName: WINDOWS, proxy: Proxy(), setWindowRect: true, strictFileInteractability: false, timeouts: {implicit: 0, pageLoad: 300000, script: 30000}, unhandledPromptBehavior: dismiss and notify, webauthn:extension:credBlob: true, webauthn:extension:largeBlob: true, webauthn:virtualAuthenticators: true}&#10;Session ID: cf13b4aeb06e70748595de8fe43867ae" type="org.openqa.selenium.NoSuchWindowException">org.openqa.selenium.NoSuchWindowException: 
no such window: target window already closed
from unknown error: web view not found
  (Session info: chrome=92.0.4515.131)
Build info: version: '3.141.59', revision: 'e82be7d358', time: '2018-11-14T08:17:03'
System info: host: 'ITTIQ13R', ip: '192.168.137.1', os.name: 'Windows 10', os.arch: 'amd64', os.version: '10.0', java.version: '11.0.11'
Driver info: org.openqa.selenium.chrome.ChromeDriver
Capabilities {acceptInsecureCerts: false, browserName: chrome, browserVersion: 92.0.4515.131, chrome: {chromedriverVersion: 92.0.4515.107 (87a818b10553..., userDataDir: C:\Users\V19ANA~1\AppData\L...}, goog:chromeOptions: {debuggerAddress: localhost:57167}, javascriptEnabled: true, networkConnectionEnabled: false, pageLoadStrategy: normal, platform: WINDOWS, platformName: WINDOWS, proxy: Proxy(), setWindowRect: true, strictFileInteractability: false, timeouts: {implicit: 0, pageLoad: 300000, script: 30000}, unhandledPromptBehavior: dismiss and notify, webauthn:extension:credBlob: true, webauthn:extension:largeBlob: true, webauthn:virtualAuthenticators: true}
Session ID: cf13b4aeb06e70748595de8fe43867ae
</failure>
    <system-out><![CDATA[
Scenario Outline: Validate that we should fill the mandatory field                                                                           &amp#27;[90m# src/test/java/features/accountCreation.feature:34&amp#27;[0m
  &amp#27;[31mGiven &amp#27;[0m&amp#27;[31mopen automation practic website and have empty mandatory "&amp#27;[0m&amp#27;[31m&amp#27;[1mcity&amp#27;[0m&amp#27;[31m"&amp#27;[0m                                                                      &amp#27;[90m# stepDef.AccountCreationSteps.open_automation_practic_website_and_have_empty_mandatory(java.lang.String)&amp#27;[0m
      &amp#27;[31morg.openqa.selenium.NoSuchWindowException: no such window: target window already closed
from unknown error: web view not found
  (Session info: chrome=92.0.4515.131)
Build info: version: '3.141.59', revision: 'e82be7d358', time: '2018-11-14T08:17:03'
System info: host: 'ITTIQ13R', ip: '192.168.137.1', os.name: 'Windows 10', os.arch: 'amd64', os.version: '10.0', java.version: '11.0.11'
Driver info: org.openqa.selenium.chrome.ChromeDriver
Capabilities {acceptInsecureCerts: false, browserName: chrome, browserVersion: 92.0.4515.131, chrome: {chromedriverVersion: 92.0.4515.107 (87a818b10553..., userDataDir: C:\Users\V19ANA~1\AppData\L...}, goog:chromeOptions: {debuggerAddress: localhost:57167}, javascriptEnabled: true, networkConnectionEnabled: false, pageLoadStrategy: normal, platform: WINDOWS, platformName: WINDOWS, proxy: Proxy(), setWindowRect: true, strictFileInteractability: false, timeouts: {implicit: 0, pageLoad: 300000, script: 30000}, unhandledPromptBehavior: dismiss and notify, webauthn:extension:credBlob: true, webauthn:extension:largeBlob: true, webauthn:virtualAuthenticators: true}
Session ID: cf13b4aeb06e70748595de8fe43867ae
	at java.base/jdk.internal.reflect.NativeConstructorAccessorImpl.newInstance0(Native Method)
	at java.base/jdk.internal.reflect.NativeConstructorAccessorImpl.newInstance(NativeConstructorAccessorImpl.java:62)
	at java.base/jdk.internal.reflect.DelegatingConstructorAccessorImpl.newInstance(DelegatingConstructorAccessorImpl.java:45)
	at java.base/java.lang.reflect.Constructor.newInstance(Constructor.java:490)
	at org.openqa.selenium.remote.http.W3CHttpResponseCodec.createException(W3CHttpResponseCodec.java:187)
	at org.openqa.selenium.remote.http.W3CHttpResponseCodec.decode(W3CHttpResponseCodec.java:122)
	at org.openqa.selenium.remote.http.W3CHttpResponseCodec.decode(W3CHttpResponseCodec.java:49)
	at org.openqa.selenium.remote.HttpCommandExecutor.execute(HttpCommandExecutor.java:158)
	at org.openqa.selenium.remote.service.DriverCommandExecutor.execute(DriverCommandExecutor.java:83)
	at org.openqa.selenium.remote.RemoteWebDriver.execute(RemoteWebDriver.java:552)
	at org.openqa.selenium.remote.RemoteWebDriver.get(RemoteWebDriver.java:277)
	at utilities.TestBase.openWebsite(TestBase.java:65)
	at stepDef.AccountCreationSteps.open_automation_practic_website_and_have_empty_mandatory(AccountCreationSteps.java:48)
	at âœ½.open automation practic website and have empty mandatory "city"(file:///D:/Ahmed%20Nagiub/AutomationPractice/src/test/java/features/accountCreation.feature:19)
&amp#27;[0m
  &amp#27;[36mWhen &amp#27;[0m&amp#27;[36mclick sign in&amp#27;[0m                                                                                                                         &amp#27;[90m# stepDef.AccountCreationSteps.click_sign_in()&amp#27;[0m
  &amp#27;[36mAnd &amp#27;[0m&amp#27;[36mwrite email address with value "&amp#27;[0m&amp#27;[36m&amp#27;[1mtest2@moakt.cc&amp#27;[0m&amp#27;[36m"&amp#27;[0m                                                                                        &amp#27;[90m# stepDef.AccountCreationSteps.write_email_address_with_value(java.lang.String)&amp#27;[0m
  &amp#27;[36mAnd &amp#27;[0m&amp#27;[36mpress create an account&amp#27;[0m                                                                                                                &amp#27;[90m# stepDef.ProductOrderSteps.press_create_an_account()&amp#27;[0m
  &amp#27;[36mAnd &amp#27;[0m&amp#27;[36mwrite "&amp#27;[0m&amp#27;[36m&amp#27;[1mAutomation&amp#27;[0m&amp#27;[36m", "&amp#27;[0m&amp#27;[36m&amp#27;[1mTester&amp#27;[0m&amp#27;[36m", "&amp#27;[0m&amp#27;[36m&amp#27;[1mTest@123&amp#27;[0m&amp#27;[36m", "&amp#27;[0m&amp#27;[36m&amp#27;[1mTestingAddress&amp#27;[0m&amp#27;[36m", "&amp#27;[0m&amp#27;[36m&amp#27;[1m&amp#27;[0m&amp#27;[36m", "&amp#27;[0m&amp#27;[36m&amp#27;[1mCalifornia&amp#27;[0m&amp#27;[36m", "&amp#27;[0m&amp#27;[36m&amp#27;[1m91911&amp#27;[0m&amp#27;[36m", "&amp#27;[0m&amp#27;[36m&amp#27;[1m01011111111&amp#27;[0m&amp#27;[36m" while one "&amp#27;[0m&amp#27;[36m&amp#27;[1mcity&amp#27;[0m&amp#27;[36m" of them is empty&amp#27;[0m &amp#27;[90m# stepDef.AccountCreationSteps.write_while_one_of_them_is_empty(java.lang.String,java.lang.String,java.lang.String,java.lang.String,java.lang.String,java.lang.String,java.lang.String,java.lang.String,java.lang.String)&amp#27;[0m
  &amp#27;[36mAnd &amp#27;[0m&amp#27;[36mclick Register&amp#27;[0m                                                                                                                         &amp#27;[90m# stepDef.ProductOrderSteps.click_register()&amp#27;[0m
  &amp#27;[36mThen &amp#27;[0m&amp#27;[36mvalidate on page "&amp#27;[0m&amp#27;[36m&amp#27;[1mcity&amp#27;[0m&amp#27;[36m" according to the empty "&amp#27;[0m&amp#27;[36m&amp#27;[1mcity&amp#27;[0m&amp#27;[36m"&amp#27;[0m                                                                                 &amp#27;[90m# stepDef.AccountCreationSteps.validate_on_page_according_to_the_empty(java.lang.String,java.lang.String)&amp#27;[0m
]]></system-out>
  </testcase>
  <testcase name="runScenario" classname="testRunner.AccountCreationRunner" time="0.168">
    <failure message="no such window: target window already closed&#10;from unknown error: web view not found&#10;  (Session info: chrome=92.0.4515.131)&#10;Build info: version: &apos;3.141.59&apos;, revision: &apos;e82be7d358&apos;, time: &apos;2018-11-14T08:17:03&apos;&#10;System info: host: &apos;ITTIQ13R&apos;, ip: &apos;192.168.137.1&apos;, os.name: &apos;Windows 10&apos;, os.arch: &apos;amd64&apos;, os.version: &apos;10.0&apos;, java.version: &apos;11.0.11&apos;&#10;Driver info: org.openqa.selenium.chrome.ChromeDriver&#10;Capabilities {acceptInsecureCerts: false, browserName: chrome, browserVersion: 92.0.4515.131, chrome: {chromedriverVersion: 92.0.4515.107 (87a818b10553..., userDataDir: C:\Users\V19ANA~1\AppData\L...}, goog:chromeOptions: {debuggerAddress: localhost:57167}, javascriptEnabled: true, networkConnectionEnabled: false, pageLoadStrategy: normal, platform: WINDOWS, platformName: WINDOWS, proxy: Proxy(), setWindowRect: true, strictFileInteractability: false, timeouts: {implicit: 0, pageLoad: 300000, script: 30000}, unhandledPromptBehavior: dismiss and notify, webauthn:extension:credBlob: true, webauthn:extension:largeBlob: true, webauthn:virtualAuthenticators: true}&#10;Session ID: cf13b4aeb06e70748595de8fe43867ae" type="org.openqa.selenium.NoSuchWindowException">org.openqa.selenium.NoSuchWindowException: 
no such window: target window already closed
from unknown error: web view not found
  (Session info: chrome=92.0.4515.131)
Build info: version: '3.141.59', revision: 'e82be7d358', time: '2018-11-14T08:17:03'
System info: host: 'ITTIQ13R', ip: '192.168.137.1', os.name: 'Windows 10', os.arch: 'amd64', os.version: '10.0', java.version: '11.0.11'
Driver info: org.openqa.selenium.chrome.ChromeDriver
Capabilities {acceptInsecureCerts: false, browserName: chrome, browserVersion: 92.0.4515.131, chrome: {chromedriverVersion: 92.0.4515.107 (87a818b10553..., userDataDir: C:\Users\V19ANA~1\AppData\L...}, goog:chromeOptions: {debuggerAddress: localhost:57167}, javascriptEnabled: true, networkConnectionEnabled: false, pageLoadStrategy: normal, platform: WINDOWS, platformName: WINDOWS, proxy: Proxy(), setWindowRect: true, strictFileInteractability: false, timeouts: {implicit: 0, pageLoad: 300000, script: 30000}, unhandledPromptBehavior: dismiss and notify, webauthn:extension:credBlob: true, webauthn:extension:largeBlob: true, webauthn:virtualAuthenticators: true}
Session ID: cf13b4aeb06e70748595de8fe43867ae
</failure>
    <system-out><![CDATA[
Scenario Outline: Validate that we should fill the mandatory field                                                                           &amp#27;[90m# src/test/java/features/accountCreation.feature:35&amp#27;[0m
  &amp#27;[31mGiven &amp#27;[0m&amp#27;[31mopen automation practic website and have empty mandatory "&amp#27;[0m&amp#27;[31m&amp#27;[1mstate&amp#27;[0m&amp#27;[31m"&amp#27;[0m                                                                     &amp#27;[90m# stepDef.AccountCreationSteps.open_automation_practic_website_and_have_empty_mandatory(java.lang.String)&amp#27;[0m
      &amp#27;[31morg.openqa.selenium.NoSuchWindowException: no such window: target window already closed
from unknown error: web view not found
  (Session info: chrome=92.0.4515.131)
Build info: version: '3.141.59', revision: 'e82be7d358', time: '2018-11-14T08:17:03'
System info: host: 'ITTIQ13R', ip: '192.168.137.1', os.name: 'Windows 10', os.arch: 'amd64', os.version: '10.0', java.version: '11.0.11'
Driver info: org.openqa.selenium.chrome.ChromeDriver
Capabilities {acceptInsecureCerts: false, browserName: chrome, browserVersion: 92.0.4515.131, chrome: {chromedriverVersion: 92.0.4515.107 (87a818b10553..., userDataDir: C:\Users\V19ANA~1\AppData\L...}, goog:chromeOptions: {debuggerAddress: localhost:57167}, javascriptEnabled: true, networkConnectionEnabled: false, pageLoadStrategy: normal, platform: WINDOWS, platformName: WINDOWS, proxy: Proxy(), setWindowRect: true, strictFileInteractability: false, timeouts: {implicit: 0, pageLoad: 300000, script: 30000}, unhandledPromptBehavior: dismiss and notify, webauthn:extension:credBlob: true, webauthn:extension:largeBlob: true, webauthn:virtualAuthenticators: true}
Session ID: cf13b4aeb06e70748595de8fe43867ae
	at java.base/jdk.internal.reflect.NativeConstructorAccessorImpl.newInstance0(Native Method)
	at java.base/jdk.internal.reflect.NativeConstructorAccessorImpl.newInstance(NativeConstructorAccessorImpl.java:62)
	at java.base/jdk.internal.reflect.DelegatingConstructorAccessorImpl.newInstance(DelegatingConstructorAccessorImpl.java:45)
	at java.base/java.lang.reflect.Constructor.newInstance(Constructor.java:490)
	at org.openqa.selenium.remote.http.W3CHttpResponseCodec.createException(W3CHttpResponseCodec.java:187)
	at org.openqa.selenium.remote.http.W3CHttpResponseCodec.decode(W3CHttpResponseCodec.java:122)
	at org.openqa.selenium.remote.http.W3CHttpResponseCodec.decode(W3CHttpResponseCodec.java:49)
	at org.openqa.selenium.remote.HttpCommandExecutor.execute(HttpCommandExecutor.java:158)
	at org.openqa.selenium.remote.service.DriverCommandExecutor.execute(DriverCommandExecutor.java:83)
	at org.openqa.selenium.remote.RemoteWebDriver.execute(RemoteWebDriver.java:552)
	at org.openqa.selenium.remote.RemoteWebDriver.get(RemoteWebDriver.java:277)
	at utilities.TestBase.openWebsite(TestBase.java:65)
	at stepDef.AccountCreationSteps.open_automation_practic_website_and_have_empty_mandatory(AccountCreationSteps.java:48)
	at âœ½.open automation practic website and have empty mandatory "state"(file:///D:/Ahmed%20Nagiub/AutomationPractice/src/test/java/features/accountCreation.feature:19)
&amp#27;[0m
  &amp#27;[36mWhen &amp#27;[0m&amp#27;[36mclick sign in&amp#27;[0m                                                                                                                         &amp#27;[90m# stepDef.AccountCreationSteps.click_sign_in()&amp#27;[0m
  &amp#27;[36mAnd &amp#27;[0m&amp#27;[36mwrite email address with value "&amp#27;[0m&amp#27;[36m&amp#27;[1mtest2@moakt.cc&amp#27;[0m&amp#27;[36m"&amp#27;[0m                                                                                        &amp#27;[90m# stepDef.AccountCreationSteps.write_email_address_with_value(java.lang.String)&amp#27;[0m
  &amp#27;[36mAnd &amp#27;[0m&amp#27;[36mpress create an account&amp#27;[0m                                                                                                                &amp#27;[90m# stepDef.ProductOrderSteps.press_create_an_account()&amp#27;[0m
  &amp#27;[36mAnd &amp#27;[0m&amp#27;[36mwrite "&amp#27;[0m&amp#27;[36m&amp#27;[1mAutomation&amp#27;[0m&amp#27;[36m", "&amp#27;[0m&amp#27;[36m&amp#27;[1mTester&amp#27;[0m&amp#27;[36m", "&amp#27;[0m&amp#27;[36m&amp#27;[1mTest@123&amp#27;[0m&amp#27;[36m", "&amp#27;[0m&amp#27;[36m&amp#27;[1mTestingAddress&amp#27;[0m&amp#27;[36m", "&amp#27;[0m&amp#27;[36m&amp#27;[1mSan Diago&amp#27;[0m&amp#27;[36m", "&amp#27;[0m&amp#27;[36m&amp#27;[1m&amp#27;[0m&amp#27;[36m", "&amp#27;[0m&amp#27;[36m&amp#27;[1m91911&amp#27;[0m&amp#27;[36m", "&amp#27;[0m&amp#27;[36m&amp#27;[1m01011111111&amp#27;[0m&amp#27;[36m" while one "&amp#27;[0m&amp#27;[36m&amp#27;[1mstate&amp#27;[0m&amp#27;[36m" of them is empty&amp#27;[0m &amp#27;[90m# stepDef.AccountCreationSteps.write_while_one_of_them_is_empty(java.lang.String,java.lang.String,java.lang.String,java.lang.String,java.lang.String,java.lang.String,java.lang.String,java.lang.String,java.lang.String)&amp#27;[0m
  &amp#27;[36mAnd &amp#27;[0m&amp#27;[36mclick Register&amp#27;[0m                                                                                                                         &amp#27;[90m# stepDef.ProductOrderSteps.click_register()&amp#27;[0m
  &amp#27;[36mThen &amp#27;[0m&amp#27;[36mvalidate on page "&amp#27;[0m&amp#27;[36m&amp#27;[1mThis country requires you to choose a State.&amp#27;[0m&amp#27;[36m" according to the empty "&amp#27;[0m&amp#27;[36m&amp#27;[1mstate&amp#27;[0m&amp#27;[36m"&amp#27;[0m                                        &amp#27;[90m# stepDef.AccountCreationSteps.validate_on_page_according_to_the_empty(java.lang.String,java.lang.String)&amp#27;[0m
]]></system-out>
  </testcase>
  <testcase name="runScenario" classname="testRunner.AccountCreationRunner" time="0.149">
    <failure message="no such window: target window already closed&#10;from unknown error: web view not found&#10;  (Session info: chrome=92.0.4515.131)&#10;Build info: version: &apos;3.141.59&apos;, revision: &apos;e82be7d358&apos;, time: &apos;2018-11-14T08:17:03&apos;&#10;System info: host: &apos;ITTIQ13R&apos;, ip: &apos;192.168.137.1&apos;, os.name: &apos;Windows 10&apos;, os.arch: &apos;amd64&apos;, os.version: &apos;10.0&apos;, java.version: &apos;11.0.11&apos;&#10;Driver info: org.openqa.selenium.chrome.ChromeDriver&#10;Capabilities {acceptInsecureCerts: false, browserName: chrome, browserVersion: 92.0.4515.131, chrome: {chromedriverVersion: 92.0.4515.107 (87a818b10553..., userDataDir: C:\Users\V19ANA~1\AppData\L...}, goog:chromeOptions: {debuggerAddress: localhost:57167}, javascriptEnabled: true, networkConnectionEnabled: false, pageLoadStrategy: normal, platform: WINDOWS, platformName: WINDOWS, proxy: Proxy(), setWindowRect: true, strictFileInteractability: false, timeouts: {implicit: 0, pageLoad: 300000, script: 30000}, unhandledPromptBehavior: dismiss and notify, webauthn:extension:credBlob: true, webauthn:extension:largeBlob: true, webauthn:virtualAuthenticators: true}&#10;Session ID: cf13b4aeb06e70748595de8fe43867ae" type="org.openqa.selenium.NoSuchWindowException">org.openqa.selenium.NoSuchWindowException: 
no such window: target window already closed
from unknown error: web view not found
  (Session info: chrome=92.0.4515.131)
Build info: version: '3.141.59', revision: 'e82be7d358', time: '2018-11-14T08:17:03'
System info: host: 'ITTIQ13R', ip: '192.168.137.1', os.name: 'Windows 10', os.arch: 'amd64', os.version: '10.0', java.version: '11.0.11'
Driver info: org.openqa.selenium.chrome.ChromeDriver
Capabilities {acceptInsecureCerts: false, browserName: chrome, browserVersion: 92.0.4515.131, chrome: {chromedriverVersion: 92.0.4515.107 (87a818b10553..., userDataDir: C:\Users\V19ANA~1\AppData\L...}, goog:chromeOptions: {debuggerAddress: localhost:57167}, javascriptEnabled: true, networkConnectionEnabled: false, pageLoadStrategy: normal, platform: WINDOWS, platformName: WINDOWS, proxy: Proxy(), setWindowRect: true, strictFileInteractability: false, timeouts: {implicit: 0, pageLoad: 300000, script: 30000}, unhandledPromptBehavior: dismiss and notify, webauthn:extension:credBlob: true, webauthn:extension:largeBlob: true, webauthn:virtualAuthenticators: true}
Session ID: cf13b4aeb06e70748595de8fe43867ae
</failure>
    <system-out><![CDATA[
Scenario Outline: Validate that we should fill the mandatory field                                                                                     &amp#27;[90m# src/test/java/features/accountCreation.feature:36&amp#27;[0m
  &amp#27;[31mGiven &amp#27;[0m&amp#27;[31mopen automation practic website and have empty mandatory "&amp#27;[0m&amp#27;[31m&amp#27;[1mpostalCode&amp#27;[0m&amp#27;[31m"&amp#27;[0m                                                                          &amp#27;[90m# stepDef.AccountCreationSteps.open_automation_practic_website_and_have_empty_mandatory(java.lang.String)&amp#27;[0m
      &amp#27;[31morg.openqa.selenium.NoSuchWindowException: no such window: target window already closed
from unknown error: web view not found
  (Session info: chrome=92.0.4515.131)
Build info: version: '3.141.59', revision: 'e82be7d358', time: '2018-11-14T08:17:03'
System info: host: 'ITTIQ13R', ip: '192.168.137.1', os.name: 'Windows 10', os.arch: 'amd64', os.version: '10.0', java.version: '11.0.11'
Driver info: org.openqa.selenium.chrome.ChromeDriver
Capabilities {acceptInsecureCerts: false, browserName: chrome, browserVersion: 92.0.4515.131, chrome: {chromedriverVersion: 92.0.4515.107 (87a818b10553..., userDataDir: C:\Users\V19ANA~1\AppData\L...}, goog:chromeOptions: {debuggerAddress: localhost:57167}, javascriptEnabled: true, networkConnectionEnabled: false, pageLoadStrategy: normal, platform: WINDOWS, platformName: WINDOWS, proxy: Proxy(), setWindowRect: true, strictFileInteractability: false, timeouts: {implicit: 0, pageLoad: 300000, script: 30000}, unhandledPromptBehavior: dismiss and notify, webauthn:extension:credBlob: true, webauthn:extension:largeBlob: true, webauthn:virtualAuthenticators: true}
Session ID: cf13b4aeb06e70748595de8fe43867ae
	at java.base/jdk.internal.reflect.NativeConstructorAccessorImpl.newInstance0(Native Method)
	at java.base/jdk.internal.reflect.NativeConstructorAccessorImpl.newInstance(NativeConstructorAccessorImpl.java:62)
	at java.base/jdk.internal.reflect.DelegatingConstructorAccessorImpl.newInstance(DelegatingConstructorAccessorImpl.java:45)
	at java.base/java.lang.reflect.Constructor.newInstance(Constructor.java:490)
	at org.openqa.selenium.remote.http.W3CHttpResponseCodec.createException(W3CHttpResponseCodec.java:187)
	at org.openqa.selenium.remote.http.W3CHttpResponseCodec.decode(W3CHttpResponseCodec.java:122)
	at org.openqa.selenium.remote.http.W3CHttpResponseCodec.decode(W3CHttpResponseCodec.java:49)
	at org.openqa.selenium.remote.HttpCommandExecutor.execute(HttpCommandExecutor.java:158)
	at org.openqa.selenium.remote.service.DriverCommandExecutor.execute(DriverCommandExecutor.java:83)
	at org.openqa.selenium.remote.RemoteWebDriver.execute(RemoteWebDriver.java:552)
	at org.openqa.selenium.remote.RemoteWebDriver.get(RemoteWebDriver.java:277)
	at utilities.TestBase.openWebsite(TestBase.java:65)
	at stepDef.AccountCreationSteps.open_automation_practic_website_and_have_empty_mandatory(AccountCreationSteps.java:48)
	at âœ½.open automation practic website and have empty mandatory "postalCode"(file:///D:/Ahmed%20Nagiub/AutomationPractice/src/test/java/features/accountCreation.feature:19)
&amp#27;[0m
  &amp#27;[36mWhen &amp#27;[0m&amp#27;[36mclick sign in&amp#27;[0m                                                                                                                                   &amp#27;[90m# stepDef.AccountCreationSteps.click_sign_in()&amp#27;[0m
  &amp#27;[36mAnd &amp#27;[0m&amp#27;[36mwrite email address with value "&amp#27;[0m&amp#27;[36m&amp#27;[1mtest2@moakt.cc&amp#27;[0m&amp#27;[36m"&amp#27;[0m                                                                                                  &amp#27;[90m# stepDef.AccountCreationSteps.write_email_address_with_value(java.lang.String)&amp#27;[0m
  &amp#27;[36mAnd &amp#27;[0m&amp#27;[36mpress create an account&amp#27;[0m                                                                                                                          &amp#27;[90m# stepDef.ProductOrderSteps.press_create_an_account()&amp#27;[0m
  &amp#27;[36mAnd &amp#27;[0m&amp#27;[36mwrite "&amp#27;[0m&amp#27;[36m&amp#27;[1mAutomation&amp#27;[0m&amp#27;[36m", "&amp#27;[0m&amp#27;[36m&amp#27;[1mTester&amp#27;[0m&amp#27;[36m", "&amp#27;[0m&amp#27;[36m&amp#27;[1mTest@123&amp#27;[0m&amp#27;[36m", "&amp#27;[0m&amp#27;[36m&amp#27;[1mTestingAddress&amp#27;[0m&amp#27;[36m", "&amp#27;[0m&amp#27;[36m&amp#27;[1mSan Diago&amp#27;[0m&amp#27;[36m", "&amp#27;[0m&amp#27;[36m&amp#27;[1mCalifornia&amp#27;[0m&amp#27;[36m", "&amp#27;[0m&amp#27;[36m&amp#27;[1m&amp#27;[0m&amp#27;[36m", "&amp#27;[0m&amp#27;[36m&amp#27;[1m01011111111&amp#27;[0m&amp#27;[36m" while one "&amp#27;[0m&amp#27;[36m&amp#27;[1mpostalCode&amp#27;[0m&amp#27;[36m" of them is empty&amp#27;[0m &amp#27;[90m# stepDef.AccountCreationSteps.write_while_one_of_them_is_empty(java.lang.String,java.lang.String,java.lang.String,java.lang.String,java.lang.String,java.lang.String,java.lang.String,java.lang.String,java.lang.String)&amp#27;[0m
  &amp#27;[36mAnd &amp#27;[0m&amp#27;[36mclick Register&amp#27;[0m                                                                                                                                   &amp#27;[90m# stepDef.ProductOrderSteps.click_register()&amp#27;[0m
  &amp#27;[36mThen &amp#27;[0m&amp#27;[36mvalidate on page "&amp#27;[0m&amp#27;[36m&amp#27;[1mThe Zip/Postal code you've entered is invalid. It must follow this format: 00000&amp#27;[0m&amp#27;[36m" according to the empty "&amp#27;[0m&amp#27;[36m&amp#27;[1mpostalCode&amp#27;[0m&amp#27;[36m"&amp#27;[0m         &amp#27;[90m# stepDef.AccountCreationSteps.validate_on_page_according_to_the_empty(java.lang.String,java.lang.String)&amp#27;[0m
]]></system-out>
  </testcase>
  <testcase name="runScenario" classname="testRunner.AccountCreationRunner" time="0.035">
    <failure message="no such window: target window already closed&#10;from unknown error: web view not found&#10;  (Session info: chrome=92.0.4515.131)&#10;Build info: version: &apos;3.141.59&apos;, revision: &apos;e82be7d358&apos;, time: &apos;2018-11-14T08:17:03&apos;&#10;System info: host: &apos;ITTIQ13R&apos;, ip: &apos;192.168.137.1&apos;, os.name: &apos;Windows 10&apos;, os.arch: &apos;amd64&apos;, os.version: &apos;10.0&apos;, java.version: &apos;11.0.11&apos;&#10;Driver info: org.openqa.selenium.chrome.ChromeDriver&#10;Capabilities {acceptInsecureCerts: false, browserName: chrome, browserVersion: 92.0.4515.131, chrome: {chromedriverVersion: 92.0.4515.107 (87a818b10553..., userDataDir: C:\Users\V19ANA~1\AppData\L...}, goog:chromeOptions: {debuggerAddress: localhost:57167}, javascriptEnabled: true, networkConnectionEnabled: false, pageLoadStrategy: normal, platform: WINDOWS, platformName: WINDOWS, proxy: Proxy(), setWindowRect: true, strictFileInteractability: false, timeouts: {implicit: 0, pageLoad: 300000, script: 30000}, unhandledPromptBehavior: dismiss and notify, webauthn:extension:credBlob: true, webauthn:extension:largeBlob: true, webauthn:virtualAuthenticators: true}&#10;Session ID: cf13b4aeb06e70748595de8fe43867ae" type="org.openqa.selenium.NoSuchWindowException">org.openqa.selenium.NoSuchWindowException: 
no such window: target window already closed
from unknown error: web view not found
  (Session info: chrome=92.0.4515.131)
Build info: version: '3.141.59', revision: 'e82be7d358', time: '2018-11-14T08:17:03'
System info: host: 'ITTIQ13R', ip: '192.168.137.1', os.name: 'Windows 10', os.arch: 'amd64', os.version: '10.0', java.version: '11.0.11'
Driver info: org.openqa.selenium.chrome.ChromeDriver
Capabilities {acceptInsecureCerts: false, browserName: chrome, browserVersion: 92.0.4515.131, chrome: {chromedriverVersion: 92.0.4515.107 (87a818b10553..., userDataDir: C:\Users\V19ANA~1\AppData\L...}, goog:chromeOptions: {debuggerAddress: localhost:57167}, javascriptEnabled: true, networkConnectionEnabled: false, pageLoadStrategy: normal, platform: WINDOWS, platformName: WINDOWS, proxy: Proxy(), setWindowRect: true, strictFileInteractability: false, timeouts: {implicit: 0, pageLoad: 300000, script: 30000}, unhandledPromptBehavior: dismiss and notify, webauthn:extension:credBlob: true, webauthn:extension:largeBlob: true, webauthn:virtualAuthenticators: true}
Session ID: cf13b4aeb06e70748595de8fe43867ae
</failure>
    <system-out><![CDATA[
Scenario Outline: Validate that we should fill the mandatory field                                                                           &amp#27;[90m# src/test/java/features/accountCreation.feature:37&amp#27;[0m
  &amp#27;[31mGiven &amp#27;[0m&amp#27;[31mopen automation practic website and have empty mandatory "&amp#27;[0m&amp#27;[31m&amp#27;[1mmobile&amp#27;[0m&amp#27;[31m"&amp#27;[0m                                                                    &amp#27;[90m# stepDef.AccountCreationSteps.open_automation_practic_website_and_have_empty_mandatory(java.lang.String)&amp#27;[0m
      &amp#27;[31morg.openqa.selenium.NoSuchWindowException: no such window: target window already closed
from unknown error: web view not found
  (Session info: chrome=92.0.4515.131)
Build info: version: '3.141.59', revision: 'e82be7d358', time: '2018-11-14T08:17:03'
System info: host: 'ITTIQ13R', ip: '192.168.137.1', os.name: 'Windows 10', os.arch: 'amd64', os.version: '10.0', java.version: '11.0.11'
Driver info: org.openqa.selenium.chrome.ChromeDriver
Capabilities {acceptInsecureCerts: false, browserName: chrome, browserVersion: 92.0.4515.131, chrome: {chromedriverVersion: 92.0.4515.107 (87a818b10553..., userDataDir: C:\Users\V19ANA~1\AppData\L...}, goog:chromeOptions: {debuggerAddress: localhost:57167}, javascriptEnabled: true, networkConnectionEnabled: false, pageLoadStrategy: normal, platform: WINDOWS, platformName: WINDOWS, proxy: Proxy(), setWindowRect: true, strictFileInteractability: false, timeouts: {implicit: 0, pageLoad: 300000, script: 30000}, unhandledPromptBehavior: dismiss and notify, webauthn:extension:credBlob: true, webauthn:extension:largeBlob: true, webauthn:virtualAuthenticators: true}
Session ID: cf13b4aeb06e70748595de8fe43867ae
	at java.base/jdk.internal.reflect.NativeConstructorAccessorImpl.newInstance0(Native Method)
	at java.base/jdk.internal.reflect.NativeConstructorAccessorImpl.newInstance(NativeConstructorAccessorImpl.java:62)
	at java.base/jdk.internal.reflect.DelegatingConstructorAccessorImpl.newInstance(DelegatingConstructorAccessorImpl.java:45)
	at java.base/java.lang.reflect.Constructor.newInstance(Constructor.java:490)
	at org.openqa.selenium.remote.http.W3CHttpResponseCodec.createException(W3CHttpResponseCodec.java:187)
	at org.openqa.selenium.remote.http.W3CHttpResponseCodec.decode(W3CHttpResponseCodec.java:122)
	at org.openqa.selenium.remote.http.W3CHttpResponseCodec.decode(W3CHttpResponseCodec.java:49)
	at org.openqa.selenium.remote.HttpCommandExecutor.execute(HttpCommandExecutor.java:158)
	at org.openqa.selenium.remote.service.DriverCommandExecutor.execute(DriverCommandExecutor.java:83)
	at org.openqa.selenium.remote.RemoteWebDriver.execute(RemoteWebDriver.java:552)
	at org.openqa.selenium.remote.RemoteWebDriver.get(RemoteWebDriver.java:277)
	at utilities.TestBase.openWebsite(TestBase.java:65)
	at stepDef.AccountCreationSteps.open_automation_practic_website_and_have_empty_mandatory(AccountCreationSteps.java:48)
	at âœ½.open automation practic website and have empty mandatory "mobile"(file:///D:/Ahmed%20Nagiub/AutomationPractice/src/test/java/features/accountCreation.feature:19)
&amp#27;[0m
  &amp#27;[36mWhen &amp#27;[0m&amp#27;[36mclick sign in&amp#27;[0m                                                                                                                         &amp#27;[90m# stepDef.AccountCreationSteps.click_sign_in()&amp#27;[0m
  &amp#27;[36mAnd &amp#27;[0m&amp#27;[36mwrite email address with value "&amp#27;[0m&amp#27;[36m&amp#27;[1mtest2@moakt.cc&amp#27;[0m&amp#27;[36m"&amp#27;[0m                                                                                        &amp#27;[90m# stepDef.AccountCreationSteps.write_email_address_with_value(java.lang.String)&amp#27;[0m
  &amp#27;[36mAnd &amp#27;[0m&amp#27;[36mpress create an account&amp#27;[0m                                                                                                                &amp#27;[90m# stepDef.ProductOrderSteps.press_create_an_account()&amp#27;[0m
  &amp#27;[36mAnd &amp#27;[0m&amp#27;[36mwrite "&amp#27;[0m&amp#27;[36m&amp#27;[1mAutomation&amp#27;[0m&amp#27;[36m", "&amp#27;[0m&amp#27;[36m&amp#27;[1mTester&amp#27;[0m&amp#27;[36m", "&amp#27;[0m&amp#27;[36m&amp#27;[1mTest@123&amp#27;[0m&amp#27;[36m", "&amp#27;[0m&amp#27;[36m&amp#27;[1mTestingAddress&amp#27;[0m&amp#27;[36m", "&amp#27;[0m&amp#27;[36m&amp#27;[1mSan Diago&amp#27;[0m&amp#27;[36m", "&amp#27;[0m&amp#27;[36m&amp#27;[1mCalifornia&amp#27;[0m&amp#27;[36m", "&amp#27;[0m&amp#27;[36m&amp#27;[1m91911&amp#27;[0m&amp#27;[36m", "&amp#27;[0m&amp#27;[36m&amp#27;[1m&amp#27;[0m&amp#27;[36m" while one "&amp#27;[0m&amp#27;[36m&amp#27;[1mmobile&amp#27;[0m&amp#27;[36m" of them is empty&amp#27;[0m &amp#27;[90m# stepDef.AccountCreationSteps.write_while_one_of_them_is_empty(java.lang.String,java.lang.String,java.lang.String,java.lang.String,java.lang.String,java.lang.String,java.lang.String,java.lang.String,java.lang.String)&amp#27;[0m
  &amp#27;[36mAnd &amp#27;[0m&amp#27;[36mclick Register&amp#27;[0m                                                                                                                         &amp#27;[90m# stepDef.ProductOrderSteps.click_register()&amp#27;[0m
  &amp#27;[36mThen &amp#27;[0m&amp#27;[36mvalidate on page "&amp#27;[0m&amp#27;[36m&amp#27;[1mYou must register at least one phone number.&amp#27;[0m&amp#27;[36m" according to the empty "&amp#27;[0m&amp#27;[36m&amp#27;[1mmobile&amp#27;[0m&amp#27;[36m"&amp#27;[0m                                       &amp#27;[90m# stepDef.AccountCreationSteps.validate_on_page_according_to_the_empty(java.lang.String,java.lang.String)&amp#27;[0m
]]></system-out>
  </testcase>
  <testcase name="runScenario" classname="testRunner.AccountCreationRunner" time="0.092">
    <failure message="no such window: target window already closed&#10;from unknown error: web view not found&#10;  (Session info: chrome=92.0.4515.131)&#10;Build info: version: &apos;3.141.59&apos;, revision: &apos;e82be7d358&apos;, time: &apos;2018-11-14T08:17:03&apos;&#10;System info: host: &apos;ITTIQ13R&apos;, ip: &apos;192.168.137.1&apos;, os.name: &apos;Windows 10&apos;, os.arch: &apos;amd64&apos;, os.version: &apos;10.0&apos;, java.version: &apos;11.0.11&apos;&#10;Driver info: org.openqa.selenium.chrome.ChromeDriver&#10;Capabilities {acceptInsecureCerts: false, browserName: chrome, browserVersion: 92.0.4515.131, chrome: {chromedriverVersion: 92.0.4515.107 (87a818b10553..., userDataDir: C:\Users\V19ANA~1\AppData\L...}, goog:chromeOptions: {debuggerAddress: localhost:57167}, javascriptEnabled: true, networkConnectionEnabled: false, pageLoadStrategy: normal, platform: WINDOWS, platformName: WINDOWS, proxy: Proxy(), setWindowRect: true, strictFileInteractability: false, timeouts: {implicit: 0, pageLoad: 300000, script: 30000}, unhandledPromptBehavior: dismiss and notify, webauthn:extension:credBlob: true, webauthn:extension:largeBlob: true, webauthn:virtualAuthenticators: true}&#10;Session ID: cf13b4aeb06e70748595de8fe43867ae" type="org.openqa.selenium.NoSuchWindowException">org.openqa.selenium.NoSuchWindowException: 
no such window: target window already closed
from unknown error: web view not found
  (Session info: chrome=92.0.4515.131)
Build info: version: '3.141.59', revision: 'e82be7d358', time: '2018-11-14T08:17:03'
System info: host: 'ITTIQ13R', ip: '192.168.137.1', os.name: 'Windows 10', os.arch: 'amd64', os.version: '10.0', java.version: '11.0.11'
Driver info: org.openqa.selenium.chrome.ChromeDriver
Capabilities {acceptInsecureCerts: false, browserName: chrome, browserVersion: 92.0.4515.131, chrome: {chromedriverVersion: 92.0.4515.107 (87a818b10553..., userDataDir: C:\Users\V19ANA~1\AppData\L...}, goog:chromeOptions: {debuggerAddress: localhost:57167}, javascriptEnabled: true, networkConnectionEnabled: false, pageLoadStrategy: normal, platform: WINDOWS, platformName: WINDOWS, proxy: Proxy(), setWindowRect: true, strictFileInteractability: false, timeouts: {implicit: 0, pageLoad: 300000, script: 30000}, unhandledPromptBehavior: dismiss and notify, webauthn:extension:credBlob: true, webauthn:extension:largeBlob: true, webauthn:virtualAuthenticators: true}
Session ID: cf13b4aeb06e70748595de8fe43867ae
</failure>
    <system-out><![CDATA[
Scenario Outline: Validate that we should fill the mandatory field                                                                                     &amp#27;[90m# src/test/java/features/accountCreation.feature:38&amp#27;[0m
  &amp#27;[31mGiven &amp#27;[0m&amp#27;[31mopen automation practic website and have empty mandatory "&amp#27;[0m&amp#27;[31m&amp#27;[1malias&amp#27;[0m&amp#27;[31m"&amp#27;[0m                                                                               &amp#27;[90m# stepDef.AccountCreationSteps.open_automation_practic_website_and_have_empty_mandatory(java.lang.String)&amp#27;[0m
      &amp#27;[31morg.openqa.selenium.NoSuchWindowException: no such window: target window already closed
from unknown error: web view not found
  (Session info: chrome=92.0.4515.131)
Build info: version: '3.141.59', revision: 'e82be7d358', time: '2018-11-14T08:17:03'
System info: host: 'ITTIQ13R', ip: '192.168.137.1', os.name: 'Windows 10', os.arch: 'amd64', os.version: '10.0', java.version: '11.0.11'
Driver info: org.openqa.selenium.chrome.ChromeDriver
Capabilities {acceptInsecureCerts: false, browserName: chrome, browserVersion: 92.0.4515.131, chrome: {chromedriverVersion: 92.0.4515.107 (87a818b10553..., userDataDir: C:\Users\V19ANA~1\AppData\L...}, goog:chromeOptions: {debuggerAddress: localhost:57167}, javascriptEnabled: true, networkConnectionEnabled: false, pageLoadStrategy: normal, platform: WINDOWS, platformName: WINDOWS, proxy: Proxy(), setWindowRect: true, strictFileInteractability: false, timeouts: {implicit: 0, pageLoad: 300000, script: 30000}, unhandledPromptBehavior: dismiss and notify, webauthn:extension:credBlob: true, webauthn:extension:largeBlob: true, webauthn:virtualAuthenticators: true}
Session ID: cf13b4aeb06e70748595de8fe43867ae
	at java.base/jdk.internal.reflect.NativeConstructorAccessorImpl.newInstance0(Native Method)
	at java.base/jdk.internal.reflect.NativeConstructorAccessorImpl.newInstance(NativeConstructorAccessorImpl.java:62)
	at java.base/jdk.internal.reflect.DelegatingConstructorAccessorImpl.newInstance(DelegatingConstructorAccessorImpl.java:45)
	at java.base/java.lang.reflect.Constructor.newInstance(Constructor.java:490)
	at org.openqa.selenium.remote.http.W3CHttpResponseCodec.createException(W3CHttpResponseCodec.java:187)
	at org.openqa.selenium.remote.http.W3CHttpResponseCodec.decode(W3CHttpResponseCodec.java:122)
	at org.openqa.selenium.remote.http.W3CHttpResponseCodec.decode(W3CHttpResponseCodec.java:49)
	at org.openqa.selenium.remote.HttpCommandExecutor.execute(HttpCommandExecutor.java:158)
	at org.openqa.selenium.remote.service.DriverCommandExecutor.execute(DriverCommandExecutor.java:83)
	at org.openqa.selenium.remote.RemoteWebDriver.execute(RemoteWebDriver.java:552)
	at org.openqa.selenium.remote.RemoteWebDriver.get(RemoteWebDriver.java:277)
	at utilities.TestBase.openWebsite(TestBase.java:65)
	at stepDef.AccountCreationSteps.open_automation_practic_website_and_have_empty_mandatory(AccountCreationSteps.java:48)
	at âœ½.open automation practic website and have empty mandatory "alias"(file:///D:/Ahmed%20Nagiub/AutomationPractice/src/test/java/features/accountCreation.feature:19)
&amp#27;[0m
  &amp#27;[36mWhen &amp#27;[0m&amp#27;[36mclick sign in&amp#27;[0m                                                                                                                                   &amp#27;[90m# stepDef.AccountCreationSteps.click_sign_in()&amp#27;[0m
  &amp#27;[36mAnd &amp#27;[0m&amp#27;[36mwrite email address with value "&amp#27;[0m&amp#27;[36m&amp#27;[1mtest2@moakt.cc&amp#27;[0m&amp#27;[36m"&amp#27;[0m                                                                                                  &amp#27;[90m# stepDef.AccountCreationSteps.write_email_address_with_value(java.lang.String)&amp#27;[0m
  &amp#27;[36mAnd &amp#27;[0m&amp#27;[36mpress create an account&amp#27;[0m                                                                                                                          &amp#27;[90m# stepDef.ProductOrderSteps.press_create_an_account()&amp#27;[0m
  &amp#27;[36mAnd &amp#27;[0m&amp#27;[36mwrite "&amp#27;[0m&amp#27;[36m&amp#27;[1mAutomation&amp#27;[0m&amp#27;[36m", "&amp#27;[0m&amp#27;[36m&amp#27;[1mTester&amp#27;[0m&amp#27;[36m", "&amp#27;[0m&amp#27;[36m&amp#27;[1mTest@123&amp#27;[0m&amp#27;[36m", "&amp#27;[0m&amp#27;[36m&amp#27;[1mTestingAddress&amp#27;[0m&amp#27;[36m", "&amp#27;[0m&amp#27;[36m&amp#27;[1mSan Diago&amp#27;[0m&amp#27;[36m", "&amp#27;[0m&amp#27;[36m&amp#27;[1mCalifornia&amp#27;[0m&amp#27;[36m", "&amp#27;[0m&amp#27;[36m&amp#27;[1m91911&amp#27;[0m&amp#27;[36m", "&amp#27;[0m&amp#27;[36m&amp#27;[1m01011111111&amp#27;[0m&amp#27;[36m" while one "&amp#27;[0m&amp#27;[36m&amp#27;[1malias&amp#27;[0m&amp#27;[36m" of them is empty&amp#27;[0m &amp#27;[90m# stepDef.AccountCreationSteps.write_while_one_of_them_is_empty(java.lang.String,java.lang.String,java.lang.String,java.lang.String,java.lang.String,java.lang.String,java.lang.String,java.lang.String,java.lang.String)&amp#27;[0m
  &amp#27;[36mAnd &amp#27;[0m&amp#27;[36mclick Register&amp#27;[0m                                                                                                                                   &amp#27;[90m# stepDef.ProductOrderSteps.click_register()&amp#27;[0m
  &amp#27;[36mThen &amp#27;[0m&amp#27;[36mvalidate on page "&amp#27;[0m&amp#27;[36m&amp#27;[1malias&amp#27;[0m&amp#27;[36m" according to the empty "&amp#27;[0m&amp#27;[36m&amp#27;[1malias&amp#27;[0m&amp#27;[36m"&amp#27;[0m                                                                                         &amp#27;[90m# stepDef.AccountCreationSteps.validate_on_page_according_to_the_empty(java.lang.String,java.lang.String)&amp#27;[0m
]]></system-out>
  </testcase>
  <testcase name="runScenario" classname="testRunner.AccountCreationRunner" time="0.105">
    <failure message="no such window: target window already closed&#10;from unknown error: web view not found&#10;  (Session info: chrome=92.0.4515.131)&#10;Build info: version: &apos;3.141.59&apos;, revision: &apos;e82be7d358&apos;, time: &apos;2018-11-14T08:17:03&apos;&#10;System info: host: &apos;ITTIQ13R&apos;, ip: &apos;192.168.137.1&apos;, os.name: &apos;Windows 10&apos;, os.arch: &apos;amd64&apos;, os.version: &apos;10.0&apos;, java.version: &apos;11.0.11&apos;&#10;Driver info: org.openqa.selenium.chrome.ChromeDriver&#10;Capabilities {acceptInsecureCerts: false, browserName: chrome, browserVersion: 92.0.4515.131, chrome: {chromedriverVersion: 92.0.4515.107 (87a818b10553..., userDataDir: C:\Users\V19ANA~1\AppData\L...}, goog:chromeOptions: {debuggerAddress: localhost:57167}, javascriptEnabled: true, networkConnectionEnabled: false, pageLoadStrategy: normal, platform: WINDOWS, platformName: WINDOWS, proxy: Proxy(), setWindowRect: true, strictFileInteractability: false, timeouts: {implicit: 0, pageLoad: 300000, script: 30000}, unhandledPromptBehavior: dismiss and notify, webauthn:extension:credBlob: true, webauthn:extension:largeBlob: true, webauthn:virtualAuthenticators: true}&#10;Session ID: cf13b4aeb06e70748595de8fe43867ae" type="org.openqa.selenium.NoSuchWindowException">org.openqa.selenium.NoSuchWindowException: 
no such window: target window already closed
from unknown error: web view not found
  (Session info: chrome=92.0.4515.131)
Build info: version: '3.141.59', revision: 'e82be7d358', time: '2018-11-14T08:17:03'
System info: host: 'ITTIQ13R', ip: '192.168.137.1', os.name: 'Windows 10', os.arch: 'amd64', os.version: '10.0', java.version: '11.0.11'
Driver info: org.openqa.selenium.chrome.ChromeDriver
Capabilities {acceptInsecureCerts: false, browserName: chrome, browserVersion: 92.0.4515.131, chrome: {chromedriverVersion: 92.0.4515.107 (87a818b10553..., userDataDir: C:\Users\V19ANA~1\AppData\L...}, goog:chromeOptions: {debuggerAddress: localhost:57167}, javascriptEnabled: true, networkConnectionEnabled: false, pageLoadStrategy: normal, platform: WINDOWS, platformName: WINDOWS, proxy: Proxy(), setWindowRect: true, strictFileInteractability: false, timeouts: {implicit: 0, pageLoad: 300000, script: 30000}, unhandledPromptBehavior: dismiss and notify, webauthn:extension:credBlob: true, webauthn:extension:largeBlob: true, webauthn:virtualAuthenticators: true}
Session ID: cf13b4aeb06e70748595de8fe43867ae
</failure>
    <system-out><![CDATA[
Scenario Outline: Validate that we can not register using invalid field                                                                                         &amp#27;[90m# src/test/java/features/accountCreation.feature:51&amp#27;[0m
  &amp#27;[31mGiven &amp#27;[0m&amp#27;[31mopen automation practic website and we have invalid "&amp#27;[0m&amp#27;[31m&amp#27;[1mpassword&amp#27;[0m&amp#27;[31m"&amp#27;[0m                                                                                          &amp#27;[90m# stepDef.AccountCreationSteps.open_automation_practic_website(java.lang.String)&amp#27;[0m
      &amp#27;[31morg.openqa.selenium.NoSuchWindowException: no such window: target window already closed
from unknown error: web view not found
  (Session info: chrome=92.0.4515.131)
Build info: version: '3.141.59', revision: 'e82be7d358', time: '2018-11-14T08:17:03'
System info: host: 'ITTIQ13R', ip: '192.168.137.1', os.name: 'Windows 10', os.arch: 'amd64', os.version: '10.0', java.version: '11.0.11'
Driver info: org.openqa.selenium.chrome.ChromeDriver
Capabilities {acceptInsecureCerts: false, browserName: chrome, browserVersion: 92.0.4515.131, chrome: {chromedriverVersion: 92.0.4515.107 (87a818b10553..., userDataDir: C:\Users\V19ANA~1\AppData\L...}, goog:chromeOptions: {debuggerAddress: localhost:57167}, javascriptEnabled: true, networkConnectionEnabled: false, pageLoadStrategy: normal, platform: WINDOWS, platformName: WINDOWS, proxy: Proxy(), setWindowRect: true, strictFileInteractability: false, timeouts: {implicit: 0, pageLoad: 300000, script: 30000}, unhandledPromptBehavior: dismiss and notify, webauthn:extension:credBlob: true, webauthn:extension:largeBlob: true, webauthn:virtualAuthenticators: true}
Session ID: cf13b4aeb06e70748595de8fe43867ae
	at java.base/jdk.internal.reflect.NativeConstructorAccessorImpl.newInstance0(Native Method)
	at java.base/jdk.internal.reflect.NativeConstructorAccessorImpl.newInstance(NativeConstructorAccessorImpl.java:62)
	at java.base/jdk.internal.reflect.DelegatingConstructorAccessorImpl.newInstance(DelegatingConstructorAccessorImpl.java:45)
	at java.base/java.lang.reflect.Constructor.newInstance(Constructor.java:490)
	at org.openqa.selenium.remote.http.W3CHttpResponseCodec.createException(W3CHttpResponseCodec.java:187)
	at org.openqa.selenium.remote.http.W3CHttpResponseCodec.decode(W3CHttpResponseCodec.java:122)
	at org.openqa.selenium.remote.http.W3CHttpResponseCodec.decode(W3CHttpResponseCodec.java:49)
	at org.openqa.selenium.remote.HttpCommandExecutor.execute(HttpCommandExecutor.java:158)
	at org.openqa.selenium.remote.service.DriverCommandExecutor.execute(DriverCommandExecutor.java:83)
	at org.openqa.selenium.remote.RemoteWebDriver.execute(RemoteWebDriver.java:552)
	at org.openqa.selenium.remote.RemoteWebDriver.get(RemoteWebDriver.java:277)
	at utilities.TestBase.openWebsite(TestBase.java:65)
	at stepDef.AccountCreationSteps.open_automation_practic_website(AccountCreationSteps.java:94)
	at âœ½.open automation practic website and we have invalid "password"(file:///D:/Ahmed%20Nagiub/AutomationPractice/src/test/java/features/accountCreation.feature:41)
&amp#27;[0m
  &amp#27;[36mWhen &amp#27;[0m&amp#27;[36mclick sign in&amp#27;[0m                                                                                                                                            &amp#27;[90m# stepDef.AccountCreationSteps.click_sign_in()&amp#27;[0m
  &amp#27;[36mAnd &amp#27;[0m&amp#27;[36mwrite email address with value "&amp#27;[0m&amp#27;[36m&amp#27;[1mtest2@moakt.cc&amp#27;[0m&amp#27;[36m"&amp#27;[0m                                                                                                           &amp#27;[90m# stepDef.AccountCreationSteps.write_email_address_with_value(java.lang.String)&amp#27;[0m
  &amp#27;[36mAnd &amp#27;[0m&amp#27;[36mpress create an account&amp#27;[0m                                                                                                                                   &amp#27;[90m# stepDef.ProductOrderSteps.press_create_an_account()&amp#27;[0m
  &amp#27;[36mAnd &amp#27;[0m&amp#27;[36mwrite "&amp#27;[0m&amp#27;[36m&amp#27;[1mAutomation&amp#27;[0m&amp#27;[36m", "&amp#27;[0m&amp#27;[36m&amp#27;[1mTester&amp#27;[0m&amp#27;[36m", "&amp#27;[0m&amp#27;[36m&amp#27;[1mTest&amp#27;[0m&amp#27;[36m", "&amp#27;[0m&amp#27;[36m&amp#27;[1mTestingAddress&amp#27;[0m&amp#27;[36m", "&amp#27;[0m&amp#27;[36m&amp#27;[1mSan Diago&amp#27;[0m&amp#27;[36m", "&amp#27;[0m&amp#27;[36m&amp#27;[1mCalifornia&amp#27;[0m&amp#27;[36m", "&amp#27;[0m&amp#27;[36m&amp#27;[1m91911&amp#27;[0m&amp#27;[36m", "&amp#27;[0m&amp#27;[36m&amp#27;[1m01011111111&amp#27;[0m&amp#27;[36m", "&amp#27;[0m&amp#27;[36m&amp#27;[1m1&amp#27;[0m&amp#27;[36m", "&amp#27;[0m&amp#27;[36m&amp#27;[1mJabuary&amp#27;[0m&amp#27;[36m", "&amp#27;[0m&amp#27;[36m&amp#27;[1m2020&amp#27;[0m&amp#27;[36m" with invalid "&amp#27;[0m&amp#27;[36m&amp#27;[1mpassword&amp#27;[0m&amp#27;[36m"&amp#27;[0m &amp#27;[90m# stepDef.AccountCreationSteps.write_invalid(java.lang.String,java.lang.String,java.lang.String,java.lang.String,java.lang.String,java.lang.String,java.lang.String,java.lang.String,java.lang.String,java.lang.String,java.lang.String,java.lang.String)&amp#27;[0m
  &amp#27;[36mAnd &amp#27;[0m&amp#27;[36mclick Register&amp#27;[0m                                                                                                                                            &amp#27;[90m# stepDef.ProductOrderSteps.click_register()&amp#27;[0m
  &amp#27;[36mThen &amp#27;[0m&amp#27;[36mvalidate on page "&amp#27;[0m&amp#27;[36m&amp#27;[1mpasswd&amp#27;[0m&amp#27;[36m" according to the invalid "&amp#27;[0m&amp#27;[36m&amp#27;[1mpassword&amp#27;[0m&amp#27;[36m"&amp#27;[0m                                                                                            &amp#27;[90m# stepDef.AccountCreationSteps.validate_on_page_according_to_the_invalid(java.lang.String,java.lang.String)&amp#27;[0m
]]></system-out>
  </testcase>
  <testcase name="runScenario" classname="testRunner.AccountCreationRunner" time="0.244">
    <failure message="no such window: target window already closed&#10;from unknown error: web view not found&#10;  (Session info: chrome=92.0.4515.131)&#10;Build info: version: &apos;3.141.59&apos;, revision: &apos;e82be7d358&apos;, time: &apos;2018-11-14T08:17:03&apos;&#10;System info: host: &apos;ITTIQ13R&apos;, ip: &apos;192.168.137.1&apos;, os.name: &apos;Windows 10&apos;, os.arch: &apos;amd64&apos;, os.version: &apos;10.0&apos;, java.version: &apos;11.0.11&apos;&#10;Driver info: org.openqa.selenium.chrome.ChromeDriver&#10;Capabilities {acceptInsecureCerts: false, browserName: chrome, browserVersion: 92.0.4515.131, chrome: {chromedriverVersion: 92.0.4515.107 (87a818b10553..., userDataDir: C:\Users\V19ANA~1\AppData\L...}, goog:chromeOptions: {debuggerAddress: localhost:57167}, javascriptEnabled: true, networkConnectionEnabled: false, pageLoadStrategy: normal, platform: WINDOWS, platformName: WINDOWS, proxy: Proxy(), setWindowRect: true, strictFileInteractability: false, timeouts: {implicit: 0, pageLoad: 300000, script: 30000}, unhandledPromptBehavior: dismiss and notify, webauthn:extension:credBlob: true, webauthn:extension:largeBlob: true, webauthn:virtualAuthenticators: true}&#10;Session ID: cf13b4aeb06e70748595de8fe43867ae" type="org.openqa.selenium.NoSuchWindowException">org.openqa.selenium.NoSuchWindowException: 
no such window: target window already closed
from unknown error: web view not found
  (Session info: chrome=92.0.4515.131)
Build info: version: '3.141.59', revision: 'e82be7d358', time: '2018-11-14T08:17:03'
System info: host: 'ITTIQ13R', ip: '192.168.137.1', os.name: 'Windows 10', os.arch: 'amd64', os.version: '10.0', java.version: '11.0.11'
Driver info: org.openqa.selenium.chrome.ChromeDriver
Capabilities {acceptInsecureCerts: false, browserName: chrome, browserVersion: 92.0.4515.131, chrome: {chromedriverVersion: 92.0.4515.107 (87a818b10553..., userDataDir: C:\Users\V19ANA~1\AppData\L...}, goog:chromeOptions: {debuggerAddress: localhost:57167}, javascriptEnabled: true, networkConnectionEnabled: false, pageLoadStrategy: normal, platform: WINDOWS, platformName: WINDOWS, proxy: Proxy(), setWindowRect: true, strictFileInteractability: false, timeouts: {implicit: 0, pageLoad: 300000, script: 30000}, unhandledPromptBehavior: dismiss and notify, webauthn:extension:credBlob: true, webauthn:extension:largeBlob: true, webauthn:virtualAuthenticators: true}
Session ID: cf13b4aeb06e70748595de8fe43867ae
</failure>
    <system-out><![CDATA[
Scenario Outline: Validate that we can not register using invalid field                                                                                                 &amp#27;[90m# src/test/java/features/accountCreation.feature:52&amp#27;[0m
  &amp#27;[31mGiven &amp#27;[0m&amp#27;[31mopen automation practic website and we have invalid "&amp#27;[0m&amp#27;[31m&amp#27;[1mbirthDate(incomplete)&amp#27;[0m&amp#27;[31m"&amp#27;[0m                                                                                     &amp#27;[90m# stepDef.AccountCreationSteps.open_automation_practic_website(java.lang.String)&amp#27;[0m
      &amp#27;[31morg.openqa.selenium.NoSuchWindowException: no such window: target window already closed
from unknown error: web view not found
  (Session info: chrome=92.0.4515.131)
Build info: version: '3.141.59', revision: 'e82be7d358', time: '2018-11-14T08:17:03'
System info: host: 'ITTIQ13R', ip: '192.168.137.1', os.name: 'Windows 10', os.arch: 'amd64', os.version: '10.0', java.version: '11.0.11'
Driver info: org.openqa.selenium.chrome.ChromeDriver
Capabilities {acceptInsecureCerts: false, browserName: chrome, browserVersion: 92.0.4515.131, chrome: {chromedriverVersion: 92.0.4515.107 (87a818b10553..., userDataDir: C:\Users\V19ANA~1\AppData\L...}, goog:chromeOptions: {debuggerAddress: localhost:57167}, javascriptEnabled: true, networkConnectionEnabled: false, pageLoadStrategy: normal, platform: WINDOWS, platformName: WINDOWS, proxy: Proxy(), setWindowRect: true, strictFileInteractability: false, timeouts: {implicit: 0, pageLoad: 300000, script: 30000}, unhandledPromptBehavior: dismiss and notify, webauthn:extension:credBlob: true, webauthn:extension:largeBlob: true, webauthn:virtualAuthenticators: true}
Session ID: cf13b4aeb06e70748595de8fe43867ae
	at jdk.internal.reflect.GeneratedConstructorAccessor12.newInstance(Unknown Source)
	at java.base/jdk.internal.reflect.DelegatingConstructorAccessorImpl.newInstance(DelegatingConstructorAccessorImpl.java:45)
	at java.base/java.lang.reflect.Constructor.newInstance(Constructor.java:490)
	at org.openqa.selenium.remote.http.W3CHttpResponseCodec.createException(W3CHttpResponseCodec.java:187)
	at org.openqa.selenium.remote.http.W3CHttpResponseCodec.decode(W3CHttpResponseCodec.java:122)
	at org.openqa.selenium.remote.http.W3CHttpResponseCodec.decode(W3CHttpResponseCodec.java:49)
	at org.openqa.selenium.remote.HttpCommandExecutor.execute(HttpCommandExecutor.java:158)
	at org.openqa.selenium.remote.service.DriverCommandExecutor.execute(DriverCommandExecutor.java:83)
	at org.openqa.selenium.remote.RemoteWebDriver.execute(RemoteWebDriver.java:552)
	at org.openqa.selenium.remote.RemoteWebDriver.get(RemoteWebDriver.java:277)
	at utilities.TestBase.openWebsite(TestBase.java:65)
	at stepDef.AccountCreationSteps.open_automation_practic_website(AccountCreationSteps.java:94)
	at âœ½.open automation practic website and we have invalid "birthDate(incomplete)"(file:///D:/Ahmed%20Nagiub/AutomationPractice/src/test/java/features/accountCreation.feature:41)
&amp#27;[0m
  &amp#27;[36mWhen &amp#27;[0m&amp#27;[36mclick sign in&amp#27;[0m                                                                                                                                                    &amp#27;[90m# stepDef.AccountCreationSteps.click_sign_in()&amp#27;[0m
  &amp#27;[36mAnd &amp#27;[0m&amp#27;[36mwrite email address with value "&amp#27;[0m&amp#27;[36m&amp#27;[1mtest2@moakt.cc&amp#27;[0m&amp#27;[36m"&amp#27;[0m                                                                                                                   &amp#27;[90m# stepDef.AccountCreationSteps.write_email_address_with_value(java.lang.String)&amp#27;[0m
  &amp#27;[36mAnd &amp#27;[0m&amp#27;[36mpress create an account&amp#27;[0m                                                                                                                                           &amp#27;[90m# stepDef.ProductOrderSteps.press_create_an_account()&amp#27;[0m
  &amp#27;[36mAnd &amp#27;[0m&amp#27;[36mwrite "&amp#27;[0m&amp#27;[36m&amp#27;[1mAutomation&amp#27;[0m&amp#27;[36m", "&amp#27;[0m&amp#27;[36m&amp#27;[1mTester&amp#27;[0m&amp#27;[36m", "&amp#27;[0m&amp#27;[36m&amp#27;[1mTest@1234&amp#27;[0m&amp#27;[36m", "&amp#27;[0m&amp#27;[36m&amp#27;[1mTestingAddress&amp#27;[0m&amp#27;[36m", "&amp#27;[0m&amp#27;[36m&amp#27;[1mSan Diago&amp#27;[0m&amp#27;[36m", "&amp#27;[0m&amp#27;[36m&amp#27;[1mCalifornia&amp#27;[0m&amp#27;[36m", "&amp#27;[0m&amp#27;[36m&amp#27;[1m91911&amp#27;[0m&amp#27;[36m", "&amp#27;[0m&amp#27;[36m&amp#27;[1m01011111111&amp#27;[0m&amp#27;[36m", "&amp#27;[0m&amp#27;[36m&amp#27;[1m31&amp#27;[0m&amp#27;[36m", "&amp#27;[0m&amp#27;[36m&amp#27;[1m&amp#27;[0m&amp#27;[36m", "&amp#27;[0m&amp#27;[36m&amp#27;[1m&amp#27;[0m&amp#27;[36m" with invalid "&amp#27;[0m&amp#27;[36m&amp#27;[1mbirthDate(incomplete)&amp#27;[0m&amp#27;[36m"&amp#27;[0m &amp#27;[90m# stepDef.AccountCreationSteps.write_invalid(java.lang.String,java.lang.String,java.lang.String,java.lang.String,java.lang.String,java.lang.String,java.lang.String,java.lang.String,java.lang.String,java.lang.String,java.lang.String,java.lang.String)&amp#27;[0m
  &amp#27;[36mAnd &amp#27;[0m&amp#27;[36mclick Register&amp#27;[0m                                                                                                                                                    &amp#27;[90m# stepDef.ProductOrderSteps.click_register()&amp#27;[0m
  &amp#27;[36mThen &amp#27;[0m&amp#27;[36mvalidate on page "&amp#27;[0m&amp#27;[36m&amp#27;[1mInvalid date of birth&amp#27;[0m&amp#27;[36m" according to the invalid "&amp#27;[0m&amp#27;[36m&amp#27;[1mbirthDate(incomplete)&amp#27;[0m&amp#27;[36m"&amp#27;[0m                                                                        &amp#27;[90m# stepDef.AccountCreationSteps.validate_on_page_according_to_the_invalid(java.lang.String,java.lang.String)&amp#27;[0m
]]></system-out>
  </testcase>
  <testcase name="runScenario" classname="testRunner.AccountCreationRunner" time="0.182">
    <failure message="no such window: target window already closed&#10;from unknown error: web view not found&#10;  (Session info: chrome=92.0.4515.131)&#10;Build info: version: &apos;3.141.59&apos;, revision: &apos;e82be7d358&apos;, time: &apos;2018-11-14T08:17:03&apos;&#10;System info: host: &apos;ITTIQ13R&apos;, ip: &apos;192.168.137.1&apos;, os.name: &apos;Windows 10&apos;, os.arch: &apos;amd64&apos;, os.version: &apos;10.0&apos;, java.version: &apos;11.0.11&apos;&#10;Driver info: org.openqa.selenium.chrome.ChromeDriver&#10;Capabilities {acceptInsecureCerts: false, browserName: chrome, browserVersion: 92.0.4515.131, chrome: {chromedriverVersion: 92.0.4515.107 (87a818b10553..., userDataDir: C:\Users\V19ANA~1\AppData\L...}, goog:chromeOptions: {debuggerAddress: localhost:57167}, javascriptEnabled: true, networkConnectionEnabled: false, pageLoadStrategy: normal, platform: WINDOWS, platformName: WINDOWS, proxy: Proxy(), setWindowRect: true, strictFileInteractability: false, timeouts: {implicit: 0, pageLoad: 300000, script: 30000}, unhandledPromptBehavior: dismiss and notify, webauthn:extension:credBlob: true, webauthn:extension:largeBlob: true, webauthn:virtualAuthenticators: true}&#10;Session ID: cf13b4aeb06e70748595de8fe43867ae" type="org.openqa.selenium.NoSuchWindowException">org.openqa.selenium.NoSuchWindowException: 
no such window: target window already closed
from unknown error: web view not found
  (Session info: chrome=92.0.4515.131)
Build info: version: '3.141.59', revision: 'e82be7d358', time: '2018-11-14T08:17:03'
System info: host: 'ITTIQ13R', ip: '192.168.137.1', os.name: 'Windows 10', os.arch: 'amd64', os.version: '10.0', java.version: '11.0.11'
Driver info: org.openqa.selenium.chrome.ChromeDriver
Capabilities {acceptInsecureCerts: false, browserName: chrome, browserVersion: 92.0.4515.131, chrome: {chromedriverVersion: 92.0.4515.107 (87a818b10553..., userDataDir: C:\Users\V19ANA~1\AppData\L...}, goog:chromeOptions: {debuggerAddress: localhost:57167}, javascriptEnabled: true, networkConnectionEnabled: false, pageLoadStrategy: normal, platform: WINDOWS, platformName: WINDOWS, proxy: Proxy(), setWindowRect: true, strictFileInteractability: false, timeouts: {implicit: 0, pageLoad: 300000, script: 30000}, unhandledPromptBehavior: dismiss and notify, webauthn:extension:credBlob: true, webauthn:extension:largeBlob: true, webauthn:virtualAuthenticators: true}
Session ID: cf13b4aeb06e70748595de8fe43867ae
</failure>
    <system-out><![CDATA[
Scenario Outline: Validate that we can not register using invalid field                                                                                                             &amp#27;[90m# src/test/java/features/accountCreation.feature:53&amp#27;[0m
  &amp#27;[31mGiven &amp#27;[0m&amp#27;[31mopen automation practic website and we have invalid "&amp#27;[0m&amp#27;[31m&amp#27;[1mbirthDate(futureDate)&amp#27;[0m&amp#27;[31m"&amp#27;[0m                                                                                                 &amp#27;[90m# stepDef.AccountCreationSteps.open_automation_practic_website(java.lang.String)&amp#27;[0m
      &amp#27;[31morg.openqa.selenium.NoSuchWindowException: no such window: target window already closed
from unknown error: web view not found
  (Session info: chrome=92.0.4515.131)
Build info: version: '3.141.59', revision: 'e82be7d358', time: '2018-11-14T08:17:03'
System info: host: 'ITTIQ13R', ip: '192.168.137.1', os.name: 'Windows 10', os.arch: 'amd64', os.version: '10.0', java.version: '11.0.11'
Driver info: org.openqa.selenium.chrome.ChromeDriver
Capabilities {acceptInsecureCerts: false, browserName: chrome, browserVersion: 92.0.4515.131, chrome: {chromedriverVersion: 92.0.4515.107 (87a818b10553..., userDataDir: C:\Users\V19ANA~1\AppData\L...}, goog:chromeOptions: {debuggerAddress: localhost:57167}, javascriptEnabled: true, networkConnectionEnabled: false, pageLoadStrategy: normal, platform: WINDOWS, platformName: WINDOWS, proxy: Proxy(), setWindowRect: true, strictFileInteractability: false, timeouts: {implicit: 0, pageLoad: 300000, script: 30000}, unhandledPromptBehavior: dismiss and notify, webauthn:extension:credBlob: true, webauthn:extension:largeBlob: true, webauthn:virtualAuthenticators: true}
Session ID: cf13b4aeb06e70748595de8fe43867ae
	at jdk.internal.reflect.GeneratedConstructorAccessor12.newInstance(Unknown Source)
	at java.base/jdk.internal.reflect.DelegatingConstructorAccessorImpl.newInstance(DelegatingConstructorAccessorImpl.java:45)
	at java.base/java.lang.reflect.Constructor.newInstance(Constructor.java:490)
	at org.openqa.selenium.remote.http.W3CHttpResponseCodec.createException(W3CHttpResponseCodec.java:187)
	at org.openqa.selenium.remote.http.W3CHttpResponseCodec.decode(W3CHttpResponseCodec.java:122)
	at org.openqa.selenium.remote.http.W3CHttpResponseCodec.decode(W3CHttpResponseCodec.java:49)
	at org.openqa.selenium.remote.HttpCommandExecutor.execute(HttpCommandExecutor.java:158)
	at org.openqa.selenium.remote.service.DriverCommandExecutor.execute(DriverCommandExecutor.java:83)
	at org.openqa.selenium.remote.RemoteWebDriver.execute(RemoteWebDriver.java:552)
	at org.openqa.selenium.remote.RemoteWebDriver.get(RemoteWebDriver.java:277)
	at utilities.TestBase.openWebsite(TestBase.java:65)
	at stepDef.AccountCreationSteps.open_automation_practic_website(AccountCreationSteps.java:94)
	at âœ½.open automation practic website and we have invalid "birthDate(futureDate)"(file:///D:/Ahmed%20Nagiub/AutomationPractice/src/test/java/features/accountCreation.feature:41)
&amp#27;[0m
  &amp#27;[36mWhen &amp#27;[0m&amp#27;[36mclick sign in&amp#27;[0m                                                                                                                                                                &amp#27;[90m# stepDef.AccountCreationSteps.click_sign_in()&amp#27;[0m
  &amp#27;[36mAnd &amp#27;[0m&amp#27;[36mwrite email address with value "&amp#27;[0m&amp#27;[36m&amp#27;[1mtest2@moakt.cc&amp#27;[0m&amp#27;[36m"&amp#27;[0m                                                                                                                               &amp#27;[90m# stepDef.AccountCreationSteps.write_email_address_with_value(java.lang.String)&amp#27;[0m
  &amp#27;[36mAnd &amp#27;[0m&amp#27;[36mpress create an account&amp#27;[0m                                                                                                                                                       &amp#27;[90m# stepDef.ProductOrderSteps.press_create_an_account()&amp#27;[0m
  &amp#27;[36mAnd &amp#27;[0m&amp#27;[36mwrite "&amp#27;[0m&amp#27;[36m&amp#27;[1mAutomation&amp#27;[0m&amp#27;[36m", "&amp#27;[0m&amp#27;[36m&amp#27;[1mTester&amp#27;[0m&amp#27;[36m", "&amp#27;[0m&amp#27;[36m&amp#27;[1mTest@1234&amp#27;[0m&amp#27;[36m", "&amp#27;[0m&amp#27;[36m&amp#27;[1mTestingAddress&amp#27;[0m&amp#27;[36m", "&amp#27;[0m&amp#27;[36m&amp#27;[1mSan Diago&amp#27;[0m&amp#27;[36m", "&amp#27;[0m&amp#27;[36m&amp#27;[1mCalifornia&amp#27;[0m&amp#27;[36m", "&amp#27;[0m&amp#27;[36m&amp#27;[1m91911&amp#27;[0m&amp#27;[36m", "&amp#27;[0m&amp#27;[36m&amp#27;[1m01011111111&amp#27;[0m&amp#27;[36m", "&amp#27;[0m&amp#27;[36m&amp#27;[1m31&amp#27;[0m&amp#27;[36m", "&amp#27;[0m&amp#27;[36m&amp#27;[1mDecember&amp#27;[0m&amp#27;[36m", "&amp#27;[0m&amp#27;[36m&amp#27;[1m2020&amp#27;[0m&amp#27;[36m" with invalid "&amp#27;[0m&amp#27;[36m&amp#27;[1mbirthDate(futureDate)&amp#27;[0m&amp#27;[36m"&amp#27;[0m &amp#27;[90m# stepDef.AccountCreationSteps.write_invalid(java.lang.String,java.lang.String,java.lang.String,java.lang.String,java.lang.String,java.lang.String,java.lang.String,java.lang.String,java.lang.String,java.lang.String,java.lang.String,java.lang.String)&amp#27;[0m
  &amp#27;[36mAnd &amp#27;[0m&amp#27;[36mclick Register&amp#27;[0m                                                                                                                                                                &amp#27;[90m# stepDef.ProductOrderSteps.click_register()&amp#27;[0m
  &amp#27;[36mThen &amp#27;[0m&amp#27;[36mvalidate on page "&amp#27;[0m&amp#27;[36m&amp#27;[1mInvalid date of birth&amp#27;[0m&amp#27;[36m" according to the invalid "&amp#27;[0m&amp#27;[36m&amp#27;[1mbirthDate(futureDate)&amp#27;[0m&amp#27;[36m"&amp#27;[0m                                                                                    &amp#27;[90m# stepDef.AccountCreationSteps.validate_on_page_according_to_the_invalid(java.lang.String,java.lang.String)&amp#27;[0m
]]></system-out>
  </testcase>
</testsuite>